[2024-09-22T11:04:25.315+0000] {processor.py:186} INFO - Started process (PID=107) to work on /home/airflow/.local/lib/python3.12/site-packages/airflow/example_dags/example_python_operator.py
[2024-09-22T11:04:25.318+0000] {processor.py:914} INFO - Processing file /home/airflow/.local/lib/python3.12/site-packages/airflow/example_dags/example_python_operator.py for tasks to queue
[2024-09-22T11:04:25.327+0000] {logging_mixin.py:190} INFO - [2024-09-22T11:04:25.324+0000] {dagbag.py:588} INFO - Filling up the DagBag from /home/airflow/.local/lib/python3.12/site-packages/airflow/example_dags/example_python_operator.py
[2024-09-22T11:04:25.489+0000] {processor.py:925} INFO - DAG(s) 'example_python_operator' retrieved from /home/airflow/.local/lib/python3.12/site-packages/airflow/example_dags/example_python_operator.py
[2024-09-22T11:04:26.127+0000] {logging_mixin.py:190} INFO - [2024-09-22T11:04:26.114+0000] {override.py:1900} INFO - Created Permission View: can read on DAG:example_python_operator
[2024-09-22T11:04:26.188+0000] {logging_mixin.py:190} INFO - [2024-09-22T11:04:26.185+0000] {override.py:1900} INFO - Created Permission View: can edit on DAG:example_python_operator
[2024-09-22T11:04:26.257+0000] {logging_mixin.py:190} INFO - [2024-09-22T11:04:26.257+0000] {override.py:1900} INFO - Created Permission View: can delete on DAG:example_python_operator
[2024-09-22T11:04:26.286+0000] {logging_mixin.py:190} INFO - [2024-09-22T11:04:26.285+0000] {override.py:1900} INFO - Created Permission View: can read on DAG Run:example_python_operator
[2024-09-22T11:04:26.304+0000] {logging_mixin.py:190} INFO - [2024-09-22T11:04:26.304+0000] {override.py:1900} INFO - Created Permission View: menu access on DAG Run:example_python_operator
[2024-09-22T11:04:26.310+0000] {logging_mixin.py:190} INFO - [2024-09-22T11:04:26.310+0000] {override.py:1900} INFO - Created Permission View: can create on DAG Run:example_python_operator
[2024-09-22T11:04:26.338+0000] {logging_mixin.py:190} INFO - [2024-09-22T11:04:26.336+0000] {override.py:1900} INFO - Created Permission View: can delete on DAG Run:example_python_operator
[2024-09-22T11:04:26.340+0000] {logging_mixin.py:190} INFO - [2024-09-22T11:04:26.340+0000] {dag.py:3239} INFO - Sync 1 DAGs
[2024-09-22T11:04:26.476+0000] {logging_mixin.py:190} INFO - [2024-09-22T11:04:26.475+0000] {dag.py:3262} INFO - Creating ORM DAG for example_python_operator
[2024-09-22T11:04:26.486+0000] {logging_mixin.py:190} INFO - [2024-09-22T11:04:26.484+0000] {dag.py:4180} INFO - Setting next_dagrun for example_python_operator to None, run_after=None
[2024-09-22T11:04:26.609+0000] {processor.py:208} INFO - Processing /home/airflow/.local/lib/python3.12/site-packages/airflow/example_dags/example_python_operator.py took 1.349 seconds
[2024-09-22T11:04:57.031+0000] {processor.py:186} INFO - Started process (PID=168) to work on /home/airflow/.local/lib/python3.12/site-packages/airflow/example_dags/example_python_operator.py
[2024-09-22T11:04:57.039+0000] {processor.py:914} INFO - Processing file /home/airflow/.local/lib/python3.12/site-packages/airflow/example_dags/example_python_operator.py for tasks to queue
[2024-09-22T11:04:57.067+0000] {logging_mixin.py:190} INFO - [2024-09-22T11:04:57.066+0000] {dagbag.py:588} INFO - Filling up the DagBag from /home/airflow/.local/lib/python3.12/site-packages/airflow/example_dags/example_python_operator.py
[2024-09-22T11:04:57.146+0000] {processor.py:925} INFO - DAG(s) 'example_python_operator' retrieved from /home/airflow/.local/lib/python3.12/site-packages/airflow/example_dags/example_python_operator.py
[2024-09-22T11:04:57.221+0000] {logging_mixin.py:190} INFO - [2024-09-22T11:04:57.220+0000] {dag.py:3239} INFO - Sync 1 DAGs
[2024-09-22T11:04:57.261+0000] {logging_mixin.py:190} INFO - [2024-09-22T11:04:57.260+0000] {dag.py:4180} INFO - Setting next_dagrun for example_python_operator to None, run_after=None
[2024-09-22T11:04:57.372+0000] {processor.py:208} INFO - Processing /home/airflow/.local/lib/python3.12/site-packages/airflow/example_dags/example_python_operator.py took 0.353 seconds
[2024-09-22T11:05:27.734+0000] {processor.py:186} INFO - Started process (PID=230) to work on /home/airflow/.local/lib/python3.12/site-packages/airflow/example_dags/example_python_operator.py
[2024-09-22T11:05:27.737+0000] {processor.py:914} INFO - Processing file /home/airflow/.local/lib/python3.12/site-packages/airflow/example_dags/example_python_operator.py for tasks to queue
[2024-09-22T11:05:27.742+0000] {logging_mixin.py:190} INFO - [2024-09-22T11:05:27.741+0000] {dagbag.py:588} INFO - Filling up the DagBag from /home/airflow/.local/lib/python3.12/site-packages/airflow/example_dags/example_python_operator.py
[2024-09-22T11:05:27.786+0000] {processor.py:925} INFO - DAG(s) 'example_python_operator' retrieved from /home/airflow/.local/lib/python3.12/site-packages/airflow/example_dags/example_python_operator.py
[2024-09-22T11:05:27.826+0000] {logging_mixin.py:190} INFO - [2024-09-22T11:05:27.826+0000] {dag.py:3239} INFO - Sync 1 DAGs
[2024-09-22T11:05:27.864+0000] {logging_mixin.py:190} INFO - [2024-09-22T11:05:27.864+0000] {dag.py:4180} INFO - Setting next_dagrun for example_python_operator to None, run_after=None
[2024-09-22T11:05:27.938+0000] {processor.py:208} INFO - Processing /home/airflow/.local/lib/python3.12/site-packages/airflow/example_dags/example_python_operator.py took 0.220 seconds
[2024-09-22T11:05:58.248+0000] {processor.py:186} INFO - Started process (PID=292) to work on /home/airflow/.local/lib/python3.12/site-packages/airflow/example_dags/example_python_operator.py
[2024-09-22T11:05:58.251+0000] {processor.py:914} INFO - Processing file /home/airflow/.local/lib/python3.12/site-packages/airflow/example_dags/example_python_operator.py for tasks to queue
[2024-09-22T11:05:58.253+0000] {logging_mixin.py:190} INFO - [2024-09-22T11:05:58.253+0000] {dagbag.py:588} INFO - Filling up the DagBag from /home/airflow/.local/lib/python3.12/site-packages/airflow/example_dags/example_python_operator.py
[2024-09-22T11:05:58.293+0000] {processor.py:925} INFO - DAG(s) 'example_python_operator' retrieved from /home/airflow/.local/lib/python3.12/site-packages/airflow/example_dags/example_python_operator.py
[2024-09-22T11:05:58.331+0000] {logging_mixin.py:190} INFO - [2024-09-22T11:05:58.331+0000] {dag.py:3239} INFO - Sync 1 DAGs
[2024-09-22T11:05:58.365+0000] {logging_mixin.py:190} INFO - [2024-09-22T11:05:58.365+0000] {dag.py:4180} INFO - Setting next_dagrun for example_python_operator to None, run_after=None
[2024-09-22T11:05:58.498+0000] {processor.py:208} INFO - Processing /home/airflow/.local/lib/python3.12/site-packages/airflow/example_dags/example_python_operator.py took 0.260 seconds
[2024-09-22T11:06:28.932+0000] {processor.py:186} INFO - Started process (PID=354) to work on /home/airflow/.local/lib/python3.12/site-packages/airflow/example_dags/example_python_operator.py
[2024-09-22T11:06:28.935+0000] {processor.py:914} INFO - Processing file /home/airflow/.local/lib/python3.12/site-packages/airflow/example_dags/example_python_operator.py for tasks to queue
[2024-09-22T11:06:28.942+0000] {logging_mixin.py:190} INFO - [2024-09-22T11:06:28.941+0000] {dagbag.py:588} INFO - Filling up the DagBag from /home/airflow/.local/lib/python3.12/site-packages/airflow/example_dags/example_python_operator.py
[2024-09-22T11:06:28.999+0000] {processor.py:925} INFO - DAG(s) 'example_python_operator' retrieved from /home/airflow/.local/lib/python3.12/site-packages/airflow/example_dags/example_python_operator.py
[2024-09-22T11:06:29.049+0000] {logging_mixin.py:190} INFO - [2024-09-22T11:06:29.049+0000] {dag.py:3239} INFO - Sync 1 DAGs
[2024-09-22T11:06:29.070+0000] {logging_mixin.py:190} INFO - [2024-09-22T11:06:29.070+0000] {dag.py:4180} INFO - Setting next_dagrun for example_python_operator to None, run_after=None
[2024-09-22T11:06:29.104+0000] {processor.py:208} INFO - Processing /home/airflow/.local/lib/python3.12/site-packages/airflow/example_dags/example_python_operator.py took 0.190 seconds
[2024-09-22T11:07:15.541+0000] {processor.py:186} INFO - Started process (PID=416) to work on /home/airflow/.local/lib/python3.12/site-packages/airflow/example_dags/example_python_operator.py
[2024-09-22T11:07:15.547+0000] {processor.py:914} INFO - Processing file /home/airflow/.local/lib/python3.12/site-packages/airflow/example_dags/example_python_operator.py for tasks to queue
[2024-09-22T11:07:15.566+0000] {logging_mixin.py:190} INFO - [2024-09-22T11:07:15.560+0000] {dagbag.py:588} INFO - Filling up the DagBag from /home/airflow/.local/lib/python3.12/site-packages/airflow/example_dags/example_python_operator.py
[2024-09-22T11:07:15.591+0000] {processor.py:925} INFO - DAG(s) 'example_python_operator' retrieved from /home/airflow/.local/lib/python3.12/site-packages/airflow/example_dags/example_python_operator.py
[2024-09-22T11:07:15.623+0000] {logging_mixin.py:190} INFO - [2024-09-22T11:07:15.623+0000] {dag.py:3239} INFO - Sync 1 DAGs
[2024-09-22T11:07:15.642+0000] {logging_mixin.py:190} INFO - [2024-09-22T11:07:15.642+0000] {dag.py:4180} INFO - Setting next_dagrun for example_python_operator to None, run_after=None
[2024-09-22T11:07:15.681+0000] {processor.py:208} INFO - Processing /home/airflow/.local/lib/python3.12/site-packages/airflow/example_dags/example_python_operator.py took 0.149 seconds
