[2024-09-22T11:03:44.509+0000] {processor.py:186} INFO - Started process (PID=77) to work on /home/airflow/.local/lib/python3.12/site-packages/airflow/example_dags/example_branch_labels.py
[2024-09-22T11:03:44.525+0000] {processor.py:914} INFO - Processing file /home/airflow/.local/lib/python3.12/site-packages/airflow/example_dags/example_branch_labels.py for tasks to queue
[2024-09-22T11:03:44.575+0000] {logging_mixin.py:190} INFO - [2024-09-22T11:03:44.571+0000] {dagbag.py:588} INFO - Filling up the DagBag from /home/airflow/.local/lib/python3.12/site-packages/airflow/example_dags/example_branch_labels.py
[2024-09-22T11:03:45.209+0000] {processor.py:925} INFO - DAG(s) 'example_branch_labels' retrieved from /home/airflow/.local/lib/python3.12/site-packages/airflow/example_dags/example_branch_labels.py
[2024-09-22T11:03:47.315+0000] {logging_mixin.py:190} INFO - [2024-09-22T11:03:47.225+0000] {override.py:1900} INFO - Created Permission View: can read on DAG:example_branch_labels
[2024-09-22T11:03:47.405+0000] {logging_mixin.py:190} INFO - [2024-09-22T11:03:47.404+0000] {override.py:1900} INFO - Created Permission View: can edit on DAG:example_branch_labels
[2024-09-22T11:03:47.426+0000] {logging_mixin.py:190} INFO - [2024-09-22T11:03:47.426+0000] {override.py:1900} INFO - Created Permission View: can delete on DAG:example_branch_labels
[2024-09-22T11:03:47.503+0000] {logging_mixin.py:190} INFO - [2024-09-22T11:03:47.502+0000] {override.py:1900} INFO - Created Permission View: can read on DAG Run:example_branch_labels
[2024-09-22T11:03:47.763+0000] {logging_mixin.py:190} INFO - [2024-09-22T11:03:47.726+0000] {override.py:1900} INFO - Created Permission View: menu access on DAG Run:example_branch_labels
[2024-09-22T11:03:47.861+0000] {logging_mixin.py:190} INFO - [2024-09-22T11:03:47.860+0000] {override.py:1900} INFO - Created Permission View: can create on DAG Run:example_branch_labels
[2024-09-22T11:03:47.923+0000] {logging_mixin.py:190} INFO - [2024-09-22T11:03:47.922+0000] {override.py:1900} INFO - Created Permission View: can delete on DAG Run:example_branch_labels
[2024-09-22T11:03:47.940+0000] {logging_mixin.py:190} INFO - [2024-09-22T11:03:47.939+0000] {dag.py:3239} INFO - Sync 1 DAGs
[2024-09-22T11:03:48.438+0000] {logging_mixin.py:190} INFO - [2024-09-22T11:03:48.437+0000] {dag.py:3262} INFO - Creating ORM DAG for example_branch_labels
[2024-09-22T11:03:48.782+0000] {logging_mixin.py:190} INFO - [2024-09-22T11:03:48.782+0000] {dag.py:4180} INFO - Setting next_dagrun for example_branch_labels to 2024-09-21 00:00:00+00:00, run_after=2024-09-22 00:00:00+00:00
[2024-09-22T11:03:48.981+0000] {processor.py:208} INFO - Processing /home/airflow/.local/lib/python3.12/site-packages/airflow/example_dags/example_branch_labels.py took 4.626 seconds
[2024-09-22T11:04:44.888+0000] {processor.py:186} INFO - Started process (PID=139) to work on /home/airflow/.local/lib/python3.12/site-packages/airflow/example_dags/example_branch_labels.py
[2024-09-22T11:04:44.894+0000] {processor.py:914} INFO - Processing file /home/airflow/.local/lib/python3.12/site-packages/airflow/example_dags/example_branch_labels.py for tasks to queue
[2024-09-22T11:04:44.905+0000] {logging_mixin.py:190} INFO - [2024-09-22T11:04:44.904+0000] {dagbag.py:588} INFO - Filling up the DagBag from /home/airflow/.local/lib/python3.12/site-packages/airflow/example_dags/example_branch_labels.py
[2024-09-22T11:04:44.952+0000] {processor.py:925} INFO - DAG(s) 'example_branch_labels' retrieved from /home/airflow/.local/lib/python3.12/site-packages/airflow/example_dags/example_branch_labels.py
[2024-09-22T11:04:45.060+0000] {logging_mixin.py:190} INFO - [2024-09-22T11:04:45.060+0000] {dag.py:3239} INFO - Sync 1 DAGs
[2024-09-22T11:04:45.165+0000] {logging_mixin.py:190} INFO - [2024-09-22T11:04:45.164+0000] {dag.py:4180} INFO - Setting next_dagrun for example_branch_labels to 2024-09-21 00:00:00+00:00, run_after=2024-09-22 00:00:00+00:00
[2024-09-22T11:04:45.204+0000] {processor.py:208} INFO - Processing /home/airflow/.local/lib/python3.12/site-packages/airflow/example_dags/example_branch_labels.py took 0.340 seconds
[2024-09-22T11:05:16.094+0000] {processor.py:186} INFO - Started process (PID=200) to work on /home/airflow/.local/lib/python3.12/site-packages/airflow/example_dags/example_branch_labels.py
[2024-09-22T11:05:16.096+0000] {processor.py:914} INFO - Processing file /home/airflow/.local/lib/python3.12/site-packages/airflow/example_dags/example_branch_labels.py for tasks to queue
[2024-09-22T11:05:16.099+0000] {logging_mixin.py:190} INFO - [2024-09-22T11:05:16.098+0000] {dagbag.py:588} INFO - Filling up the DagBag from /home/airflow/.local/lib/python3.12/site-packages/airflow/example_dags/example_branch_labels.py
[2024-09-22T11:05:16.118+0000] {processor.py:925} INFO - DAG(s) 'example_branch_labels' retrieved from /home/airflow/.local/lib/python3.12/site-packages/airflow/example_dags/example_branch_labels.py
[2024-09-22T11:05:16.166+0000] {logging_mixin.py:190} INFO - [2024-09-22T11:05:16.165+0000] {dag.py:3239} INFO - Sync 1 DAGs
[2024-09-22T11:05:16.206+0000] {logging_mixin.py:190} INFO - [2024-09-22T11:05:16.205+0000] {dag.py:4180} INFO - Setting next_dagrun for example_branch_labels to 2024-09-21 00:00:00+00:00, run_after=2024-09-22 00:00:00+00:00
[2024-09-22T11:05:16.236+0000] {processor.py:208} INFO - Processing /home/airflow/.local/lib/python3.12/site-packages/airflow/example_dags/example_branch_labels.py took 0.150 seconds
[2024-09-22T11:05:46.547+0000] {processor.py:186} INFO - Started process (PID=262) to work on /home/airflow/.local/lib/python3.12/site-packages/airflow/example_dags/example_branch_labels.py
[2024-09-22T11:05:46.551+0000] {processor.py:914} INFO - Processing file /home/airflow/.local/lib/python3.12/site-packages/airflow/example_dags/example_branch_labels.py for tasks to queue
[2024-09-22T11:05:46.559+0000] {logging_mixin.py:190} INFO - [2024-09-22T11:05:46.559+0000] {dagbag.py:588} INFO - Filling up the DagBag from /home/airflow/.local/lib/python3.12/site-packages/airflow/example_dags/example_branch_labels.py
[2024-09-22T11:05:46.578+0000] {processor.py:925} INFO - DAG(s) 'example_branch_labels' retrieved from /home/airflow/.local/lib/python3.12/site-packages/airflow/example_dags/example_branch_labels.py
[2024-09-22T11:05:46.639+0000] {logging_mixin.py:190} INFO - [2024-09-22T11:05:46.638+0000] {dag.py:3239} INFO - Sync 1 DAGs
[2024-09-22T11:05:46.672+0000] {logging_mixin.py:190} INFO - [2024-09-22T11:05:46.672+0000] {dag.py:4180} INFO - Setting next_dagrun for example_branch_labels to 2024-09-21 00:00:00+00:00, run_after=2024-09-22 00:00:00+00:00
[2024-09-22T11:05:46.743+0000] {processor.py:208} INFO - Processing /home/airflow/.local/lib/python3.12/site-packages/airflow/example_dags/example_branch_labels.py took 0.205 seconds
[2024-09-22T11:06:18.062+0000] {processor.py:186} INFO - Started process (PID=324) to work on /home/airflow/.local/lib/python3.12/site-packages/airflow/example_dags/example_branch_labels.py
[2024-09-22T11:06:18.066+0000] {processor.py:914} INFO - Processing file /home/airflow/.local/lib/python3.12/site-packages/airflow/example_dags/example_branch_labels.py for tasks to queue
[2024-09-22T11:06:18.071+0000] {logging_mixin.py:190} INFO - [2024-09-22T11:06:18.070+0000] {dagbag.py:588} INFO - Filling up the DagBag from /home/airflow/.local/lib/python3.12/site-packages/airflow/example_dags/example_branch_labels.py
[2024-09-22T11:06:18.117+0000] {processor.py:925} INFO - DAG(s) 'example_branch_labels' retrieved from /home/airflow/.local/lib/python3.12/site-packages/airflow/example_dags/example_branch_labels.py
[2024-09-22T11:06:18.201+0000] {logging_mixin.py:190} INFO - [2024-09-22T11:06:18.200+0000] {dag.py:3239} INFO - Sync 1 DAGs
[2024-09-22T11:06:18.326+0000] {logging_mixin.py:190} INFO - [2024-09-22T11:06:18.325+0000] {dag.py:4180} INFO - Setting next_dagrun for example_branch_labels to 2024-09-21 00:00:00+00:00, run_after=2024-09-22 00:00:00+00:00
[2024-09-22T11:06:18.499+0000] {processor.py:208} INFO - Processing /home/airflow/.local/lib/python3.12/site-packages/airflow/example_dags/example_branch_labels.py took 0.448 seconds
[2024-09-22T11:06:59.303+0000] {processor.py:186} INFO - Started process (PID=392) to work on /home/airflow/.local/lib/python3.12/site-packages/airflow/example_dags/example_branch_labels.py
[2024-09-22T11:06:59.317+0000] {processor.py:914} INFO - Processing file /home/airflow/.local/lib/python3.12/site-packages/airflow/example_dags/example_branch_labels.py for tasks to queue
[2024-09-22T11:06:59.361+0000] {logging_mixin.py:190} INFO - [2024-09-22T11:06:59.359+0000] {dagbag.py:588} INFO - Filling up the DagBag from /home/airflow/.local/lib/python3.12/site-packages/airflow/example_dags/example_branch_labels.py
[2024-09-22T11:06:59.537+0000] {processor.py:925} INFO - DAG(s) 'example_branch_labels' retrieved from /home/airflow/.local/lib/python3.12/site-packages/airflow/example_dags/example_branch_labels.py
[2024-09-22T11:06:59.958+0000] {logging_mixin.py:190} INFO - [2024-09-22T11:06:59.953+0000] {dag.py:3239} INFO - Sync 1 DAGs
[2024-09-22T11:07:00.478+0000] {logging_mixin.py:190} INFO - [2024-09-22T11:07:00.465+0000] {dag.py:4180} INFO - Setting next_dagrun for example_branch_labels to 2024-09-21 00:00:00+00:00, run_after=2024-09-22 00:00:00+00:00
[2024-09-22T11:07:00.766+0000] {processor.py:208} INFO - Processing /home/airflow/.local/lib/python3.12/site-packages/airflow/example_dags/example_branch_labels.py took 1.500 seconds
[2024-09-22T11:07:32.061+0000] {processor.py:186} INFO - Started process (PID=453) to work on /home/airflow/.local/lib/python3.12/site-packages/airflow/example_dags/example_branch_labels.py
[2024-09-22T11:07:32.068+0000] {processor.py:914} INFO - Processing file /home/airflow/.local/lib/python3.12/site-packages/airflow/example_dags/example_branch_labels.py for tasks to queue
[2024-09-22T11:07:32.101+0000] {logging_mixin.py:190} INFO - [2024-09-22T11:07:32.093+0000] {dagbag.py:588} INFO - Filling up the DagBag from /home/airflow/.local/lib/python3.12/site-packages/airflow/example_dags/example_branch_labels.py
[2024-09-22T11:07:32.159+0000] {processor.py:925} INFO - DAG(s) 'example_branch_labels' retrieved from /home/airflow/.local/lib/python3.12/site-packages/airflow/example_dags/example_branch_labels.py
[2024-09-22T11:07:32.331+0000] {logging_mixin.py:190} INFO - [2024-09-22T11:07:32.330+0000] {dag.py:3239} INFO - Sync 1 DAGs
[2024-09-22T11:07:32.424+0000] {logging_mixin.py:190} INFO - [2024-09-22T11:07:32.423+0000] {dag.py:4180} INFO - Setting next_dagrun for example_branch_labels to 2024-09-21 00:00:00+00:00, run_after=2024-09-22 00:00:00+00:00
[2024-09-22T11:07:32.498+0000] {processor.py:208} INFO - Processing /home/airflow/.local/lib/python3.12/site-packages/airflow/example_dags/example_branch_labels.py took 0.509 seconds
