[2024-09-22T11:04:26.943+0000] {processor.py:186} INFO - Started process (PID=109) to work on /home/airflow/.local/lib/python3.12/site-packages/airflow/example_dags/example_workday_timetable.py
[2024-09-22T11:04:26.959+0000] {processor.py:914} INFO - Processing file /home/airflow/.local/lib/python3.12/site-packages/airflow/example_dags/example_workday_timetable.py for tasks to queue
[2024-09-22T11:04:27.010+0000] {logging_mixin.py:190} INFO - [2024-09-22T11:04:27.009+0000] {dagbag.py:588} INFO - Filling up the DagBag from /home/airflow/.local/lib/python3.12/site-packages/airflow/example_dags/example_workday_timetable.py
[2024-09-22T11:04:27.118+0000] {processor.py:925} INFO - DAG(s) 'example_workday_timetable' retrieved from /home/airflow/.local/lib/python3.12/site-packages/airflow/example_dags/example_workday_timetable.py
[2024-09-22T11:04:27.891+0000] {logging_mixin.py:190} INFO - [2024-09-22T11:04:27.864+0000] {override.py:1900} INFO - Created Permission View: can read on DAG:example_workday_timetable
[2024-09-22T11:04:27.926+0000] {logging_mixin.py:190} INFO - [2024-09-22T11:04:27.925+0000] {override.py:1900} INFO - Created Permission View: can edit on DAG:example_workday_timetable
[2024-09-22T11:04:27.958+0000] {logging_mixin.py:190} INFO - [2024-09-22T11:04:27.957+0000] {override.py:1900} INFO - Created Permission View: can delete on DAG:example_workday_timetable
[2024-09-22T11:04:27.996+0000] {logging_mixin.py:190} INFO - [2024-09-22T11:04:27.995+0000] {override.py:1900} INFO - Created Permission View: can read on DAG Run:example_workday_timetable
[2024-09-22T11:04:28.031+0000] {logging_mixin.py:190} INFO - [2024-09-22T11:04:28.029+0000] {override.py:1900} INFO - Created Permission View: menu access on DAG Run:example_workday_timetable
[2024-09-22T11:04:28.082+0000] {logging_mixin.py:190} INFO - [2024-09-22T11:04:28.082+0000] {override.py:1900} INFO - Created Permission View: can create on DAG Run:example_workday_timetable
[2024-09-22T11:04:28.167+0000] {logging_mixin.py:190} INFO - [2024-09-22T11:04:28.166+0000] {override.py:1900} INFO - Created Permission View: can delete on DAG Run:example_workday_timetable
[2024-09-22T11:04:28.176+0000] {logging_mixin.py:190} INFO - [2024-09-22T11:04:28.176+0000] {dag.py:3239} INFO - Sync 1 DAGs
[2024-09-22T11:04:28.353+0000] {logging_mixin.py:190} INFO - [2024-09-22T11:04:28.352+0000] {dag.py:3262} INFO - Creating ORM DAG for example_workday_timetable
[2024-09-22T11:04:30.907+0000] {logging_mixin.py:190} INFO - [2024-09-22T11:04:30.893+0000] {dag.py:4180} INFO - Setting next_dagrun for example_workday_timetable to 2021-01-04 00:00:00+00:00, run_after=2021-01-05 00:00:00+00:00
[2024-09-22T11:04:31.253+0000] {processor.py:208} INFO - Processing /home/airflow/.local/lib/python3.12/site-packages/airflow/example_dags/example_workday_timetable.py took 4.355 seconds
[2024-09-22T11:05:02.262+0000] {processor.py:186} INFO - Started process (PID=171) to work on /home/airflow/.local/lib/python3.12/site-packages/airflow/example_dags/example_workday_timetable.py
[2024-09-22T11:05:02.268+0000] {processor.py:914} INFO - Processing file /home/airflow/.local/lib/python3.12/site-packages/airflow/example_dags/example_workday_timetable.py for tasks to queue
[2024-09-22T11:05:02.291+0000] {logging_mixin.py:190} INFO - [2024-09-22T11:05:02.288+0000] {dagbag.py:588} INFO - Filling up the DagBag from /home/airflow/.local/lib/python3.12/site-packages/airflow/example_dags/example_workday_timetable.py
[2024-09-22T11:05:02.404+0000] {processor.py:925} INFO - DAG(s) 'example_workday_timetable' retrieved from /home/airflow/.local/lib/python3.12/site-packages/airflow/example_dags/example_workday_timetable.py
[2024-09-22T11:05:02.619+0000] {logging_mixin.py:190} INFO - [2024-09-22T11:05:02.617+0000] {dag.py:3239} INFO - Sync 1 DAGs
[2024-09-22T11:05:03.090+0000] {logging_mixin.py:190} INFO - [2024-09-22T11:05:03.089+0000] {dag.py:4180} INFO - Setting next_dagrun for example_workday_timetable to 2021-01-04 00:00:00+00:00, run_after=2021-01-05 00:00:00+00:00
[2024-09-22T11:05:03.258+0000] {processor.py:208} INFO - Processing /home/airflow/.local/lib/python3.12/site-packages/airflow/example_dags/example_workday_timetable.py took 1.020 seconds
[2024-09-22T11:05:34.136+0000] {processor.py:186} INFO - Started process (PID=233) to work on /home/airflow/.local/lib/python3.12/site-packages/airflow/example_dags/example_workday_timetable.py
[2024-09-22T11:05:34.138+0000] {processor.py:914} INFO - Processing file /home/airflow/.local/lib/python3.12/site-packages/airflow/example_dags/example_workday_timetable.py for tasks to queue
[2024-09-22T11:05:34.145+0000] {logging_mixin.py:190} INFO - [2024-09-22T11:05:34.144+0000] {dagbag.py:588} INFO - Filling up the DagBag from /home/airflow/.local/lib/python3.12/site-packages/airflow/example_dags/example_workday_timetable.py
[2024-09-22T11:05:34.159+0000] {processor.py:925} INFO - DAG(s) 'example_workday_timetable' retrieved from /home/airflow/.local/lib/python3.12/site-packages/airflow/example_dags/example_workday_timetable.py
[2024-09-22T11:05:34.228+0000] {logging_mixin.py:190} INFO - [2024-09-22T11:05:34.228+0000] {dag.py:3239} INFO - Sync 1 DAGs
[2024-09-22T11:05:34.398+0000] {logging_mixin.py:190} INFO - [2024-09-22T11:05:34.398+0000] {dag.py:4180} INFO - Setting next_dagrun for example_workday_timetable to 2021-01-04 00:00:00+00:00, run_after=2021-01-05 00:00:00+00:00
[2024-09-22T11:05:34.436+0000] {processor.py:208} INFO - Processing /home/airflow/.local/lib/python3.12/site-packages/airflow/example_dags/example_workday_timetable.py took 0.314 seconds
[2024-09-22T11:06:04.792+0000] {processor.py:186} INFO - Started process (PID=295) to work on /home/airflow/.local/lib/python3.12/site-packages/airflow/example_dags/example_workday_timetable.py
[2024-09-22T11:06:04.795+0000] {processor.py:914} INFO - Processing file /home/airflow/.local/lib/python3.12/site-packages/airflow/example_dags/example_workday_timetable.py for tasks to queue
[2024-09-22T11:06:04.800+0000] {logging_mixin.py:190} INFO - [2024-09-22T11:06:04.799+0000] {dagbag.py:588} INFO - Filling up the DagBag from /home/airflow/.local/lib/python3.12/site-packages/airflow/example_dags/example_workday_timetable.py
[2024-09-22T11:06:04.812+0000] {processor.py:925} INFO - DAG(s) 'example_workday_timetable' retrieved from /home/airflow/.local/lib/python3.12/site-packages/airflow/example_dags/example_workday_timetable.py
[2024-09-22T11:06:04.844+0000] {logging_mixin.py:190} INFO - [2024-09-22T11:06:04.844+0000] {dag.py:3239} INFO - Sync 1 DAGs
[2024-09-22T11:06:04.946+0000] {logging_mixin.py:190} INFO - [2024-09-22T11:06:04.946+0000] {dag.py:4180} INFO - Setting next_dagrun for example_workday_timetable to 2021-01-04 00:00:00+00:00, run_after=2021-01-05 00:00:00+00:00
[2024-09-22T11:06:04.996+0000] {processor.py:208} INFO - Processing /home/airflow/.local/lib/python3.12/site-packages/airflow/example_dags/example_workday_timetable.py took 0.226 seconds
[2024-09-22T11:06:36.305+0000] {processor.py:186} INFO - Started process (PID=357) to work on /home/airflow/.local/lib/python3.12/site-packages/airflow/example_dags/example_workday_timetable.py
[2024-09-22T11:06:36.326+0000] {processor.py:914} INFO - Processing file /home/airflow/.local/lib/python3.12/site-packages/airflow/example_dags/example_workday_timetable.py for tasks to queue
[2024-09-22T11:06:36.394+0000] {logging_mixin.py:190} INFO - [2024-09-22T11:06:36.381+0000] {dagbag.py:588} INFO - Filling up the DagBag from /home/airflow/.local/lib/python3.12/site-packages/airflow/example_dags/example_workday_timetable.py
[2024-09-22T11:06:36.603+0000] {processor.py:925} INFO - DAG(s) 'example_workday_timetable' retrieved from /home/airflow/.local/lib/python3.12/site-packages/airflow/example_dags/example_workday_timetable.py
[2024-09-22T11:06:37.110+0000] {logging_mixin.py:190} INFO - [2024-09-22T11:06:37.101+0000] {dag.py:3239} INFO - Sync 1 DAGs
[2024-09-22T11:06:37.704+0000] {logging_mixin.py:190} INFO - [2024-09-22T11:06:37.700+0000] {dag.py:4180} INFO - Setting next_dagrun for example_workday_timetable to 2021-01-04 00:00:00+00:00, run_after=2021-01-05 00:00:00+00:00
[2024-09-22T11:06:37.894+0000] {processor.py:208} INFO - Processing /home/airflow/.local/lib/python3.12/site-packages/airflow/example_dags/example_workday_timetable.py took 1.738 seconds
[2024-09-22T11:07:17.841+0000] {processor.py:186} INFO - Started process (PID=428) to work on /home/airflow/.local/lib/python3.12/site-packages/airflow/example_dags/example_workday_timetable.py
[2024-09-22T11:07:17.849+0000] {processor.py:914} INFO - Processing file /home/airflow/.local/lib/python3.12/site-packages/airflow/example_dags/example_workday_timetable.py for tasks to queue
[2024-09-22T11:07:17.866+0000] {logging_mixin.py:190} INFO - [2024-09-22T11:07:17.866+0000] {dagbag.py:588} INFO - Filling up the DagBag from /home/airflow/.local/lib/python3.12/site-packages/airflow/example_dags/example_workday_timetable.py
[2024-09-22T11:07:17.902+0000] {processor.py:925} INFO - DAG(s) 'example_workday_timetable' retrieved from /home/airflow/.local/lib/python3.12/site-packages/airflow/example_dags/example_workday_timetable.py
[2024-09-22T11:07:18.014+0000] {logging_mixin.py:190} INFO - [2024-09-22T11:07:18.014+0000] {dag.py:3239} INFO - Sync 1 DAGs
[2024-09-22T11:07:18.274+0000] {logging_mixin.py:190} INFO - [2024-09-22T11:07:18.274+0000] {dag.py:4180} INFO - Setting next_dagrun for example_workday_timetable to 2021-01-04 00:00:00+00:00, run_after=2021-01-05 00:00:00+00:00
[2024-09-22T11:07:18.384+0000] {processor.py:208} INFO - Processing /home/airflow/.local/lib/python3.12/site-packages/airflow/example_dags/example_workday_timetable.py took 0.562 seconds
