[2024-09-22T11:04:15.302+0000] {processor.py:186} INFO - Started process (PID=95) to work on /home/airflow/.local/lib/python3.12/site-packages/airflow/example_dags/example_inlet_event_extra.py
[2024-09-22T11:04:15.360+0000] {processor.py:914} INFO - Processing file /home/airflow/.local/lib/python3.12/site-packages/airflow/example_dags/example_inlet_event_extra.py for tasks to queue
[2024-09-22T11:04:15.437+0000] {logging_mixin.py:190} INFO - [2024-09-22T11:04:15.428+0000] {dagbag.py:588} INFO - Filling up the DagBag from /home/airflow/.local/lib/python3.12/site-packages/airflow/example_dags/example_inlet_event_extra.py
[2024-09-22T11:04:19.208+0000] {processor.py:925} INFO - DAG(s) 'read_dataset_event_from_classic', 'read_dataset_event' retrieved from /home/airflow/.local/lib/python3.12/site-packages/airflow/example_dags/example_inlet_event_extra.py
[2024-09-22T11:04:20.508+0000] {logging_mixin.py:190} INFO - [2024-09-22T11:04:20.471+0000] {override.py:1900} INFO - Created Permission View: can read on DAG:read_dataset_event_from_classic
[2024-09-22T11:04:20.567+0000] {logging_mixin.py:190} INFO - [2024-09-22T11:04:20.566+0000] {override.py:1900} INFO - Created Permission View: can edit on DAG:read_dataset_event_from_classic
[2024-09-22T11:04:20.579+0000] {logging_mixin.py:190} INFO - [2024-09-22T11:04:20.579+0000] {override.py:1900} INFO - Created Permission View: can delete on DAG:read_dataset_event_from_classic
[2024-09-22T11:04:20.598+0000] {logging_mixin.py:190} INFO - [2024-09-22T11:04:20.597+0000] {override.py:1900} INFO - Created Permission View: can read on DAG Run:read_dataset_event_from_classic
[2024-09-22T11:04:20.634+0000] {logging_mixin.py:190} INFO - [2024-09-22T11:04:20.634+0000] {override.py:1900} INFO - Created Permission View: menu access on DAG Run:read_dataset_event_from_classic
[2024-09-22T11:04:20.667+0000] {logging_mixin.py:190} INFO - [2024-09-22T11:04:20.667+0000] {override.py:1900} INFO - Created Permission View: can create on DAG Run:read_dataset_event_from_classic
[2024-09-22T11:04:20.674+0000] {logging_mixin.py:190} INFO - [2024-09-22T11:04:20.674+0000] {override.py:1900} INFO - Created Permission View: can delete on DAG Run:read_dataset_event_from_classic
[2024-09-22T11:04:20.741+0000] {logging_mixin.py:190} INFO - [2024-09-22T11:04:20.740+0000] {override.py:1900} INFO - Created Permission View: can read on DAG:read_dataset_event
[2024-09-22T11:04:20.791+0000] {logging_mixin.py:190} INFO - [2024-09-22T11:04:20.790+0000] {override.py:1900} INFO - Created Permission View: can edit on DAG:read_dataset_event
[2024-09-22T11:04:20.829+0000] {logging_mixin.py:190} INFO - [2024-09-22T11:04:20.829+0000] {override.py:1900} INFO - Created Permission View: can delete on DAG:read_dataset_event
[2024-09-22T11:04:20.866+0000] {logging_mixin.py:190} INFO - [2024-09-22T11:04:20.866+0000] {override.py:1900} INFO - Created Permission View: can read on DAG Run:read_dataset_event
[2024-09-22T11:04:20.873+0000] {logging_mixin.py:190} INFO - [2024-09-22T11:04:20.872+0000] {override.py:1900} INFO - Created Permission View: menu access on DAG Run:read_dataset_event
[2024-09-22T11:04:20.879+0000] {logging_mixin.py:190} INFO - [2024-09-22T11:04:20.878+0000] {override.py:1900} INFO - Created Permission View: can create on DAG Run:read_dataset_event
[2024-09-22T11:04:20.899+0000] {logging_mixin.py:190} INFO - [2024-09-22T11:04:20.898+0000] {override.py:1900} INFO - Created Permission View: can delete on DAG Run:read_dataset_event
[2024-09-22T11:04:20.906+0000] {logging_mixin.py:190} INFO - [2024-09-22T11:04:20.906+0000] {dag.py:3239} INFO - Sync 2 DAGs
[2024-09-22T11:04:20.964+0000] {logging_mixin.py:190} INFO - [2024-09-22T11:04:20.963+0000] {dag.py:3262} INFO - Creating ORM DAG for read_dataset_event_from_classic
[2024-09-22T11:04:20.968+0000] {logging_mixin.py:190} INFO - [2024-09-22T11:04:20.967+0000] {dag.py:3262} INFO - Creating ORM DAG for read_dataset_event
[2024-09-22T11:04:21.073+0000] {logging_mixin.py:190} INFO - [2024-09-22T11:04:21.070+0000] {dag.py:4180} INFO - Setting next_dagrun for read_dataset_event to 2024-09-21 00:00:00+00:00, run_after=2024-09-22 00:00:00+00:00
[2024-09-22T11:04:21.082+0000] {logging_mixin.py:190} INFO - [2024-09-22T11:04:21.081+0000] {dag.py:4180} INFO - Setting next_dagrun for read_dataset_event_from_classic to 2024-09-21 00:00:00+00:00, run_after=2024-09-22 00:00:00+00:00
[2024-09-22T11:04:21.259+0000] {processor.py:208} INFO - Processing /home/airflow/.local/lib/python3.12/site-packages/airflow/example_dags/example_inlet_event_extra.py took 6.059 seconds
[2024-09-22T11:04:51.482+0000] {processor.py:186} INFO - Started process (PID=162) to work on /home/airflow/.local/lib/python3.12/site-packages/airflow/example_dags/example_inlet_event_extra.py
[2024-09-22T11:04:51.489+0000] {processor.py:914} INFO - Processing file /home/airflow/.local/lib/python3.12/site-packages/airflow/example_dags/example_inlet_event_extra.py for tasks to queue
[2024-09-22T11:04:51.512+0000] {logging_mixin.py:190} INFO - [2024-09-22T11:04:51.509+0000] {dagbag.py:588} INFO - Filling up the DagBag from /home/airflow/.local/lib/python3.12/site-packages/airflow/example_dags/example_inlet_event_extra.py
[2024-09-22T11:04:52.398+0000] {processor.py:925} INFO - DAG(s) 'read_dataset_event_from_classic', 'read_dataset_event' retrieved from /home/airflow/.local/lib/python3.12/site-packages/airflow/example_dags/example_inlet_event_extra.py
[2024-09-22T11:04:52.522+0000] {logging_mixin.py:190} INFO - [2024-09-22T11:04:52.520+0000] {dag.py:3239} INFO - Sync 2 DAGs
[2024-09-22T11:04:52.614+0000] {logging_mixin.py:190} INFO - [2024-09-22T11:04:52.613+0000] {dag.py:4180} INFO - Setting next_dagrun for read_dataset_event to 2024-09-21 00:00:00+00:00, run_after=2024-09-22 00:00:00+00:00
[2024-09-22T11:04:52.628+0000] {logging_mixin.py:190} INFO - [2024-09-22T11:04:52.627+0000] {dag.py:4180} INFO - Setting next_dagrun for read_dataset_event_from_classic to 2024-09-21 00:00:00+00:00, run_after=2024-09-22 00:00:00+00:00
[2024-09-22T11:04:52.697+0000] {processor.py:208} INFO - Processing /home/airflow/.local/lib/python3.12/site-packages/airflow/example_dags/example_inlet_event_extra.py took 1.248 seconds
[2024-09-22T11:05:23.357+0000] {processor.py:186} INFO - Started process (PID=224) to work on /home/airflow/.local/lib/python3.12/site-packages/airflow/example_dags/example_inlet_event_extra.py
[2024-09-22T11:05:23.371+0000] {processor.py:914} INFO - Processing file /home/airflow/.local/lib/python3.12/site-packages/airflow/example_dags/example_inlet_event_extra.py for tasks to queue
[2024-09-22T11:05:23.391+0000] {logging_mixin.py:190} INFO - [2024-09-22T11:05:23.389+0000] {dagbag.py:588} INFO - Filling up the DagBag from /home/airflow/.local/lib/python3.12/site-packages/airflow/example_dags/example_inlet_event_extra.py
[2024-09-22T11:05:23.960+0000] {processor.py:925} INFO - DAG(s) 'read_dataset_event_from_classic', 'read_dataset_event' retrieved from /home/airflow/.local/lib/python3.12/site-packages/airflow/example_dags/example_inlet_event_extra.py
[2024-09-22T11:05:24.048+0000] {logging_mixin.py:190} INFO - [2024-09-22T11:05:24.047+0000] {dag.py:3239} INFO - Sync 2 DAGs
[2024-09-22T11:05:24.101+0000] {logging_mixin.py:190} INFO - [2024-09-22T11:05:24.101+0000] {dag.py:4180} INFO - Setting next_dagrun for read_dataset_event to 2024-09-21 00:00:00+00:00, run_after=2024-09-22 00:00:00+00:00
[2024-09-22T11:05:24.109+0000] {logging_mixin.py:190} INFO - [2024-09-22T11:05:24.108+0000] {dag.py:4180} INFO - Setting next_dagrun for read_dataset_event_from_classic to 2024-09-21 00:00:00+00:00, run_after=2024-09-22 00:00:00+00:00
[2024-09-22T11:05:24.177+0000] {processor.py:208} INFO - Processing /home/airflow/.local/lib/python3.12/site-packages/airflow/example_dags/example_inlet_event_extra.py took 0.868 seconds
[2024-09-22T11:05:54.245+0000] {processor.py:186} INFO - Started process (PID=287) to work on /home/airflow/.local/lib/python3.12/site-packages/airflow/example_dags/example_inlet_event_extra.py
[2024-09-22T11:05:54.247+0000] {processor.py:914} INFO - Processing file /home/airflow/.local/lib/python3.12/site-packages/airflow/example_dags/example_inlet_event_extra.py for tasks to queue
[2024-09-22T11:05:54.251+0000] {logging_mixin.py:190} INFO - [2024-09-22T11:05:54.250+0000] {dagbag.py:588} INFO - Filling up the DagBag from /home/airflow/.local/lib/python3.12/site-packages/airflow/example_dags/example_inlet_event_extra.py
[2024-09-22T11:05:54.577+0000] {processor.py:925} INFO - DAG(s) 'read_dataset_event_from_classic', 'read_dataset_event' retrieved from /home/airflow/.local/lib/python3.12/site-packages/airflow/example_dags/example_inlet_event_extra.py
[2024-09-22T11:05:54.656+0000] {logging_mixin.py:190} INFO - [2024-09-22T11:05:54.655+0000] {dag.py:3239} INFO - Sync 2 DAGs
[2024-09-22T11:05:54.677+0000] {logging_mixin.py:190} INFO - [2024-09-22T11:05:54.677+0000] {dag.py:4180} INFO - Setting next_dagrun for read_dataset_event to 2024-09-21 00:00:00+00:00, run_after=2024-09-22 00:00:00+00:00
[2024-09-22T11:05:54.690+0000] {logging_mixin.py:190} INFO - [2024-09-22T11:05:54.690+0000] {dag.py:4180} INFO - Setting next_dagrun for read_dataset_event_from_classic to 2024-09-21 00:00:00+00:00, run_after=2024-09-22 00:00:00+00:00
[2024-09-22T11:05:54.741+0000] {processor.py:208} INFO - Processing /home/airflow/.local/lib/python3.12/site-packages/airflow/example_dags/example_inlet_event_extra.py took 0.502 seconds
[2024-09-22T11:06:25.011+0000] {processor.py:186} INFO - Started process (PID=348) to work on /home/airflow/.local/lib/python3.12/site-packages/airflow/example_dags/example_inlet_event_extra.py
[2024-09-22T11:06:25.012+0000] {processor.py:914} INFO - Processing file /home/airflow/.local/lib/python3.12/site-packages/airflow/example_dags/example_inlet_event_extra.py for tasks to queue
[2024-09-22T11:06:25.020+0000] {logging_mixin.py:190} INFO - [2024-09-22T11:06:25.019+0000] {dagbag.py:588} INFO - Filling up the DagBag from /home/airflow/.local/lib/python3.12/site-packages/airflow/example_dags/example_inlet_event_extra.py
[2024-09-22T11:06:25.355+0000] {processor.py:925} INFO - DAG(s) 'read_dataset_event_from_classic', 'read_dataset_event' retrieved from /home/airflow/.local/lib/python3.12/site-packages/airflow/example_dags/example_inlet_event_extra.py
[2024-09-22T11:06:25.406+0000] {logging_mixin.py:190} INFO - [2024-09-22T11:06:25.405+0000] {dag.py:3239} INFO - Sync 2 DAGs
[2024-09-22T11:06:25.464+0000] {logging_mixin.py:190} INFO - [2024-09-22T11:06:25.463+0000] {dag.py:4180} INFO - Setting next_dagrun for read_dataset_event to 2024-09-21 00:00:00+00:00, run_after=2024-09-22 00:00:00+00:00
[2024-09-22T11:06:25.470+0000] {logging_mixin.py:190} INFO - [2024-09-22T11:06:25.470+0000] {dag.py:4180} INFO - Setting next_dagrun for read_dataset_event_from_classic to 2024-09-21 00:00:00+00:00, run_after=2024-09-22 00:00:00+00:00
[2024-09-22T11:06:25.518+0000] {processor.py:208} INFO - Processing /home/airflow/.local/lib/python3.12/site-packages/airflow/example_dags/example_inlet_event_extra.py took 0.524 seconds
[2024-09-22T11:07:10.564+0000] {processor.py:186} INFO - Started process (PID=410) to work on /home/airflow/.local/lib/python3.12/site-packages/airflow/example_dags/example_inlet_event_extra.py
[2024-09-22T11:07:10.600+0000] {processor.py:914} INFO - Processing file /home/airflow/.local/lib/python3.12/site-packages/airflow/example_dags/example_inlet_event_extra.py for tasks to queue
[2024-09-22T11:07:10.619+0000] {logging_mixin.py:190} INFO - [2024-09-22T11:07:10.616+0000] {dagbag.py:588} INFO - Filling up the DagBag from /home/airflow/.local/lib/python3.12/site-packages/airflow/example_dags/example_inlet_event_extra.py
[2024-09-22T11:07:12.946+0000] {processor.py:925} INFO - DAG(s) 'read_dataset_event_from_classic', 'read_dataset_event' retrieved from /home/airflow/.local/lib/python3.12/site-packages/airflow/example_dags/example_inlet_event_extra.py
[2024-09-22T11:07:13.614+0000] {logging_mixin.py:190} INFO - [2024-09-22T11:07:13.613+0000] {dag.py:3239} INFO - Sync 2 DAGs
[2024-09-22T11:07:13.860+0000] {logging_mixin.py:190} INFO - [2024-09-22T11:07:13.858+0000] {dag.py:4180} INFO - Setting next_dagrun for read_dataset_event to 2024-09-21 00:00:00+00:00, run_after=2024-09-22 00:00:00+00:00
[2024-09-22T11:07:13.912+0000] {logging_mixin.py:190} INFO - [2024-09-22T11:07:13.910+0000] {dag.py:4180} INFO - Setting next_dagrun for read_dataset_event_from_classic to 2024-09-21 00:00:00+00:00, run_after=2024-09-22 00:00:00+00:00
[2024-09-22T11:07:13.983+0000] {processor.py:208} INFO - Processing /home/airflow/.local/lib/python3.12/site-packages/airflow/example_dags/example_inlet_event_extra.py took 3.446 seconds
