[2024-09-22T11:04:12.907+0000] {processor.py:186} INFO - Started process (PID=93) to work on /home/airflow/.local/lib/python3.12/site-packages/airflow/example_dags/example_complex.py
[2024-09-22T11:04:12.909+0000] {processor.py:914} INFO - Processing file /home/airflow/.local/lib/python3.12/site-packages/airflow/example_dags/example_complex.py for tasks to queue
[2024-09-22T11:04:12.914+0000] {logging_mixin.py:190} INFO - [2024-09-22T11:04:12.913+0000] {dagbag.py:588} INFO - Filling up the DagBag from /home/airflow/.local/lib/python3.12/site-packages/airflow/example_dags/example_complex.py
[2024-09-22T11:04:12.972+0000] {processor.py:925} INFO - DAG(s) 'example_complex' retrieved from /home/airflow/.local/lib/python3.12/site-packages/airflow/example_dags/example_complex.py
[2024-09-22T11:04:13.664+0000] {logging_mixin.py:190} INFO - [2024-09-22T11:04:13.635+0000] {override.py:1900} INFO - Created Permission View: can read on DAG:example_complex
[2024-09-22T11:04:13.683+0000] {logging_mixin.py:190} INFO - [2024-09-22T11:04:13.682+0000] {override.py:1900} INFO - Created Permission View: can edit on DAG:example_complex
[2024-09-22T11:04:13.688+0000] {logging_mixin.py:190} INFO - [2024-09-22T11:04:13.688+0000] {override.py:1900} INFO - Created Permission View: can delete on DAG:example_complex
[2024-09-22T11:04:13.696+0000] {logging_mixin.py:190} INFO - [2024-09-22T11:04:13.695+0000] {override.py:1900} INFO - Created Permission View: can read on DAG Run:example_complex
[2024-09-22T11:04:13.715+0000] {logging_mixin.py:190} INFO - [2024-09-22T11:04:13.714+0000] {override.py:1900} INFO - Created Permission View: menu access on DAG Run:example_complex
[2024-09-22T11:04:13.725+0000] {logging_mixin.py:190} INFO - [2024-09-22T11:04:13.725+0000] {override.py:1900} INFO - Created Permission View: can create on DAG Run:example_complex
[2024-09-22T11:04:13.782+0000] {logging_mixin.py:190} INFO - [2024-09-22T11:04:13.780+0000] {override.py:1900} INFO - Created Permission View: can delete on DAG Run:example_complex
[2024-09-22T11:04:13.786+0000] {logging_mixin.py:190} INFO - [2024-09-22T11:04:13.786+0000] {dag.py:3239} INFO - Sync 1 DAGs
[2024-09-22T11:04:14.067+0000] {logging_mixin.py:190} INFO - [2024-09-22T11:04:14.062+0000] {dag.py:3262} INFO - Creating ORM DAG for example_complex
[2024-09-22T11:04:14.088+0000] {logging_mixin.py:190} INFO - [2024-09-22T11:04:14.087+0000] {dag.py:4180} INFO - Setting next_dagrun for example_complex to None, run_after=None
[2024-09-22T11:04:14.292+0000] {processor.py:208} INFO - Processing /home/airflow/.local/lib/python3.12/site-packages/airflow/example_dags/example_complex.py took 1.424 seconds
[2024-09-22T11:04:50.863+0000] {processor.py:186} INFO - Started process (PID=160) to work on /home/airflow/.local/lib/python3.12/site-packages/airflow/example_dags/example_complex.py
[2024-09-22T11:04:50.874+0000] {processor.py:914} INFO - Processing file /home/airflow/.local/lib/python3.12/site-packages/airflow/example_dags/example_complex.py for tasks to queue
[2024-09-22T11:04:50.886+0000] {logging_mixin.py:190} INFO - [2024-09-22T11:04:50.885+0000] {dagbag.py:588} INFO - Filling up the DagBag from /home/airflow/.local/lib/python3.12/site-packages/airflow/example_dags/example_complex.py
[2024-09-22T11:04:50.932+0000] {processor.py:925} INFO - DAG(s) 'example_complex' retrieved from /home/airflow/.local/lib/python3.12/site-packages/airflow/example_dags/example_complex.py
[2024-09-22T11:04:51.156+0000] {logging_mixin.py:190} INFO - [2024-09-22T11:04:51.155+0000] {dag.py:3239} INFO - Sync 1 DAGs
[2024-09-22T11:04:51.188+0000] {logging_mixin.py:190} INFO - [2024-09-22T11:04:51.187+0000] {dag.py:4180} INFO - Setting next_dagrun for example_complex to None, run_after=None
[2024-09-22T11:04:51.289+0000] {processor.py:208} INFO - Processing /home/airflow/.local/lib/python3.12/site-packages/airflow/example_dags/example_complex.py took 0.436 seconds
[2024-09-22T11:05:22.114+0000] {processor.py:186} INFO - Started process (PID=222) to work on /home/airflow/.local/lib/python3.12/site-packages/airflow/example_dags/example_complex.py
[2024-09-22T11:05:22.121+0000] {processor.py:914} INFO - Processing file /home/airflow/.local/lib/python3.12/site-packages/airflow/example_dags/example_complex.py for tasks to queue
[2024-09-22T11:05:22.145+0000] {logging_mixin.py:190} INFO - [2024-09-22T11:05:22.144+0000] {dagbag.py:588} INFO - Filling up the DagBag from /home/airflow/.local/lib/python3.12/site-packages/airflow/example_dags/example_complex.py
[2024-09-22T11:05:22.171+0000] {processor.py:925} INFO - DAG(s) 'example_complex' retrieved from /home/airflow/.local/lib/python3.12/site-packages/airflow/example_dags/example_complex.py
[2024-09-22T11:05:22.294+0000] {logging_mixin.py:190} INFO - [2024-09-22T11:05:22.293+0000] {dag.py:3239} INFO - Sync 1 DAGs
[2024-09-22T11:05:22.334+0000] {logging_mixin.py:190} INFO - [2024-09-22T11:05:22.334+0000] {dag.py:4180} INFO - Setting next_dagrun for example_complex to None, run_after=None
[2024-09-22T11:05:22.391+0000] {processor.py:208} INFO - Processing /home/airflow/.local/lib/python3.12/site-packages/airflow/example_dags/example_complex.py took 0.309 seconds
[2024-09-22T11:05:52.850+0000] {processor.py:186} INFO - Started process (PID=284) to work on /home/airflow/.local/lib/python3.12/site-packages/airflow/example_dags/example_complex.py
[2024-09-22T11:05:52.856+0000] {processor.py:914} INFO - Processing file /home/airflow/.local/lib/python3.12/site-packages/airflow/example_dags/example_complex.py for tasks to queue
[2024-09-22T11:05:52.862+0000] {logging_mixin.py:190} INFO - [2024-09-22T11:05:52.862+0000] {dagbag.py:588} INFO - Filling up the DagBag from /home/airflow/.local/lib/python3.12/site-packages/airflow/example_dags/example_complex.py
[2024-09-22T11:05:52.881+0000] {processor.py:925} INFO - DAG(s) 'example_complex' retrieved from /home/airflow/.local/lib/python3.12/site-packages/airflow/example_dags/example_complex.py
[2024-09-22T11:05:52.932+0000] {logging_mixin.py:190} INFO - [2024-09-22T11:05:52.931+0000] {dag.py:3239} INFO - Sync 1 DAGs
[2024-09-22T11:05:52.944+0000] {logging_mixin.py:190} INFO - [2024-09-22T11:05:52.943+0000] {dag.py:4180} INFO - Setting next_dagrun for example_complex to None, run_after=None
[2024-09-22T11:05:52.967+0000] {processor.py:208} INFO - Processing /home/airflow/.local/lib/python3.12/site-packages/airflow/example_dags/example_complex.py took 0.127 seconds
[2024-09-22T11:06:23.664+0000] {processor.py:186} INFO - Started process (PID=346) to work on /home/airflow/.local/lib/python3.12/site-packages/airflow/example_dags/example_complex.py
[2024-09-22T11:06:23.684+0000] {processor.py:914} INFO - Processing file /home/airflow/.local/lib/python3.12/site-packages/airflow/example_dags/example_complex.py for tasks to queue
[2024-09-22T11:06:23.721+0000] {logging_mixin.py:190} INFO - [2024-09-22T11:06:23.712+0000] {dagbag.py:588} INFO - Filling up the DagBag from /home/airflow/.local/lib/python3.12/site-packages/airflow/example_dags/example_complex.py
[2024-09-22T11:06:23.756+0000] {processor.py:925} INFO - DAG(s) 'example_complex' retrieved from /home/airflow/.local/lib/python3.12/site-packages/airflow/example_dags/example_complex.py
[2024-09-22T11:06:23.820+0000] {logging_mixin.py:190} INFO - [2024-09-22T11:06:23.819+0000] {dag.py:3239} INFO - Sync 1 DAGs
[2024-09-22T11:06:23.844+0000] {logging_mixin.py:190} INFO - [2024-09-22T11:06:23.843+0000] {dag.py:4180} INFO - Setting next_dagrun for example_complex to None, run_after=None
[2024-09-22T11:06:23.870+0000] {processor.py:208} INFO - Processing /home/airflow/.local/lib/python3.12/site-packages/airflow/example_dags/example_complex.py took 0.214 seconds
[2024-09-22T11:07:09.928+0000] {processor.py:186} INFO - Started process (PID=408) to work on /home/airflow/.local/lib/python3.12/site-packages/airflow/example_dags/example_complex.py
[2024-09-22T11:07:09.947+0000] {processor.py:914} INFO - Processing file /home/airflow/.local/lib/python3.12/site-packages/airflow/example_dags/example_complex.py for tasks to queue
[2024-09-22T11:07:09.986+0000] {logging_mixin.py:190} INFO - [2024-09-22T11:07:09.981+0000] {dagbag.py:588} INFO - Filling up the DagBag from /home/airflow/.local/lib/python3.12/site-packages/airflow/example_dags/example_complex.py
[2024-09-22T11:07:10.070+0000] {processor.py:925} INFO - DAG(s) 'example_complex' retrieved from /home/airflow/.local/lib/python3.12/site-packages/airflow/example_dags/example_complex.py
[2024-09-22T11:07:10.214+0000] {logging_mixin.py:190} INFO - [2024-09-22T11:07:10.213+0000] {dag.py:3239} INFO - Sync 1 DAGs
[2024-09-22T11:07:10.264+0000] {logging_mixin.py:190} INFO - [2024-09-22T11:07:10.264+0000] {dag.py:4180} INFO - Setting next_dagrun for example_complex to None, run_after=None
[2024-09-22T11:07:10.383+0000] {processor.py:208} INFO - Processing /home/airflow/.local/lib/python3.12/site-packages/airflow/example_dags/example_complex.py took 0.545 seconds
