[2024-09-22T11:03:50.753+0000] {processor.py:186} INFO - Started process (PID=80) to work on /home/airflow/.local/lib/python3.12/site-packages/airflow/example_dags/example_datasets.py
[2024-09-22T11:03:50.759+0000] {processor.py:914} INFO - Processing file /home/airflow/.local/lib/python3.12/site-packages/airflow/example_dags/example_datasets.py for tasks to queue
[2024-09-22T11:03:50.773+0000] {logging_mixin.py:190} INFO - [2024-09-22T11:03:50.773+0000] {dagbag.py:588} INFO - Filling up the DagBag from /home/airflow/.local/lib/python3.12/site-packages/airflow/example_dags/example_datasets.py
[2024-09-22T11:03:52.635+0000] {processor.py:925} INFO - DAG(s) 'dataset_produces_2', 'conditional_dataset_and_time_based_timetable', 'dataset_consumes_1_never_scheduled', 'dataset_consumes_1_and_2', 'consume_1_and_2_with_dataset_expressions', 'dataset_consumes_1', 'consume_1_or_2_with_dataset_expressions', 'dataset_consumes_unknown_never_scheduled', 'dataset_produces_1', 'consume_1_or_both_2_and_3_with_dataset_expressions' retrieved from /home/airflow/.local/lib/python3.12/site-packages/airflow/example_dags/example_datasets.py
[2024-09-22T11:03:54.125+0000] {logging_mixin.py:190} INFO - [2024-09-22T11:03:54.099+0000] {override.py:1900} INFO - Created Permission View: can read on DAG:dataset_produces_2
[2024-09-22T11:03:54.197+0000] {logging_mixin.py:190} INFO - [2024-09-22T11:03:54.196+0000] {override.py:1900} INFO - Created Permission View: can edit on DAG:dataset_produces_2
[2024-09-22T11:03:54.231+0000] {logging_mixin.py:190} INFO - [2024-09-22T11:03:54.231+0000] {override.py:1900} INFO - Created Permission View: can delete on DAG:dataset_produces_2
[2024-09-22T11:03:54.274+0000] {logging_mixin.py:190} INFO - [2024-09-22T11:03:54.273+0000] {override.py:1900} INFO - Created Permission View: can read on DAG Run:dataset_produces_2
[2024-09-22T11:03:54.316+0000] {logging_mixin.py:190} INFO - [2024-09-22T11:03:54.314+0000] {override.py:1900} INFO - Created Permission View: menu access on DAG Run:dataset_produces_2
[2024-09-22T11:03:54.343+0000] {logging_mixin.py:190} INFO - [2024-09-22T11:03:54.340+0000] {override.py:1900} INFO - Created Permission View: can create on DAG Run:dataset_produces_2
[2024-09-22T11:03:54.365+0000] {logging_mixin.py:190} INFO - [2024-09-22T11:03:54.364+0000] {override.py:1900} INFO - Created Permission View: can delete on DAG Run:dataset_produces_2
[2024-09-22T11:03:54.496+0000] {logging_mixin.py:190} INFO - [2024-09-22T11:03:54.488+0000] {override.py:1900} INFO - Created Permission View: can read on DAG:conditional_dataset_and_time_based_timetable
[2024-09-22T11:03:54.541+0000] {logging_mixin.py:190} INFO - [2024-09-22T11:03:54.540+0000] {override.py:1900} INFO - Created Permission View: can edit on DAG:conditional_dataset_and_time_based_timetable
[2024-09-22T11:03:54.582+0000] {logging_mixin.py:190} INFO - [2024-09-22T11:03:54.582+0000] {override.py:1900} INFO - Created Permission View: can delete on DAG:conditional_dataset_and_time_based_timetable
[2024-09-22T11:03:54.626+0000] {logging_mixin.py:190} INFO - [2024-09-22T11:03:54.625+0000] {override.py:1900} INFO - Created Permission View: can read on DAG Run:conditional_dataset_and_time_based_timetable
[2024-09-22T11:03:54.661+0000] {logging_mixin.py:190} INFO - [2024-09-22T11:03:54.661+0000] {override.py:1900} INFO - Created Permission View: menu access on DAG Run:conditional_dataset_and_time_based_timetable
[2024-09-22T11:03:54.702+0000] {logging_mixin.py:190} INFO - [2024-09-22T11:03:54.700+0000] {override.py:1900} INFO - Created Permission View: can create on DAG Run:conditional_dataset_and_time_based_timetable
[2024-09-22T11:03:54.796+0000] {logging_mixin.py:190} INFO - [2024-09-22T11:03:54.795+0000] {override.py:1900} INFO - Created Permission View: can delete on DAG Run:conditional_dataset_and_time_based_timetable
[2024-09-22T11:03:54.869+0000] {logging_mixin.py:190} INFO - [2024-09-22T11:03:54.868+0000] {override.py:1900} INFO - Created Permission View: can read on DAG:dataset_consumes_1_never_scheduled
[2024-09-22T11:03:54.893+0000] {logging_mixin.py:190} INFO - [2024-09-22T11:03:54.889+0000] {override.py:1900} INFO - Created Permission View: can edit on DAG:dataset_consumes_1_never_scheduled
[2024-09-22T11:03:54.912+0000] {logging_mixin.py:190} INFO - [2024-09-22T11:03:54.911+0000] {override.py:1900} INFO - Created Permission View: can delete on DAG:dataset_consumes_1_never_scheduled
[2024-09-22T11:03:54.934+0000] {logging_mixin.py:190} INFO - [2024-09-22T11:03:54.933+0000] {override.py:1900} INFO - Created Permission View: can read on DAG Run:dataset_consumes_1_never_scheduled
[2024-09-22T11:03:54.954+0000] {logging_mixin.py:190} INFO - [2024-09-22T11:03:54.953+0000] {override.py:1900} INFO - Created Permission View: menu access on DAG Run:dataset_consumes_1_never_scheduled
[2024-09-22T11:03:54.981+0000] {logging_mixin.py:190} INFO - [2024-09-22T11:03:54.977+0000] {override.py:1900} INFO - Created Permission View: can create on DAG Run:dataset_consumes_1_never_scheduled
[2024-09-22T11:03:55.007+0000] {logging_mixin.py:190} INFO - [2024-09-22T11:03:55.006+0000] {override.py:1900} INFO - Created Permission View: can delete on DAG Run:dataset_consumes_1_never_scheduled
[2024-09-22T11:03:55.065+0000] {logging_mixin.py:190} INFO - [2024-09-22T11:03:55.065+0000] {override.py:1900} INFO - Created Permission View: can read on DAG:dataset_consumes_1_and_2
[2024-09-22T11:03:55.098+0000] {logging_mixin.py:190} INFO - [2024-09-22T11:03:55.085+0000] {override.py:1900} INFO - Created Permission View: can edit on DAG:dataset_consumes_1_and_2
[2024-09-22T11:03:55.127+0000] {logging_mixin.py:190} INFO - [2024-09-22T11:03:55.125+0000] {override.py:1900} INFO - Created Permission View: can delete on DAG:dataset_consumes_1_and_2
[2024-09-22T11:03:55.152+0000] {logging_mixin.py:190} INFO - [2024-09-22T11:03:55.150+0000] {override.py:1900} INFO - Created Permission View: can read on DAG Run:dataset_consumes_1_and_2
[2024-09-22T11:03:55.201+0000] {logging_mixin.py:190} INFO - [2024-09-22T11:03:55.199+0000] {override.py:1900} INFO - Created Permission View: menu access on DAG Run:dataset_consumes_1_and_2
[2024-09-22T11:03:55.234+0000] {logging_mixin.py:190} INFO - [2024-09-22T11:03:55.232+0000] {override.py:1900} INFO - Created Permission View: can create on DAG Run:dataset_consumes_1_and_2
[2024-09-22T11:03:55.263+0000] {logging_mixin.py:190} INFO - [2024-09-22T11:03:55.262+0000] {override.py:1900} INFO - Created Permission View: can delete on DAG Run:dataset_consumes_1_and_2
[2024-09-22T11:03:55.386+0000] {logging_mixin.py:190} INFO - [2024-09-22T11:03:55.385+0000] {override.py:1900} INFO - Created Permission View: can read on DAG:consume_1_and_2_with_dataset_expressions
[2024-09-22T11:03:55.402+0000] {logging_mixin.py:190} INFO - [2024-09-22T11:03:55.402+0000] {override.py:1900} INFO - Created Permission View: can edit on DAG:consume_1_and_2_with_dataset_expressions
[2024-09-22T11:03:55.444+0000] {logging_mixin.py:190} INFO - [2024-09-22T11:03:55.443+0000] {override.py:1900} INFO - Created Permission View: can delete on DAG:consume_1_and_2_with_dataset_expressions
[2024-09-22T11:03:55.503+0000] {logging_mixin.py:190} INFO - [2024-09-22T11:03:55.503+0000] {override.py:1900} INFO - Created Permission View: can read on DAG Run:consume_1_and_2_with_dataset_expressions
[2024-09-22T11:03:55.538+0000] {logging_mixin.py:190} INFO - [2024-09-22T11:03:55.537+0000] {override.py:1900} INFO - Created Permission View: menu access on DAG Run:consume_1_and_2_with_dataset_expressions
[2024-09-22T11:03:55.557+0000] {logging_mixin.py:190} INFO - [2024-09-22T11:03:55.557+0000] {override.py:1900} INFO - Created Permission View: can create on DAG Run:consume_1_and_2_with_dataset_expressions
[2024-09-22T11:03:55.582+0000] {logging_mixin.py:190} INFO - [2024-09-22T11:03:55.581+0000] {override.py:1900} INFO - Created Permission View: can delete on DAG Run:consume_1_and_2_with_dataset_expressions
[2024-09-22T11:03:55.630+0000] {logging_mixin.py:190} INFO - [2024-09-22T11:03:55.628+0000] {override.py:1900} INFO - Created Permission View: can read on DAG:dataset_consumes_1
[2024-09-22T11:03:55.648+0000] {logging_mixin.py:190} INFO - [2024-09-22T11:03:55.646+0000] {override.py:1900} INFO - Created Permission View: can edit on DAG:dataset_consumes_1
[2024-09-22T11:03:55.666+0000] {logging_mixin.py:190} INFO - [2024-09-22T11:03:55.665+0000] {override.py:1900} INFO - Created Permission View: can delete on DAG:dataset_consumes_1
[2024-09-22T11:03:55.685+0000] {logging_mixin.py:190} INFO - [2024-09-22T11:03:55.684+0000] {override.py:1900} INFO - Created Permission View: can read on DAG Run:dataset_consumes_1
[2024-09-22T11:03:55.705+0000] {logging_mixin.py:190} INFO - [2024-09-22T11:03:55.704+0000] {override.py:1900} INFO - Created Permission View: menu access on DAG Run:dataset_consumes_1
[2024-09-22T11:03:55.724+0000] {logging_mixin.py:190} INFO - [2024-09-22T11:03:55.722+0000] {override.py:1900} INFO - Created Permission View: can create on DAG Run:dataset_consumes_1
[2024-09-22T11:03:55.753+0000] {logging_mixin.py:190} INFO - [2024-09-22T11:03:55.752+0000] {override.py:1900} INFO - Created Permission View: can delete on DAG Run:dataset_consumes_1
[2024-09-22T11:03:55.810+0000] {logging_mixin.py:190} INFO - [2024-09-22T11:03:55.809+0000] {override.py:1900} INFO - Created Permission View: can read on DAG:consume_1_or_2_with_dataset_expressions
[2024-09-22T11:03:55.915+0000] {logging_mixin.py:190} INFO - [2024-09-22T11:03:55.878+0000] {override.py:1900} INFO - Created Permission View: can edit on DAG:consume_1_or_2_with_dataset_expressions
[2024-09-22T11:03:55.964+0000] {logging_mixin.py:190} INFO - [2024-09-22T11:03:55.962+0000] {override.py:1900} INFO - Created Permission View: can delete on DAG:consume_1_or_2_with_dataset_expressions
[2024-09-22T11:03:56.063+0000] {logging_mixin.py:190} INFO - [2024-09-22T11:03:56.060+0000] {override.py:1900} INFO - Created Permission View: can read on DAG Run:consume_1_or_2_with_dataset_expressions
[2024-09-22T11:03:56.114+0000] {logging_mixin.py:190} INFO - [2024-09-22T11:03:56.111+0000] {override.py:1900} INFO - Created Permission View: menu access on DAG Run:consume_1_or_2_with_dataset_expressions
[2024-09-22T11:03:56.160+0000] {logging_mixin.py:190} INFO - [2024-09-22T11:03:56.159+0000] {override.py:1900} INFO - Created Permission View: can create on DAG Run:consume_1_or_2_with_dataset_expressions
[2024-09-22T11:03:56.230+0000] {logging_mixin.py:190} INFO - [2024-09-22T11:03:56.226+0000] {override.py:1900} INFO - Created Permission View: can delete on DAG Run:consume_1_or_2_with_dataset_expressions
[2024-09-22T11:03:56.612+0000] {logging_mixin.py:190} INFO - [2024-09-22T11:03:56.591+0000] {override.py:1900} INFO - Created Permission View: can read on DAG:dataset_consumes_unknown_never_scheduled
[2024-09-22T11:03:56.635+0000] {logging_mixin.py:190} INFO - [2024-09-22T11:03:56.633+0000] {override.py:1900} INFO - Created Permission View: can edit on DAG:dataset_consumes_unknown_never_scheduled
[2024-09-22T11:03:56.681+0000] {logging_mixin.py:190} INFO - [2024-09-22T11:03:56.680+0000] {override.py:1900} INFO - Created Permission View: can delete on DAG:dataset_consumes_unknown_never_scheduled
[2024-09-22T11:03:56.692+0000] {logging_mixin.py:190} INFO - [2024-09-22T11:03:56.691+0000] {override.py:1900} INFO - Created Permission View: can read on DAG Run:dataset_consumes_unknown_never_scheduled
[2024-09-22T11:03:56.722+0000] {logging_mixin.py:190} INFO - [2024-09-22T11:03:56.717+0000] {override.py:1900} INFO - Created Permission View: menu access on DAG Run:dataset_consumes_unknown_never_scheduled
[2024-09-22T11:03:56.802+0000] {logging_mixin.py:190} INFO - [2024-09-22T11:03:56.799+0000] {override.py:1900} INFO - Created Permission View: can create on DAG Run:dataset_consumes_unknown_never_scheduled
[2024-09-22T11:03:56.833+0000] {logging_mixin.py:190} INFO - [2024-09-22T11:03:56.833+0000] {override.py:1900} INFO - Created Permission View: can delete on DAG Run:dataset_consumes_unknown_never_scheduled
[2024-09-22T11:03:56.961+0000] {logging_mixin.py:190} INFO - [2024-09-22T11:03:56.960+0000] {override.py:1900} INFO - Created Permission View: can read on DAG:dataset_produces_1
[2024-09-22T11:03:56.995+0000] {logging_mixin.py:190} INFO - [2024-09-22T11:03:56.994+0000] {override.py:1900} INFO - Created Permission View: can edit on DAG:dataset_produces_1
[2024-09-22T11:03:57.019+0000] {logging_mixin.py:190} INFO - [2024-09-22T11:03:57.017+0000] {override.py:1900} INFO - Created Permission View: can delete on DAG:dataset_produces_1
[2024-09-22T11:03:57.055+0000] {logging_mixin.py:190} INFO - [2024-09-22T11:03:57.054+0000] {override.py:1900} INFO - Created Permission View: can read on DAG Run:dataset_produces_1
[2024-09-22T11:03:57.073+0000] {logging_mixin.py:190} INFO - [2024-09-22T11:03:57.072+0000] {override.py:1900} INFO - Created Permission View: menu access on DAG Run:dataset_produces_1
[2024-09-22T11:03:57.105+0000] {logging_mixin.py:190} INFO - [2024-09-22T11:03:57.104+0000] {override.py:1900} INFO - Created Permission View: can create on DAG Run:dataset_produces_1
[2024-09-22T11:03:57.134+0000] {logging_mixin.py:190} INFO - [2024-09-22T11:03:57.133+0000] {override.py:1900} INFO - Created Permission View: can delete on DAG Run:dataset_produces_1
[2024-09-22T11:03:57.218+0000] {logging_mixin.py:190} INFO - [2024-09-22T11:03:57.215+0000] {override.py:1900} INFO - Created Permission View: can read on DAG:consume_1_or_both_2_and_3_with_dataset_expressions
[2024-09-22T11:03:57.252+0000] {logging_mixin.py:190} INFO - [2024-09-22T11:03:57.250+0000] {override.py:1900} INFO - Created Permission View: can edit on DAG:consume_1_or_both_2_and_3_with_dataset_expressions
[2024-09-22T11:03:57.283+0000] {logging_mixin.py:190} INFO - [2024-09-22T11:03:57.282+0000] {override.py:1900} INFO - Created Permission View: can delete on DAG:consume_1_or_both_2_and_3_with_dataset_expressions
[2024-09-22T11:03:57.301+0000] {logging_mixin.py:190} INFO - [2024-09-22T11:03:57.301+0000] {override.py:1900} INFO - Created Permission View: can read on DAG Run:consume_1_or_both_2_and_3_with_dataset_expressions
[2024-09-22T11:03:57.322+0000] {logging_mixin.py:190} INFO - [2024-09-22T11:03:57.320+0000] {override.py:1900} INFO - Created Permission View: menu access on DAG Run:consume_1_or_both_2_and_3_with_dataset_expressions
[2024-09-22T11:03:57.336+0000] {logging_mixin.py:190} INFO - [2024-09-22T11:03:57.336+0000] {override.py:1900} INFO - Created Permission View: can create on DAG Run:consume_1_or_both_2_and_3_with_dataset_expressions
[2024-09-22T11:03:57.345+0000] {logging_mixin.py:190} INFO - [2024-09-22T11:03:57.345+0000] {override.py:1900} INFO - Created Permission View: can delete on DAG Run:consume_1_or_both_2_and_3_with_dataset_expressions
[2024-09-22T11:03:57.348+0000] {logging_mixin.py:190} INFO - [2024-09-22T11:03:57.347+0000] {dag.py:3239} INFO - Sync 10 DAGs
[2024-09-22T11:03:57.416+0000] {logging_mixin.py:190} INFO - [2024-09-22T11:03:57.415+0000] {dag.py:3262} INFO - Creating ORM DAG for dataset_consumes_1
[2024-09-22T11:03:57.421+0000] {logging_mixin.py:190} INFO - [2024-09-22T11:03:57.420+0000] {dag.py:3262} INFO - Creating ORM DAG for dataset_produces_1
[2024-09-22T11:03:57.425+0000] {logging_mixin.py:190} INFO - [2024-09-22T11:03:57.424+0000] {dag.py:3262} INFO - Creating ORM DAG for consume_1_or_both_2_and_3_with_dataset_expressions
[2024-09-22T11:03:57.427+0000] {logging_mixin.py:190} INFO - [2024-09-22T11:03:57.427+0000] {dag.py:3262} INFO - Creating ORM DAG for dataset_consumes_1_never_scheduled
[2024-09-22T11:03:57.430+0000] {logging_mixin.py:190} INFO - [2024-09-22T11:03:57.430+0000] {dag.py:3262} INFO - Creating ORM DAG for dataset_consumes_unknown_never_scheduled
[2024-09-22T11:03:57.434+0000] {logging_mixin.py:190} INFO - [2024-09-22T11:03:57.433+0000] {dag.py:3262} INFO - Creating ORM DAG for conditional_dataset_and_time_based_timetable
[2024-09-22T11:03:57.437+0000] {logging_mixin.py:190} INFO - [2024-09-22T11:03:57.437+0000] {dag.py:3262} INFO - Creating ORM DAG for consume_1_or_2_with_dataset_expressions
[2024-09-22T11:03:57.442+0000] {logging_mixin.py:190} INFO - [2024-09-22T11:03:57.442+0000] {dag.py:3262} INFO - Creating ORM DAG for dataset_produces_2
[2024-09-22T11:03:57.448+0000] {logging_mixin.py:190} INFO - [2024-09-22T11:03:57.447+0000] {dag.py:3262} INFO - Creating ORM DAG for dataset_consumes_1_and_2
[2024-09-22T11:03:57.457+0000] {logging_mixin.py:190} INFO - [2024-09-22T11:03:57.457+0000] {dag.py:3262} INFO - Creating ORM DAG for consume_1_and_2_with_dataset_expressions
[2024-09-22T11:03:57.555+0000] {logging_mixin.py:190} INFO - [2024-09-22T11:03:57.554+0000] {dag.py:4180} INFO - Setting next_dagrun for conditional_dataset_and_time_based_timetable to 2024-09-18 01:00:00+00:00, run_after=2024-09-18 01:00:00+00:00
[2024-09-22T11:03:57.564+0000] {logging_mixin.py:190} INFO - [2024-09-22T11:03:57.563+0000] {dag.py:4180} INFO - Setting next_dagrun for consume_1_and_2_with_dataset_expressions to None, run_after=None
[2024-09-22T11:03:57.569+0000] {logging_mixin.py:190} INFO - [2024-09-22T11:03:57.568+0000] {dag.py:4180} INFO - Setting next_dagrun for consume_1_or_2_with_dataset_expressions to None, run_after=None
[2024-09-22T11:03:57.574+0000] {logging_mixin.py:190} INFO - [2024-09-22T11:03:57.574+0000] {dag.py:4180} INFO - Setting next_dagrun for consume_1_or_both_2_and_3_with_dataset_expressions to None, run_after=None
[2024-09-22T11:03:57.577+0000] {logging_mixin.py:190} INFO - [2024-09-22T11:03:57.576+0000] {dag.py:4180} INFO - Setting next_dagrun for dataset_consumes_1 to None, run_after=None
[2024-09-22T11:03:57.579+0000] {logging_mixin.py:190} INFO - [2024-09-22T11:03:57.578+0000] {dag.py:4180} INFO - Setting next_dagrun for dataset_consumes_1_and_2 to None, run_after=None
[2024-09-22T11:03:57.582+0000] {logging_mixin.py:190} INFO - [2024-09-22T11:03:57.581+0000] {dag.py:4180} INFO - Setting next_dagrun for dataset_consumes_1_never_scheduled to None, run_after=None
[2024-09-22T11:03:57.584+0000] {logging_mixin.py:190} INFO - [2024-09-22T11:03:57.584+0000] {dag.py:4180} INFO - Setting next_dagrun for dataset_consumes_unknown_never_scheduled to None, run_after=None
[2024-09-22T11:03:57.590+0000] {logging_mixin.py:190} INFO - [2024-09-22T11:03:57.589+0000] {dag.py:4180} INFO - Setting next_dagrun for dataset_produces_1 to 2024-09-21 00:00:00+00:00, run_after=2024-09-22 00:00:00+00:00
[2024-09-22T11:03:57.600+0000] {logging_mixin.py:190} INFO - [2024-09-22T11:03:57.598+0000] {dag.py:4180} INFO - Setting next_dagrun for dataset_produces_2 to None, run_after=None
[2024-09-22T11:03:57.922+0000] {processor.py:208} INFO - Processing /home/airflow/.local/lib/python3.12/site-packages/airflow/example_dags/example_datasets.py took 7.228 seconds
[2024-09-22T11:04:45.720+0000] {processor.py:186} INFO - Started process (PID=142) to work on /home/airflow/.local/lib/python3.12/site-packages/airflow/example_dags/example_datasets.py
[2024-09-22T11:04:45.722+0000] {processor.py:914} INFO - Processing file /home/airflow/.local/lib/python3.12/site-packages/airflow/example_dags/example_datasets.py for tasks to queue
[2024-09-22T11:04:45.726+0000] {logging_mixin.py:190} INFO - [2024-09-22T11:04:45.725+0000] {dagbag.py:588} INFO - Filling up the DagBag from /home/airflow/.local/lib/python3.12/site-packages/airflow/example_dags/example_datasets.py
[2024-09-22T11:04:46.231+0000] {processor.py:925} INFO - DAG(s) 'consume_1_or_both_2_and_3_with_dataset_expressions', 'consume_1_and_2_with_dataset_expressions', 'dataset_produces_1', 'dataset_consumes_unknown_never_scheduled', 'dataset_consumes_1_and_2', 'dataset_consumes_1', 'conditional_dataset_and_time_based_timetable', 'consume_1_or_2_with_dataset_expressions', 'dataset_produces_2', 'dataset_consumes_1_never_scheduled' retrieved from /home/airflow/.local/lib/python3.12/site-packages/airflow/example_dags/example_datasets.py
[2024-09-22T11:04:46.469+0000] {logging_mixin.py:190} INFO - [2024-09-22T11:04:46.466+0000] {dag.py:3239} INFO - Sync 10 DAGs
[2024-09-22T11:04:46.606+0000] {logging_mixin.py:190} INFO - [2024-09-22T11:04:46.605+0000] {dag.py:4180} INFO - Setting next_dagrun for conditional_dataset_and_time_based_timetable to 2024-09-18 01:00:00+00:00, run_after=2024-09-18 01:00:00+00:00
[2024-09-22T11:04:46.623+0000] {logging_mixin.py:190} INFO - [2024-09-22T11:04:46.622+0000] {dag.py:4180} INFO - Setting next_dagrun for consume_1_and_2_with_dataset_expressions to None, run_after=None
[2024-09-22T11:04:46.635+0000] {logging_mixin.py:190} INFO - [2024-09-22T11:04:46.633+0000] {dag.py:4180} INFO - Setting next_dagrun for consume_1_or_2_with_dataset_expressions to None, run_after=None
[2024-09-22T11:04:46.640+0000] {logging_mixin.py:190} INFO - [2024-09-22T11:04:46.640+0000] {dag.py:4180} INFO - Setting next_dagrun for consume_1_or_both_2_and_3_with_dataset_expressions to None, run_after=None
[2024-09-22T11:04:46.648+0000] {logging_mixin.py:190} INFO - [2024-09-22T11:04:46.648+0000] {dag.py:4180} INFO - Setting next_dagrun for dataset_consumes_1 to None, run_after=None
[2024-09-22T11:04:46.656+0000] {logging_mixin.py:190} INFO - [2024-09-22T11:04:46.656+0000] {dag.py:4180} INFO - Setting next_dagrun for dataset_consumes_1_and_2 to None, run_after=None
[2024-09-22T11:04:46.665+0000] {logging_mixin.py:190} INFO - [2024-09-22T11:04:46.664+0000] {dag.py:4180} INFO - Setting next_dagrun for dataset_consumes_1_never_scheduled to None, run_after=None
[2024-09-22T11:04:46.669+0000] {logging_mixin.py:190} INFO - [2024-09-22T11:04:46.669+0000] {dag.py:4180} INFO - Setting next_dagrun for dataset_consumes_unknown_never_scheduled to None, run_after=None
[2024-09-22T11:04:46.680+0000] {logging_mixin.py:190} INFO - [2024-09-22T11:04:46.680+0000] {dag.py:4180} INFO - Setting next_dagrun for dataset_produces_1 to 2024-09-21 00:00:00+00:00, run_after=2024-09-22 00:00:00+00:00
[2024-09-22T11:04:46.699+0000] {logging_mixin.py:190} INFO - [2024-09-22T11:04:46.698+0000] {dag.py:4180} INFO - Setting next_dagrun for dataset_produces_2 to None, run_after=None
[2024-09-22T11:04:46.879+0000] {processor.py:208} INFO - Processing /home/airflow/.local/lib/python3.12/site-packages/airflow/example_dags/example_datasets.py took 1.169 seconds
[2024-09-22T11:05:17.528+0000] {processor.py:186} INFO - Started process (PID=203) to work on /home/airflow/.local/lib/python3.12/site-packages/airflow/example_dags/example_datasets.py
[2024-09-22T11:05:17.531+0000] {processor.py:914} INFO - Processing file /home/airflow/.local/lib/python3.12/site-packages/airflow/example_dags/example_datasets.py for tasks to queue
[2024-09-22T11:05:17.537+0000] {logging_mixin.py:190} INFO - [2024-09-22T11:05:17.536+0000] {dagbag.py:588} INFO - Filling up the DagBag from /home/airflow/.local/lib/python3.12/site-packages/airflow/example_dags/example_datasets.py
[2024-09-22T11:05:17.979+0000] {processor.py:925} INFO - DAG(s) 'dataset_consumes_1_never_scheduled', 'dataset_consumes_1', 'conditional_dataset_and_time_based_timetable', 'dataset_consumes_unknown_never_scheduled', 'consume_1_and_2_with_dataset_expressions', 'consume_1_or_both_2_and_3_with_dataset_expressions', 'consume_1_or_2_with_dataset_expressions', 'dataset_produces_2', 'dataset_produces_1', 'dataset_consumes_1_and_2' retrieved from /home/airflow/.local/lib/python3.12/site-packages/airflow/example_dags/example_datasets.py
[2024-09-22T11:05:18.198+0000] {logging_mixin.py:190} INFO - [2024-09-22T11:05:18.183+0000] {dag.py:3239} INFO - Sync 10 DAGs
[2024-09-22T11:05:18.398+0000] {logging_mixin.py:190} INFO - [2024-09-22T11:05:18.397+0000] {dag.py:4180} INFO - Setting next_dagrun for conditional_dataset_and_time_based_timetable to 2024-09-18 01:00:00+00:00, run_after=2024-09-18 01:00:00+00:00
[2024-09-22T11:05:18.443+0000] {logging_mixin.py:190} INFO - [2024-09-22T11:05:18.442+0000] {dag.py:4180} INFO - Setting next_dagrun for consume_1_and_2_with_dataset_expressions to None, run_after=None
[2024-09-22T11:05:18.452+0000] {logging_mixin.py:190} INFO - [2024-09-22T11:05:18.451+0000] {dag.py:4180} INFO - Setting next_dagrun for consume_1_or_2_with_dataset_expressions to None, run_after=None
[2024-09-22T11:05:18.459+0000] {logging_mixin.py:190} INFO - [2024-09-22T11:05:18.459+0000] {dag.py:4180} INFO - Setting next_dagrun for consume_1_or_both_2_and_3_with_dataset_expressions to None, run_after=None
[2024-09-22T11:05:18.464+0000] {logging_mixin.py:190} INFO - [2024-09-22T11:05:18.463+0000] {dag.py:4180} INFO - Setting next_dagrun for dataset_consumes_1 to None, run_after=None
[2024-09-22T11:05:18.467+0000] {logging_mixin.py:190} INFO - [2024-09-22T11:05:18.467+0000] {dag.py:4180} INFO - Setting next_dagrun for dataset_consumes_1_and_2 to None, run_after=None
[2024-09-22T11:05:18.471+0000] {logging_mixin.py:190} INFO - [2024-09-22T11:05:18.470+0000] {dag.py:4180} INFO - Setting next_dagrun for dataset_consumes_1_never_scheduled to None, run_after=None
[2024-09-22T11:05:18.474+0000] {logging_mixin.py:190} INFO - [2024-09-22T11:05:18.474+0000] {dag.py:4180} INFO - Setting next_dagrun for dataset_consumes_unknown_never_scheduled to None, run_after=None
[2024-09-22T11:05:18.479+0000] {logging_mixin.py:190} INFO - [2024-09-22T11:05:18.478+0000] {dag.py:4180} INFO - Setting next_dagrun for dataset_produces_1 to 2024-09-21 00:00:00+00:00, run_after=2024-09-22 00:00:00+00:00
[2024-09-22T11:05:18.483+0000] {logging_mixin.py:190} INFO - [2024-09-22T11:05:18.483+0000] {dag.py:4180} INFO - Setting next_dagrun for dataset_produces_2 to None, run_after=None
[2024-09-22T11:05:18.879+0000] {processor.py:208} INFO - Processing /home/airflow/.local/lib/python3.12/site-packages/airflow/example_dags/example_datasets.py took 1.364 seconds
[2024-09-22T11:05:49.401+0000] {processor.py:186} INFO - Started process (PID=272) to work on /home/airflow/.local/lib/python3.12/site-packages/airflow/example_dags/example_datasets.py
[2024-09-22T11:05:49.405+0000] {processor.py:914} INFO - Processing file /home/airflow/.local/lib/python3.12/site-packages/airflow/example_dags/example_datasets.py for tasks to queue
[2024-09-22T11:05:49.418+0000] {logging_mixin.py:190} INFO - [2024-09-22T11:05:49.416+0000] {dagbag.py:588} INFO - Filling up the DagBag from /home/airflow/.local/lib/python3.12/site-packages/airflow/example_dags/example_datasets.py
[2024-09-22T11:05:49.789+0000] {processor.py:925} INFO - DAG(s) 'conditional_dataset_and_time_based_timetable', 'dataset_produces_1', 'consume_1_and_2_with_dataset_expressions', 'dataset_produces_2', 'dataset_consumes_unknown_never_scheduled', 'consume_1_or_2_with_dataset_expressions', 'dataset_consumes_1_never_scheduled', 'consume_1_or_both_2_and_3_with_dataset_expressions', 'dataset_consumes_1', 'dataset_consumes_1_and_2' retrieved from /home/airflow/.local/lib/python3.12/site-packages/airflow/example_dags/example_datasets.py
[2024-09-22T11:05:49.911+0000] {logging_mixin.py:190} INFO - [2024-09-22T11:05:49.911+0000] {dag.py:3239} INFO - Sync 10 DAGs
[2024-09-22T11:05:49.973+0000] {logging_mixin.py:190} INFO - [2024-09-22T11:05:49.973+0000] {dag.py:4180} INFO - Setting next_dagrun for conditional_dataset_and_time_based_timetable to 2024-09-18 01:00:00+00:00, run_after=2024-09-18 01:00:00+00:00
[2024-09-22T11:05:49.977+0000] {logging_mixin.py:190} INFO - [2024-09-22T11:05:49.976+0000] {dag.py:4180} INFO - Setting next_dagrun for consume_1_and_2_with_dataset_expressions to None, run_after=None
[2024-09-22T11:05:49.978+0000] {logging_mixin.py:190} INFO - [2024-09-22T11:05:49.978+0000] {dag.py:4180} INFO - Setting next_dagrun for consume_1_or_2_with_dataset_expressions to None, run_after=None
[2024-09-22T11:05:49.979+0000] {logging_mixin.py:190} INFO - [2024-09-22T11:05:49.979+0000] {dag.py:4180} INFO - Setting next_dagrun for consume_1_or_both_2_and_3_with_dataset_expressions to None, run_after=None
[2024-09-22T11:05:49.980+0000] {logging_mixin.py:190} INFO - [2024-09-22T11:05:49.980+0000] {dag.py:4180} INFO - Setting next_dagrun for dataset_consumes_1 to None, run_after=None
[2024-09-22T11:05:49.981+0000] {logging_mixin.py:190} INFO - [2024-09-22T11:05:49.980+0000] {dag.py:4180} INFO - Setting next_dagrun for dataset_consumes_1_and_2 to None, run_after=None
[2024-09-22T11:05:49.982+0000] {logging_mixin.py:190} INFO - [2024-09-22T11:05:49.982+0000] {dag.py:4180} INFO - Setting next_dagrun for dataset_consumes_1_never_scheduled to None, run_after=None
[2024-09-22T11:05:49.987+0000] {logging_mixin.py:190} INFO - [2024-09-22T11:05:49.986+0000] {dag.py:4180} INFO - Setting next_dagrun for dataset_consumes_unknown_never_scheduled to None, run_after=None
[2024-09-22T11:05:49.998+0000] {logging_mixin.py:190} INFO - [2024-09-22T11:05:49.997+0000] {dag.py:4180} INFO - Setting next_dagrun for dataset_produces_1 to 2024-09-21 00:00:00+00:00, run_after=2024-09-22 00:00:00+00:00
[2024-09-22T11:05:50.002+0000] {logging_mixin.py:190} INFO - [2024-09-22T11:05:50.002+0000] {dag.py:4180} INFO - Setting next_dagrun for dataset_produces_2 to None, run_after=None
[2024-09-22T11:05:50.121+0000] {processor.py:208} INFO - Processing /home/airflow/.local/lib/python3.12/site-packages/airflow/example_dags/example_datasets.py took 0.739 seconds
[2024-09-22T11:06:20.460+0000] {processor.py:186} INFO - Started process (PID=335) to work on /home/airflow/.local/lib/python3.12/site-packages/airflow/example_dags/example_datasets.py
[2024-09-22T11:06:20.462+0000] {processor.py:914} INFO - Processing file /home/airflow/.local/lib/python3.12/site-packages/airflow/example_dags/example_datasets.py for tasks to queue
[2024-09-22T11:06:20.465+0000] {logging_mixin.py:190} INFO - [2024-09-22T11:06:20.464+0000] {dagbag.py:588} INFO - Filling up the DagBag from /home/airflow/.local/lib/python3.12/site-packages/airflow/example_dags/example_datasets.py
[2024-09-22T11:06:20.932+0000] {processor.py:925} INFO - DAG(s) 'dataset_consumes_unknown_never_scheduled', 'dataset_produces_2', 'dataset_consumes_1_never_scheduled', 'consume_1_or_both_2_and_3_with_dataset_expressions', 'dataset_consumes_1', 'conditional_dataset_and_time_based_timetable', 'dataset_produces_1', 'dataset_consumes_1_and_2', 'consume_1_or_2_with_dataset_expressions', 'consume_1_and_2_with_dataset_expressions' retrieved from /home/airflow/.local/lib/python3.12/site-packages/airflow/example_dags/example_datasets.py
[2024-09-22T11:06:21.095+0000] {logging_mixin.py:190} INFO - [2024-09-22T11:06:21.094+0000] {dag.py:3239} INFO - Sync 10 DAGs
[2024-09-22T11:06:21.171+0000] {logging_mixin.py:190} INFO - [2024-09-22T11:06:21.171+0000] {dag.py:4180} INFO - Setting next_dagrun for conditional_dataset_and_time_based_timetable to 2024-09-18 01:00:00+00:00, run_after=2024-09-18 01:00:00+00:00
[2024-09-22T11:06:21.197+0000] {logging_mixin.py:190} INFO - [2024-09-22T11:06:21.196+0000] {dag.py:4180} INFO - Setting next_dagrun for consume_1_and_2_with_dataset_expressions to None, run_after=None
[2024-09-22T11:06:21.225+0000] {logging_mixin.py:190} INFO - [2024-09-22T11:06:21.224+0000] {dag.py:4180} INFO - Setting next_dagrun for consume_1_or_2_with_dataset_expressions to None, run_after=None
[2024-09-22T11:06:21.233+0000] {logging_mixin.py:190} INFO - [2024-09-22T11:06:21.232+0000] {dag.py:4180} INFO - Setting next_dagrun for consume_1_or_both_2_and_3_with_dataset_expressions to None, run_after=None
[2024-09-22T11:06:21.239+0000] {logging_mixin.py:190} INFO - [2024-09-22T11:06:21.237+0000] {dag.py:4180} INFO - Setting next_dagrun for dataset_consumes_1 to None, run_after=None
[2024-09-22T11:06:21.241+0000] {logging_mixin.py:190} INFO - [2024-09-22T11:06:21.241+0000] {dag.py:4180} INFO - Setting next_dagrun for dataset_consumes_1_and_2 to None, run_after=None
[2024-09-22T11:06:21.243+0000] {logging_mixin.py:190} INFO - [2024-09-22T11:06:21.243+0000] {dag.py:4180} INFO - Setting next_dagrun for dataset_consumes_1_never_scheduled to None, run_after=None
[2024-09-22T11:06:21.245+0000] {logging_mixin.py:190} INFO - [2024-09-22T11:06:21.244+0000] {dag.py:4180} INFO - Setting next_dagrun for dataset_consumes_unknown_never_scheduled to None, run_after=None
[2024-09-22T11:06:21.249+0000] {logging_mixin.py:190} INFO - [2024-09-22T11:06:21.248+0000] {dag.py:4180} INFO - Setting next_dagrun for dataset_produces_1 to 2024-09-21 00:00:00+00:00, run_after=2024-09-22 00:00:00+00:00
[2024-09-22T11:06:21.252+0000] {logging_mixin.py:190} INFO - [2024-09-22T11:06:21.252+0000] {dag.py:4180} INFO - Setting next_dagrun for dataset_produces_2 to None, run_after=None
[2024-09-22T11:06:21.404+0000] {processor.py:208} INFO - Processing /home/airflow/.local/lib/python3.12/site-packages/airflow/example_dags/example_datasets.py took 0.951 seconds
[2024-09-22T11:07:01.330+0000] {processor.py:186} INFO - Started process (PID=395) to work on /home/airflow/.local/lib/python3.12/site-packages/airflow/example_dags/example_datasets.py
[2024-09-22T11:07:01.336+0000] {processor.py:914} INFO - Processing file /home/airflow/.local/lib/python3.12/site-packages/airflow/example_dags/example_datasets.py for tasks to queue
[2024-09-22T11:07:01.389+0000] {logging_mixin.py:190} INFO - [2024-09-22T11:07:01.363+0000] {dagbag.py:588} INFO - Filling up the DagBag from /home/airflow/.local/lib/python3.12/site-packages/airflow/example_dags/example_datasets.py
[2024-09-22T11:07:02.995+0000] {processor.py:925} INFO - DAG(s) 'dataset_produces_2', 'conditional_dataset_and_time_based_timetable', 'dataset_consumes_1', 'dataset_consumes_1_and_2', 'consume_1_or_2_with_dataset_expressions', 'consume_1_and_2_with_dataset_expressions', 'dataset_consumes_1_never_scheduled', 'dataset_consumes_unknown_never_scheduled', 'consume_1_or_both_2_and_3_with_dataset_expressions', 'dataset_produces_1' retrieved from /home/airflow/.local/lib/python3.12/site-packages/airflow/example_dags/example_datasets.py
[2024-09-22T11:07:03.952+0000] {logging_mixin.py:190} INFO - [2024-09-22T11:07:03.951+0000] {dag.py:3239} INFO - Sync 10 DAGs
[2024-09-22T11:07:04.072+0000] {logging_mixin.py:190} INFO - [2024-09-22T11:07:04.072+0000] {dag.py:4180} INFO - Setting next_dagrun for conditional_dataset_and_time_based_timetable to 2024-09-18 01:00:00+00:00, run_after=2024-09-18 01:00:00+00:00
[2024-09-22T11:07:04.084+0000] {logging_mixin.py:190} INFO - [2024-09-22T11:07:04.084+0000] {dag.py:4180} INFO - Setting next_dagrun for consume_1_and_2_with_dataset_expressions to None, run_after=None
[2024-09-22T11:07:04.090+0000] {logging_mixin.py:190} INFO - [2024-09-22T11:07:04.089+0000] {dag.py:4180} INFO - Setting next_dagrun for consume_1_or_2_with_dataset_expressions to None, run_after=None
[2024-09-22T11:07:04.100+0000] {logging_mixin.py:190} INFO - [2024-09-22T11:07:04.099+0000] {dag.py:4180} INFO - Setting next_dagrun for consume_1_or_both_2_and_3_with_dataset_expressions to None, run_after=None
[2024-09-22T11:07:04.129+0000] {logging_mixin.py:190} INFO - [2024-09-22T11:07:04.128+0000] {dag.py:4180} INFO - Setting next_dagrun for dataset_consumes_1 to None, run_after=None
[2024-09-22T11:07:04.230+0000] {logging_mixin.py:190} INFO - [2024-09-22T11:07:04.227+0000] {dag.py:4180} INFO - Setting next_dagrun for dataset_consumes_1_and_2 to None, run_after=None
[2024-09-22T11:07:04.268+0000] {logging_mixin.py:190} INFO - [2024-09-22T11:07:04.267+0000] {dag.py:4180} INFO - Setting next_dagrun for dataset_consumes_1_never_scheduled to None, run_after=None
[2024-09-22T11:07:04.286+0000] {logging_mixin.py:190} INFO - [2024-09-22T11:07:04.286+0000] {dag.py:4180} INFO - Setting next_dagrun for dataset_consumes_unknown_never_scheduled to None, run_after=None
[2024-09-22T11:07:04.301+0000] {logging_mixin.py:190} INFO - [2024-09-22T11:07:04.299+0000] {dag.py:4180} INFO - Setting next_dagrun for dataset_produces_1 to 2024-09-21 00:00:00+00:00, run_after=2024-09-22 00:00:00+00:00
[2024-09-22T11:07:04.312+0000] {logging_mixin.py:190} INFO - [2024-09-22T11:07:04.312+0000] {dag.py:4180} INFO - Setting next_dagrun for dataset_produces_2 to None, run_after=None
[2024-09-22T11:07:04.679+0000] {processor.py:208} INFO - Processing /home/airflow/.local/lib/python3.12/site-packages/airflow/example_dags/example_datasets.py took 3.380 seconds
[2024-09-22T11:07:35.801+0000] {processor.py:186} INFO - Started process (PID=457) to work on /home/airflow/.local/lib/python3.12/site-packages/airflow/example_dags/example_datasets.py
[2024-09-22T11:07:35.919+0000] {processor.py:914} INFO - Processing file /home/airflow/.local/lib/python3.12/site-packages/airflow/example_dags/example_datasets.py for tasks to queue
[2024-09-22T11:07:35.979+0000] {logging_mixin.py:190} INFO - [2024-09-22T11:07:35.978+0000] {dagbag.py:588} INFO - Filling up the DagBag from /home/airflow/.local/lib/python3.12/site-packages/airflow/example_dags/example_datasets.py
[2024-09-22T11:07:37.691+0000] {processor.py:925} INFO - DAG(s) 'dataset_produces_1', 'consume_1_or_both_2_and_3_with_dataset_expressions', 'conditional_dataset_and_time_based_timetable', 'dataset_consumes_unknown_never_scheduled', 'dataset_produces_2', 'dataset_consumes_1_never_scheduled', 'consume_1_or_2_with_dataset_expressions', 'dataset_consumes_1_and_2', 'dataset_consumes_1', 'consume_1_and_2_with_dataset_expressions' retrieved from /home/airflow/.local/lib/python3.12/site-packages/airflow/example_dags/example_datasets.py
[2024-09-22T11:07:38.294+0000] {logging_mixin.py:190} INFO - [2024-09-22T11:07:38.285+0000] {dag.py:3239} INFO - Sync 10 DAGs
[2024-09-22T11:07:39.060+0000] {logging_mixin.py:190} INFO - [2024-09-22T11:07:39.019+0000] {dag.py:4180} INFO - Setting next_dagrun for conditional_dataset_and_time_based_timetable to 2024-09-18 01:00:00+00:00, run_after=2024-09-18 01:00:00+00:00
[2024-09-22T11:07:39.282+0000] {logging_mixin.py:190} INFO - [2024-09-22T11:07:39.267+0000] {dag.py:4180} INFO - Setting next_dagrun for consume_1_and_2_with_dataset_expressions to None, run_after=None
[2024-09-22T11:07:39.336+0000] {logging_mixin.py:190} INFO - [2024-09-22T11:07:39.336+0000] {dag.py:4180} INFO - Setting next_dagrun for consume_1_or_2_with_dataset_expressions to None, run_after=None
[2024-09-22T11:07:39.370+0000] {logging_mixin.py:190} INFO - [2024-09-22T11:07:39.364+0000] {dag.py:4180} INFO - Setting next_dagrun for consume_1_or_both_2_and_3_with_dataset_expressions to None, run_after=None
[2024-09-22T11:07:39.409+0000] {logging_mixin.py:190} INFO - [2024-09-22T11:07:39.408+0000] {dag.py:4180} INFO - Setting next_dagrun for dataset_consumes_1 to None, run_after=None
[2024-09-22T11:07:39.438+0000] {logging_mixin.py:190} INFO - [2024-09-22T11:07:39.437+0000] {dag.py:4180} INFO - Setting next_dagrun for dataset_consumes_1_and_2 to None, run_after=None
[2024-09-22T11:07:39.463+0000] {logging_mixin.py:190} INFO - [2024-09-22T11:07:39.463+0000] {dag.py:4180} INFO - Setting next_dagrun for dataset_consumes_1_never_scheduled to None, run_after=None
[2024-09-22T11:07:39.486+0000] {logging_mixin.py:190} INFO - [2024-09-22T11:07:39.486+0000] {dag.py:4180} INFO - Setting next_dagrun for dataset_consumes_unknown_never_scheduled to None, run_after=None
[2024-09-22T11:07:39.545+0000] {logging_mixin.py:190} INFO - [2024-09-22T11:07:39.541+0000] {dag.py:4180} INFO - Setting next_dagrun for dataset_produces_1 to 2024-09-21 00:00:00+00:00, run_after=2024-09-22 00:00:00+00:00
[2024-09-22T11:07:39.559+0000] {logging_mixin.py:190} INFO - [2024-09-22T11:07:39.555+0000] {dag.py:4180} INFO - Setting next_dagrun for dataset_produces_2 to None, run_after=None
