[2024-09-22T11:04:25.358+0000] {processor.py:186} INFO - Started process (PID=108) to work on /home/airflow/.local/lib/python3.12/site-packages/airflow/example_dags/example_short_circuit_decorator.py
[2024-09-22T11:04:25.372+0000] {processor.py:914} INFO - Processing file /home/airflow/.local/lib/python3.12/site-packages/airflow/example_dags/example_short_circuit_decorator.py for tasks to queue
[2024-09-22T11:04:25.393+0000] {logging_mixin.py:190} INFO - [2024-09-22T11:04:25.390+0000] {dagbag.py:588} INFO - Filling up the DagBag from /home/airflow/.local/lib/python3.12/site-packages/airflow/example_dags/example_short_circuit_decorator.py
[2024-09-22T11:04:25.475+0000] {processor.py:925} INFO - DAG(s) 'example_short_circuit_decorator' retrieved from /home/airflow/.local/lib/python3.12/site-packages/airflow/example_dags/example_short_circuit_decorator.py
[2024-09-22T11:04:26.127+0000] {logging_mixin.py:190} INFO - [2024-09-22T11:04:26.121+0000] {override.py:1900} INFO - Created Permission View: can read on DAG:example_short_circuit_decorator
[2024-09-22T11:04:26.201+0000] {logging_mixin.py:190} INFO - [2024-09-22T11:04:26.200+0000] {override.py:1900} INFO - Created Permission View: can edit on DAG:example_short_circuit_decorator
[2024-09-22T11:04:26.235+0000] {logging_mixin.py:190} INFO - [2024-09-22T11:04:26.222+0000] {override.py:1900} INFO - Created Permission View: can delete on DAG:example_short_circuit_decorator
[2024-09-22T11:04:26.250+0000] {logging_mixin.py:190} INFO - [2024-09-22T11:04:26.249+0000] {override.py:1900} INFO - Created Permission View: can read on DAG Run:example_short_circuit_decorator
[2024-09-22T11:04:26.262+0000] {logging_mixin.py:190} INFO - [2024-09-22T11:04:26.261+0000] {override.py:1900} INFO - Created Permission View: menu access on DAG Run:example_short_circuit_decorator
[2024-09-22T11:04:26.276+0000] {logging_mixin.py:190} INFO - [2024-09-22T11:04:26.275+0000] {override.py:1900} INFO - Created Permission View: can create on DAG Run:example_short_circuit_decorator
[2024-09-22T11:04:26.287+0000] {logging_mixin.py:190} INFO - [2024-09-22T11:04:26.286+0000] {override.py:1900} INFO - Created Permission View: can delete on DAG Run:example_short_circuit_decorator
[2024-09-22T11:04:26.297+0000] {logging_mixin.py:190} INFO - [2024-09-22T11:04:26.296+0000] {dag.py:3239} INFO - Sync 1 DAGs
[2024-09-22T11:04:26.322+0000] {logging_mixin.py:190} INFO - [2024-09-22T11:04:26.322+0000] {dag.py:3262} INFO - Creating ORM DAG for example_short_circuit_decorator
[2024-09-22T11:04:26.328+0000] {logging_mixin.py:190} INFO - [2024-09-22T11:04:26.328+0000] {dag.py:4180} INFO - Setting next_dagrun for example_short_circuit_decorator to None, run_after=None
[2024-09-22T11:04:26.420+0000] {processor.py:208} INFO - Processing /home/airflow/.local/lib/python3.12/site-packages/airflow/example_dags/example_short_circuit_decorator.py took 1.089 seconds
[2024-09-22T11:04:57.023+0000] {processor.py:186} INFO - Started process (PID=169) to work on /home/airflow/.local/lib/python3.12/site-packages/airflow/example_dags/example_short_circuit_decorator.py
[2024-09-22T11:04:57.032+0000] {processor.py:914} INFO - Processing file /home/airflow/.local/lib/python3.12/site-packages/airflow/example_dags/example_short_circuit_decorator.py for tasks to queue
[2024-09-22T11:04:57.045+0000] {logging_mixin.py:190} INFO - [2024-09-22T11:04:57.044+0000] {dagbag.py:588} INFO - Filling up the DagBag from /home/airflow/.local/lib/python3.12/site-packages/airflow/example_dags/example_short_circuit_decorator.py
[2024-09-22T11:04:57.095+0000] {processor.py:925} INFO - DAG(s) 'example_short_circuit_decorator' retrieved from /home/airflow/.local/lib/python3.12/site-packages/airflow/example_dags/example_short_circuit_decorator.py
[2024-09-22T11:04:57.222+0000] {logging_mixin.py:190} INFO - [2024-09-22T11:04:57.222+0000] {dag.py:3239} INFO - Sync 1 DAGs
[2024-09-22T11:04:57.268+0000] {logging_mixin.py:190} INFO - [2024-09-22T11:04:57.268+0000] {dag.py:4180} INFO - Setting next_dagrun for example_short_circuit_decorator to None, run_after=None
[2024-09-22T11:04:57.358+0000] {processor.py:208} INFO - Processing /home/airflow/.local/lib/python3.12/site-packages/airflow/example_dags/example_short_circuit_decorator.py took 0.348 seconds
[2024-09-22T11:05:27.734+0000] {processor.py:186} INFO - Started process (PID=231) to work on /home/airflow/.local/lib/python3.12/site-packages/airflow/example_dags/example_short_circuit_decorator.py
[2024-09-22T11:05:27.736+0000] {processor.py:914} INFO - Processing file /home/airflow/.local/lib/python3.12/site-packages/airflow/example_dags/example_short_circuit_decorator.py for tasks to queue
[2024-09-22T11:05:27.742+0000] {logging_mixin.py:190} INFO - [2024-09-22T11:05:27.742+0000] {dagbag.py:588} INFO - Filling up the DagBag from /home/airflow/.local/lib/python3.12/site-packages/airflow/example_dags/example_short_circuit_decorator.py
[2024-09-22T11:05:27.773+0000] {processor.py:925} INFO - DAG(s) 'example_short_circuit_decorator' retrieved from /home/airflow/.local/lib/python3.12/site-packages/airflow/example_dags/example_short_circuit_decorator.py
[2024-09-22T11:05:27.826+0000] {logging_mixin.py:190} INFO - [2024-09-22T11:05:27.825+0000] {dag.py:3239} INFO - Sync 1 DAGs
[2024-09-22T11:05:27.864+0000] {logging_mixin.py:190} INFO - [2024-09-22T11:05:27.864+0000] {dag.py:4180} INFO - Setting next_dagrun for example_short_circuit_decorator to None, run_after=None
[2024-09-22T11:05:27.940+0000] {processor.py:208} INFO - Processing /home/airflow/.local/lib/python3.12/site-packages/airflow/example_dags/example_short_circuit_decorator.py took 0.214 seconds
[2024-09-22T11:05:58.254+0000] {processor.py:186} INFO - Started process (PID=293) to work on /home/airflow/.local/lib/python3.12/site-packages/airflow/example_dags/example_short_circuit_decorator.py
[2024-09-22T11:05:58.255+0000] {processor.py:914} INFO - Processing file /home/airflow/.local/lib/python3.12/site-packages/airflow/example_dags/example_short_circuit_decorator.py for tasks to queue
[2024-09-22T11:05:58.260+0000] {logging_mixin.py:190} INFO - [2024-09-22T11:05:58.258+0000] {dagbag.py:588} INFO - Filling up the DagBag from /home/airflow/.local/lib/python3.12/site-packages/airflow/example_dags/example_short_circuit_decorator.py
[2024-09-22T11:05:58.282+0000] {processor.py:925} INFO - DAG(s) 'example_short_circuit_decorator' retrieved from /home/airflow/.local/lib/python3.12/site-packages/airflow/example_dags/example_short_circuit_decorator.py
[2024-09-22T11:05:58.333+0000] {logging_mixin.py:190} INFO - [2024-09-22T11:05:58.333+0000] {dag.py:3239} INFO - Sync 1 DAGs
[2024-09-22T11:05:58.367+0000] {logging_mixin.py:190} INFO - [2024-09-22T11:05:58.367+0000] {dag.py:4180} INFO - Setting next_dagrun for example_short_circuit_decorator to None, run_after=None
[2024-09-22T11:05:58.480+0000] {processor.py:208} INFO - Processing /home/airflow/.local/lib/python3.12/site-packages/airflow/example_dags/example_short_circuit_decorator.py took 0.236 seconds
[2024-09-22T11:06:28.934+0000] {processor.py:186} INFO - Started process (PID=355) to work on /home/airflow/.local/lib/python3.12/site-packages/airflow/example_dags/example_short_circuit_decorator.py
[2024-09-22T11:06:28.936+0000] {processor.py:914} INFO - Processing file /home/airflow/.local/lib/python3.12/site-packages/airflow/example_dags/example_short_circuit_decorator.py for tasks to queue
[2024-09-22T11:06:28.941+0000] {logging_mixin.py:190} INFO - [2024-09-22T11:06:28.940+0000] {dagbag.py:588} INFO - Filling up the DagBag from /home/airflow/.local/lib/python3.12/site-packages/airflow/example_dags/example_short_circuit_decorator.py
[2024-09-22T11:06:28.993+0000] {processor.py:925} INFO - DAG(s) 'example_short_circuit_decorator' retrieved from /home/airflow/.local/lib/python3.12/site-packages/airflow/example_dags/example_short_circuit_decorator.py
[2024-09-22T11:06:29.047+0000] {logging_mixin.py:190} INFO - [2024-09-22T11:06:29.046+0000] {dag.py:3239} INFO - Sync 1 DAGs
[2024-09-22T11:06:29.067+0000] {logging_mixin.py:190} INFO - [2024-09-22T11:06:29.067+0000] {dag.py:4180} INFO - Setting next_dagrun for example_short_circuit_decorator to None, run_after=None
[2024-09-22T11:06:29.104+0000] {processor.py:208} INFO - Processing /home/airflow/.local/lib/python3.12/site-packages/airflow/example_dags/example_short_circuit_decorator.py took 0.177 seconds
[2024-09-22T11:07:15.815+0000] {processor.py:186} INFO - Started process (PID=417) to work on /home/airflow/.local/lib/python3.12/site-packages/airflow/example_dags/example_short_circuit_decorator.py
[2024-09-22T11:07:15.819+0000] {processor.py:914} INFO - Processing file /home/airflow/.local/lib/python3.12/site-packages/airflow/example_dags/example_short_circuit_decorator.py for tasks to queue
[2024-09-22T11:07:15.833+0000] {logging_mixin.py:190} INFO - [2024-09-22T11:07:15.832+0000] {dagbag.py:588} INFO - Filling up the DagBag from /home/airflow/.local/lib/python3.12/site-packages/airflow/example_dags/example_short_circuit_decorator.py
[2024-09-22T11:07:15.857+0000] {processor.py:925} INFO - DAG(s) 'example_short_circuit_decorator' retrieved from /home/airflow/.local/lib/python3.12/site-packages/airflow/example_dags/example_short_circuit_decorator.py
[2024-09-22T11:07:15.917+0000] {logging_mixin.py:190} INFO - [2024-09-22T11:07:15.917+0000] {dag.py:3239} INFO - Sync 1 DAGs
[2024-09-22T11:07:15.948+0000] {logging_mixin.py:190} INFO - [2024-09-22T11:07:15.948+0000] {dag.py:4180} INFO - Setting next_dagrun for example_short_circuit_decorator to None, run_after=None
[2024-09-22T11:07:15.996+0000] {processor.py:208} INFO - Processing /home/airflow/.local/lib/python3.12/site-packages/airflow/example_dags/example_short_circuit_decorator.py took 0.196 seconds
