[2024-09-22T11:03:18.031+0000] {processor.py:186} INFO - Started process (PID=53) to work on /home/airflow/.local/lib/python3.12/site-packages/airflow/example_dags/example_branch_datetime_operator.py
[2024-09-22T11:03:18.040+0000] {processor.py:914} INFO - Processing file /home/airflow/.local/lib/python3.12/site-packages/airflow/example_dags/example_branch_datetime_operator.py for tasks to queue
[2024-09-22T11:03:18.064+0000] {logging_mixin.py:190} INFO - [2024-09-22T11:03:18.058+0000] {dagbag.py:588} INFO - Filling up the DagBag from /home/airflow/.local/lib/python3.12/site-packages/airflow/example_dags/example_branch_datetime_operator.py
[2024-09-22T11:03:18.183+0000] {processor.py:925} INFO - DAG(s) 'example_branch_datetime_operator', 'example_branch_datetime_operator_2', 'example_branch_datetime_operator_3' retrieved from /home/airflow/.local/lib/python3.12/site-packages/airflow/example_dags/example_branch_datetime_operator.py
[2024-09-22T11:03:19.105+0000] {logging_mixin.py:190} INFO - [2024-09-22T11:03:19.102+0000] {override.py:1900} INFO - Created Permission View: can read on DAG:example_branch_datetime_operator
[2024-09-22T11:03:19.119+0000] {logging_mixin.py:190} INFO - [2024-09-22T11:03:19.119+0000] {override.py:1900} INFO - Created Permission View: can edit on DAG:example_branch_datetime_operator
[2024-09-22T11:03:19.148+0000] {logging_mixin.py:190} INFO - [2024-09-22T11:03:19.148+0000] {override.py:1900} INFO - Created Permission View: can delete on DAG:example_branch_datetime_operator
[2024-09-22T11:03:19.175+0000] {logging_mixin.py:190} INFO - [2024-09-22T11:03:19.175+0000] {override.py:1900} INFO - Created Permission View: can read on DAG Run:example_branch_datetime_operator
[2024-09-22T11:03:19.194+0000] {logging_mixin.py:190} INFO - [2024-09-22T11:03:19.194+0000] {override.py:1900} INFO - Created Permission View: menu access on DAG Run:example_branch_datetime_operator
[2024-09-22T11:03:19.201+0000] {logging_mixin.py:190} INFO - [2024-09-22T11:03:19.200+0000] {override.py:1900} INFO - Created Permission View: can create on DAG Run:example_branch_datetime_operator
[2024-09-22T11:03:19.207+0000] {logging_mixin.py:190} INFO - [2024-09-22T11:03:19.206+0000] {override.py:1900} INFO - Created Permission View: can delete on DAG Run:example_branch_datetime_operator
[2024-09-22T11:03:19.269+0000] {logging_mixin.py:190} INFO - [2024-09-22T11:03:19.268+0000] {override.py:1900} INFO - Created Permission View: can read on DAG:example_branch_datetime_operator_2
[2024-09-22T11:03:19.283+0000] {logging_mixin.py:190} INFO - [2024-09-22T11:03:19.283+0000] {override.py:1900} INFO - Created Permission View: can edit on DAG:example_branch_datetime_operator_2
[2024-09-22T11:03:19.299+0000] {logging_mixin.py:190} INFO - [2024-09-22T11:03:19.299+0000] {override.py:1900} INFO - Created Permission View: can delete on DAG:example_branch_datetime_operator_2
[2024-09-22T11:03:19.323+0000] {logging_mixin.py:190} INFO - [2024-09-22T11:03:19.322+0000] {override.py:1900} INFO - Created Permission View: can read on DAG Run:example_branch_datetime_operator_2
[2024-09-22T11:03:19.360+0000] {logging_mixin.py:190} INFO - [2024-09-22T11:03:19.359+0000] {override.py:1900} INFO - Created Permission View: menu access on DAG Run:example_branch_datetime_operator_2
[2024-09-22T11:03:19.380+0000] {logging_mixin.py:190} INFO - [2024-09-22T11:03:19.380+0000] {override.py:1900} INFO - Created Permission View: can create on DAG Run:example_branch_datetime_operator_2
[2024-09-22T11:03:19.401+0000] {logging_mixin.py:190} INFO - [2024-09-22T11:03:19.400+0000] {override.py:1900} INFO - Created Permission View: can delete on DAG Run:example_branch_datetime_operator_2
[2024-09-22T11:03:19.435+0000] {logging_mixin.py:190} INFO - [2024-09-22T11:03:19.434+0000] {override.py:1900} INFO - Created Permission View: can read on DAG:example_branch_datetime_operator_3
[2024-09-22T11:03:19.470+0000] {logging_mixin.py:190} INFO - [2024-09-22T11:03:19.470+0000] {override.py:1900} INFO - Created Permission View: can edit on DAG:example_branch_datetime_operator_3
[2024-09-22T11:03:19.490+0000] {logging_mixin.py:190} INFO - [2024-09-22T11:03:19.489+0000] {override.py:1900} INFO - Created Permission View: can delete on DAG:example_branch_datetime_operator_3
[2024-09-22T11:03:19.536+0000] {logging_mixin.py:190} INFO - [2024-09-22T11:03:19.535+0000] {override.py:1900} INFO - Created Permission View: can read on DAG Run:example_branch_datetime_operator_3
[2024-09-22T11:03:19.557+0000] {logging_mixin.py:190} INFO - [2024-09-22T11:03:19.556+0000] {override.py:1900} INFO - Created Permission View: menu access on DAG Run:example_branch_datetime_operator_3
[2024-09-22T11:03:19.642+0000] {logging_mixin.py:190} INFO - [2024-09-22T11:03:19.634+0000] {override.py:1900} INFO - Created Permission View: can create on DAG Run:example_branch_datetime_operator_3
[2024-09-22T11:03:19.660+0000] {logging_mixin.py:190} INFO - [2024-09-22T11:03:19.659+0000] {override.py:1900} INFO - Created Permission View: can delete on DAG Run:example_branch_datetime_operator_3
[2024-09-22T11:03:19.664+0000] {logging_mixin.py:190} INFO - [2024-09-22T11:03:19.663+0000] {dag.py:3239} INFO - Sync 3 DAGs
[2024-09-22T11:03:19.744+0000] {logging_mixin.py:190} INFO - [2024-09-22T11:03:19.744+0000] {dag.py:3262} INFO - Creating ORM DAG for example_branch_datetime_operator_2
[2024-09-22T11:03:19.749+0000] {logging_mixin.py:190} INFO - [2024-09-22T11:03:19.749+0000] {dag.py:3262} INFO - Creating ORM DAG for example_branch_datetime_operator
[2024-09-22T11:03:19.752+0000] {logging_mixin.py:190} INFO - [2024-09-22T11:03:19.752+0000] {dag.py:3262} INFO - Creating ORM DAG for example_branch_datetime_operator_3
[2024-09-22T11:03:19.820+0000] {logging_mixin.py:190} INFO - [2024-09-22T11:03:19.817+0000] {dag.py:4180} INFO - Setting next_dagrun for example_branch_datetime_operator to 2024-09-21 00:00:00+00:00, run_after=2024-09-22 00:00:00+00:00
[2024-09-22T11:03:19.832+0000] {logging_mixin.py:190} INFO - [2024-09-22T11:03:19.832+0000] {dag.py:4180} INFO - Setting next_dagrun for example_branch_datetime_operator_2 to 2024-09-21 00:00:00+00:00, run_after=2024-09-22 00:00:00+00:00
[2024-09-22T11:03:19.842+0000] {logging_mixin.py:190} INFO - [2024-09-22T11:03:19.842+0000] {dag.py:4180} INFO - Setting next_dagrun for example_branch_datetime_operator_3 to 2024-09-21 00:00:00+00:00, run_after=2024-09-22 00:00:00+00:00
[2024-09-22T11:03:19.912+0000] {processor.py:208} INFO - Processing /home/airflow/.local/lib/python3.12/site-packages/airflow/example_dags/example_branch_datetime_operator.py took 1.920 seconds
[2024-09-22T11:04:36.791+0000] {processor.py:186} INFO - Started process (PID=121) to work on /home/airflow/.local/lib/python3.12/site-packages/airflow/example_dags/example_branch_datetime_operator.py
[2024-09-22T11:04:36.803+0000] {processor.py:914} INFO - Processing file /home/airflow/.local/lib/python3.12/site-packages/airflow/example_dags/example_branch_datetime_operator.py for tasks to queue
[2024-09-22T11:04:36.822+0000] {logging_mixin.py:190} INFO - [2024-09-22T11:04:36.815+0000] {dagbag.py:588} INFO - Filling up the DagBag from /home/airflow/.local/lib/python3.12/site-packages/airflow/example_dags/example_branch_datetime_operator.py
[2024-09-22T11:04:36.921+0000] {processor.py:925} INFO - DAG(s) 'example_branch_datetime_operator_2', 'example_branch_datetime_operator', 'example_branch_datetime_operator_3' retrieved from /home/airflow/.local/lib/python3.12/site-packages/airflow/example_dags/example_branch_datetime_operator.py
[2024-09-22T11:04:37.244+0000] {logging_mixin.py:190} INFO - [2024-09-22T11:04:37.239+0000] {dag.py:3239} INFO - Sync 3 DAGs
[2024-09-22T11:04:37.409+0000] {logging_mixin.py:190} INFO - [2024-09-22T11:04:37.408+0000] {dag.py:4180} INFO - Setting next_dagrun for example_branch_datetime_operator to 2024-09-21 00:00:00+00:00, run_after=2024-09-22 00:00:00+00:00
[2024-09-22T11:04:37.446+0000] {logging_mixin.py:190} INFO - [2024-09-22T11:04:37.445+0000] {dag.py:4180} INFO - Setting next_dagrun for example_branch_datetime_operator_2 to 2024-09-21 00:00:00+00:00, run_after=2024-09-22 00:00:00+00:00
[2024-09-22T11:04:37.463+0000] {logging_mixin.py:190} INFO - [2024-09-22T11:04:37.462+0000] {dag.py:4180} INFO - Setting next_dagrun for example_branch_datetime_operator_3 to 2024-09-21 00:00:00+00:00, run_after=2024-09-22 00:00:00+00:00
[2024-09-22T11:04:37.578+0000] {processor.py:208} INFO - Processing /home/airflow/.local/lib/python3.12/site-packages/airflow/example_dags/example_branch_datetime_operator.py took 0.815 seconds
[2024-09-22T11:05:08.644+0000] {processor.py:186} INFO - Started process (PID=182) to work on /home/airflow/.local/lib/python3.12/site-packages/airflow/example_dags/example_branch_datetime_operator.py
[2024-09-22T11:05:08.659+0000] {processor.py:914} INFO - Processing file /home/airflow/.local/lib/python3.12/site-packages/airflow/example_dags/example_branch_datetime_operator.py for tasks to queue
[2024-09-22T11:05:08.675+0000] {logging_mixin.py:190} INFO - [2024-09-22T11:05:08.675+0000] {dagbag.py:588} INFO - Filling up the DagBag from /home/airflow/.local/lib/python3.12/site-packages/airflow/example_dags/example_branch_datetime_operator.py
[2024-09-22T11:05:08.717+0000] {processor.py:925} INFO - DAG(s) 'example_branch_datetime_operator', 'example_branch_datetime_operator_2', 'example_branch_datetime_operator_3' retrieved from /home/airflow/.local/lib/python3.12/site-packages/airflow/example_dags/example_branch_datetime_operator.py
[2024-09-22T11:05:08.813+0000] {logging_mixin.py:190} INFO - [2024-09-22T11:05:08.812+0000] {dag.py:3239} INFO - Sync 3 DAGs
[2024-09-22T11:05:08.873+0000] {logging_mixin.py:190} INFO - [2024-09-22T11:05:08.873+0000] {dag.py:4180} INFO - Setting next_dagrun for example_branch_datetime_operator to 2024-09-21 00:00:00+00:00, run_after=2024-09-22 00:00:00+00:00
[2024-09-22T11:05:08.882+0000] {logging_mixin.py:190} INFO - [2024-09-22T11:05:08.882+0000] {dag.py:4180} INFO - Setting next_dagrun for example_branch_datetime_operator_2 to 2024-09-21 00:00:00+00:00, run_after=2024-09-22 00:00:00+00:00
[2024-09-22T11:05:08.888+0000] {logging_mixin.py:190} INFO - [2024-09-22T11:05:08.887+0000] {dag.py:4180} INFO - Setting next_dagrun for example_branch_datetime_operator_3 to 2024-09-21 00:00:00+00:00, run_after=2024-09-22 00:00:00+00:00
[2024-09-22T11:05:08.979+0000] {processor.py:208} INFO - Processing /home/airflow/.local/lib/python3.12/site-packages/airflow/example_dags/example_branch_datetime_operator.py took 0.347 seconds
[2024-09-22T11:05:39.745+0000] {processor.py:186} INFO - Started process (PID=244) to work on /home/airflow/.local/lib/python3.12/site-packages/airflow/example_dags/example_branch_datetime_operator.py
[2024-09-22T11:05:39.757+0000] {processor.py:914} INFO - Processing file /home/airflow/.local/lib/python3.12/site-packages/airflow/example_dags/example_branch_datetime_operator.py for tasks to queue
[2024-09-22T11:05:39.784+0000] {logging_mixin.py:190} INFO - [2024-09-22T11:05:39.784+0000] {dagbag.py:588} INFO - Filling up the DagBag from /home/airflow/.local/lib/python3.12/site-packages/airflow/example_dags/example_branch_datetime_operator.py
[2024-09-22T11:05:39.810+0000] {processor.py:925} INFO - DAG(s) 'example_branch_datetime_operator', 'example_branch_datetime_operator_3', 'example_branch_datetime_operator_2' retrieved from /home/airflow/.local/lib/python3.12/site-packages/airflow/example_dags/example_branch_datetime_operator.py
[2024-09-22T11:05:39.881+0000] {logging_mixin.py:190} INFO - [2024-09-22T11:05:39.881+0000] {dag.py:3239} INFO - Sync 3 DAGs
[2024-09-22T11:05:39.973+0000] {logging_mixin.py:190} INFO - [2024-09-22T11:05:39.972+0000] {dag.py:4180} INFO - Setting next_dagrun for example_branch_datetime_operator to 2024-09-21 00:00:00+00:00, run_after=2024-09-22 00:00:00+00:00
[2024-09-22T11:05:39.980+0000] {logging_mixin.py:190} INFO - [2024-09-22T11:05:39.980+0000] {dag.py:4180} INFO - Setting next_dagrun for example_branch_datetime_operator_2 to 2024-09-21 00:00:00+00:00, run_after=2024-09-22 00:00:00+00:00
[2024-09-22T11:05:39.984+0000] {logging_mixin.py:190} INFO - [2024-09-22T11:05:39.984+0000] {dag.py:4180} INFO - Setting next_dagrun for example_branch_datetime_operator_3 to 2024-09-21 00:00:00+00:00, run_after=2024-09-22 00:00:00+00:00
[2024-09-22T11:05:40.090+0000] {processor.py:208} INFO - Processing /home/airflow/.local/lib/python3.12/site-packages/airflow/example_dags/example_branch_datetime_operator.py took 0.360 seconds
[2024-09-22T11:06:10.562+0000] {processor.py:186} INFO - Started process (PID=306) to work on /home/airflow/.local/lib/python3.12/site-packages/airflow/example_dags/example_branch_datetime_operator.py
[2024-09-22T11:06:10.563+0000] {processor.py:914} INFO - Processing file /home/airflow/.local/lib/python3.12/site-packages/airflow/example_dags/example_branch_datetime_operator.py for tasks to queue
[2024-09-22T11:06:10.565+0000] {logging_mixin.py:190} INFO - [2024-09-22T11:06:10.565+0000] {dagbag.py:588} INFO - Filling up the DagBag from /home/airflow/.local/lib/python3.12/site-packages/airflow/example_dags/example_branch_datetime_operator.py
[2024-09-22T11:06:10.577+0000] {processor.py:925} INFO - DAG(s) 'example_branch_datetime_operator_2', 'example_branch_datetime_operator_3', 'example_branch_datetime_operator' retrieved from /home/airflow/.local/lib/python3.12/site-packages/airflow/example_dags/example_branch_datetime_operator.py
[2024-09-22T11:06:10.626+0000] {logging_mixin.py:190} INFO - [2024-09-22T11:06:10.626+0000] {dag.py:3239} INFO - Sync 3 DAGs
[2024-09-22T11:06:10.672+0000] {logging_mixin.py:190} INFO - [2024-09-22T11:06:10.671+0000] {dag.py:4180} INFO - Setting next_dagrun for example_branch_datetime_operator to 2024-09-21 00:00:00+00:00, run_after=2024-09-22 00:00:00+00:00
[2024-09-22T11:06:10.681+0000] {logging_mixin.py:190} INFO - [2024-09-22T11:06:10.681+0000] {dag.py:4180} INFO - Setting next_dagrun for example_branch_datetime_operator_2 to 2024-09-21 00:00:00+00:00, run_after=2024-09-22 00:00:00+00:00
[2024-09-22T11:06:10.689+0000] {logging_mixin.py:190} INFO - [2024-09-22T11:06:10.688+0000] {dag.py:4180} INFO - Setting next_dagrun for example_branch_datetime_operator_3 to 2024-09-21 00:00:00+00:00, run_after=2024-09-22 00:00:00+00:00
[2024-09-22T11:06:10.725+0000] {processor.py:208} INFO - Processing /home/airflow/.local/lib/python3.12/site-packages/airflow/example_dags/example_branch_datetime_operator.py took 0.168 seconds
[2024-09-22T11:06:44.175+0000] {processor.py:186} INFO - Started process (PID=366) to work on /home/airflow/.local/lib/python3.12/site-packages/airflow/example_dags/example_branch_datetime_operator.py
[2024-09-22T11:06:44.177+0000] {processor.py:914} INFO - Processing file /home/airflow/.local/lib/python3.12/site-packages/airflow/example_dags/example_branch_datetime_operator.py for tasks to queue
[2024-09-22T11:06:44.187+0000] {logging_mixin.py:190} INFO - [2024-09-22T11:06:44.185+0000] {dagbag.py:588} INFO - Filling up the DagBag from /home/airflow/.local/lib/python3.12/site-packages/airflow/example_dags/example_branch_datetime_operator.py
[2024-09-22T11:06:44.245+0000] {processor.py:925} INFO - DAG(s) 'example_branch_datetime_operator_3', 'example_branch_datetime_operator', 'example_branch_datetime_operator_2' retrieved from /home/airflow/.local/lib/python3.12/site-packages/airflow/example_dags/example_branch_datetime_operator.py
[2024-09-22T11:06:44.344+0000] {logging_mixin.py:190} INFO - [2024-09-22T11:06:44.343+0000] {dag.py:3239} INFO - Sync 3 DAGs
[2024-09-22T11:06:44.421+0000] {logging_mixin.py:190} INFO - [2024-09-22T11:06:44.420+0000] {dag.py:4180} INFO - Setting next_dagrun for example_branch_datetime_operator to 2024-09-21 00:00:00+00:00, run_after=2024-09-22 00:00:00+00:00
[2024-09-22T11:06:44.430+0000] {logging_mixin.py:190} INFO - [2024-09-22T11:06:44.429+0000] {dag.py:4180} INFO - Setting next_dagrun for example_branch_datetime_operator_2 to 2024-09-21 00:00:00+00:00, run_after=2024-09-22 00:00:00+00:00
[2024-09-22T11:06:44.435+0000] {logging_mixin.py:190} INFO - [2024-09-22T11:06:44.435+0000] {dag.py:4180} INFO - Setting next_dagrun for example_branch_datetime_operator_3 to 2024-09-21 00:00:00+00:00, run_after=2024-09-22 00:00:00+00:00
[2024-09-22T11:06:44.477+0000] {processor.py:208} INFO - Processing /home/airflow/.local/lib/python3.12/site-packages/airflow/example_dags/example_branch_datetime_operator.py took 0.374 seconds
[2024-09-22T11:07:16.266+0000] {processor.py:186} INFO - Started process (PID=420) to work on /home/airflow/.local/lib/python3.12/site-packages/airflow/example_dags/example_branch_datetime_operator.py
[2024-09-22T11:07:16.273+0000] {processor.py:914} INFO - Processing file /home/airflow/.local/lib/python3.12/site-packages/airflow/example_dags/example_branch_datetime_operator.py for tasks to queue
[2024-09-22T11:07:16.281+0000] {logging_mixin.py:190} INFO - [2024-09-22T11:07:16.280+0000] {dagbag.py:588} INFO - Filling up the DagBag from /home/airflow/.local/lib/python3.12/site-packages/airflow/example_dags/example_branch_datetime_operator.py
[2024-09-22T11:07:16.317+0000] {processor.py:925} INFO - DAG(s) 'example_branch_datetime_operator', 'example_branch_datetime_operator_3', 'example_branch_datetime_operator_2' retrieved from /home/airflow/.local/lib/python3.12/site-packages/airflow/example_dags/example_branch_datetime_operator.py
[2024-09-22T11:07:16.428+0000] {logging_mixin.py:190} INFO - [2024-09-22T11:07:16.428+0000] {dag.py:3239} INFO - Sync 3 DAGs
[2024-09-22T11:07:16.510+0000] {logging_mixin.py:190} INFO - [2024-09-22T11:07:16.509+0000] {dag.py:4180} INFO - Setting next_dagrun for example_branch_datetime_operator to 2024-09-21 00:00:00+00:00, run_after=2024-09-22 00:00:00+00:00
[2024-09-22T11:07:16.528+0000] {logging_mixin.py:190} INFO - [2024-09-22T11:07:16.527+0000] {dag.py:4180} INFO - Setting next_dagrun for example_branch_datetime_operator_2 to 2024-09-21 00:00:00+00:00, run_after=2024-09-22 00:00:00+00:00
[2024-09-22T11:07:16.534+0000] {logging_mixin.py:190} INFO - [2024-09-22T11:07:16.533+0000] {dag.py:4180} INFO - Setting next_dagrun for example_branch_datetime_operator_3 to 2024-09-21 00:00:00+00:00, run_after=2024-09-22 00:00:00+00:00
[2024-09-22T11:07:16.597+0000] {processor.py:208} INFO - Processing /home/airflow/.local/lib/python3.12/site-packages/airflow/example_dags/example_branch_datetime_operator.py took 0.346 seconds
