[2024-09-22T11:04:07.593+0000] {processor.py:186} INFO - Started process (PID=89) to work on /home/airflow/.local/lib/python3.12/site-packages/airflow/example_dags/example_kubernetes_executor.py
[2024-09-22T11:04:07.607+0000] {processor.py:914} INFO - Processing file /home/airflow/.local/lib/python3.12/site-packages/airflow/example_dags/example_kubernetes_executor.py for tasks to queue
[2024-09-22T11:04:07.814+0000] {logging_mixin.py:190} INFO - [2024-09-22T11:04:07.805+0000] {dagbag.py:588} INFO - Filling up the DagBag from /home/airflow/.local/lib/python3.12/site-packages/airflow/example_dags/example_kubernetes_executor.py
[2024-09-22T11:04:08.223+0000] {processor.py:925} INFO - DAG(s) 'example_kubernetes_executor' retrieved from /home/airflow/.local/lib/python3.12/site-packages/airflow/example_dags/example_kubernetes_executor.py
[2024-09-22T11:04:10.705+0000] {logging_mixin.py:190} INFO - [2024-09-22T11:04:10.671+0000] {override.py:1900} INFO - Created Permission View: can read on DAG:example_kubernetes_executor
[2024-09-22T11:04:10.807+0000] {logging_mixin.py:190} INFO - [2024-09-22T11:04:10.806+0000] {override.py:1900} INFO - Created Permission View: can edit on DAG:example_kubernetes_executor
[2024-09-22T11:04:10.813+0000] {logging_mixin.py:190} INFO - [2024-09-22T11:04:10.813+0000] {override.py:1900} INFO - Created Permission View: can delete on DAG:example_kubernetes_executor
[2024-09-22T11:04:10.823+0000] {logging_mixin.py:190} INFO - [2024-09-22T11:04:10.823+0000] {override.py:1900} INFO - Created Permission View: can read on DAG Run:example_kubernetes_executor
[2024-09-22T11:04:10.835+0000] {logging_mixin.py:190} INFO - [2024-09-22T11:04:10.834+0000] {override.py:1900} INFO - Created Permission View: menu access on DAG Run:example_kubernetes_executor
[2024-09-22T11:04:10.843+0000] {logging_mixin.py:190} INFO - [2024-09-22T11:04:10.843+0000] {override.py:1900} INFO - Created Permission View: can create on DAG Run:example_kubernetes_executor
[2024-09-22T11:04:10.847+0000] {logging_mixin.py:190} INFO - [2024-09-22T11:04:10.847+0000] {override.py:1900} INFO - Created Permission View: can delete on DAG Run:example_kubernetes_executor
[2024-09-22T11:04:10.849+0000] {logging_mixin.py:190} INFO - [2024-09-22T11:04:10.848+0000] {dag.py:3239} INFO - Sync 1 DAGs
[2024-09-22T11:04:10.876+0000] {logging_mixin.py:190} INFO - [2024-09-22T11:04:10.875+0000] {dag.py:3262} INFO - Creating ORM DAG for example_kubernetes_executor
[2024-09-22T11:04:10.882+0000] {logging_mixin.py:190} INFO - [2024-09-22T11:04:10.881+0000] {dag.py:4180} INFO - Setting next_dagrun for example_kubernetes_executor to None, run_after=None
[2024-09-22T11:04:10.929+0000] {processor.py:208} INFO - Processing /home/airflow/.local/lib/python3.12/site-packages/airflow/example_dags/example_kubernetes_executor.py took 3.498 seconds
[2024-09-22T11:04:49.674+0000] {processor.py:186} INFO - Started process (PID=156) to work on /home/airflow/.local/lib/python3.12/site-packages/airflow/example_dags/example_kubernetes_executor.py
[2024-09-22T11:04:49.677+0000] {processor.py:914} INFO - Processing file /home/airflow/.local/lib/python3.12/site-packages/airflow/example_dags/example_kubernetes_executor.py for tasks to queue
[2024-09-22T11:04:49.684+0000] {logging_mixin.py:190} INFO - [2024-09-22T11:04:49.682+0000] {dagbag.py:588} INFO - Filling up the DagBag from /home/airflow/.local/lib/python3.12/site-packages/airflow/example_dags/example_kubernetes_executor.py
[2024-09-22T11:04:49.718+0000] {processor.py:925} INFO - DAG(s) 'example_kubernetes_executor' retrieved from /home/airflow/.local/lib/python3.12/site-packages/airflow/example_dags/example_kubernetes_executor.py
[2024-09-22T11:04:49.885+0000] {logging_mixin.py:190} INFO - [2024-09-22T11:04:49.884+0000] {dag.py:3239} INFO - Sync 1 DAGs
[2024-09-22T11:04:49.918+0000] {logging_mixin.py:190} INFO - [2024-09-22T11:04:49.918+0000] {dag.py:4180} INFO - Setting next_dagrun for example_kubernetes_executor to None, run_after=None
[2024-09-22T11:04:50.018+0000] {processor.py:208} INFO - Processing /home/airflow/.local/lib/python3.12/site-packages/airflow/example_dags/example_kubernetes_executor.py took 0.350 seconds
[2024-09-22T11:05:20.827+0000] {processor.py:186} INFO - Started process (PID=218) to work on /home/airflow/.local/lib/python3.12/site-packages/airflow/example_dags/example_kubernetes_executor.py
[2024-09-22T11:05:20.832+0000] {processor.py:914} INFO - Processing file /home/airflow/.local/lib/python3.12/site-packages/airflow/example_dags/example_kubernetes_executor.py for tasks to queue
[2024-09-22T11:05:20.840+0000] {logging_mixin.py:190} INFO - [2024-09-22T11:05:20.839+0000] {dagbag.py:588} INFO - Filling up the DagBag from /home/airflow/.local/lib/python3.12/site-packages/airflow/example_dags/example_kubernetes_executor.py
[2024-09-22T11:05:20.895+0000] {processor.py:925} INFO - DAG(s) 'example_kubernetes_executor' retrieved from /home/airflow/.local/lib/python3.12/site-packages/airflow/example_dags/example_kubernetes_executor.py
[2024-09-22T11:05:20.993+0000] {logging_mixin.py:190} INFO - [2024-09-22T11:05:20.993+0000] {dag.py:3239} INFO - Sync 1 DAGs
[2024-09-22T11:05:21.028+0000] {logging_mixin.py:190} INFO - [2024-09-22T11:05:21.028+0000] {dag.py:4180} INFO - Setting next_dagrun for example_kubernetes_executor to None, run_after=None
[2024-09-22T11:05:21.094+0000] {processor.py:208} INFO - Processing /home/airflow/.local/lib/python3.12/site-packages/airflow/example_dags/example_kubernetes_executor.py took 0.286 seconds
[2024-09-22T11:05:52.041+0000] {processor.py:186} INFO - Started process (PID=280) to work on /home/airflow/.local/lib/python3.12/site-packages/airflow/example_dags/example_kubernetes_executor.py
[2024-09-22T11:05:52.043+0000] {processor.py:914} INFO - Processing file /home/airflow/.local/lib/python3.12/site-packages/airflow/example_dags/example_kubernetes_executor.py for tasks to queue
[2024-09-22T11:05:52.047+0000] {logging_mixin.py:190} INFO - [2024-09-22T11:05:52.046+0000] {dagbag.py:588} INFO - Filling up the DagBag from /home/airflow/.local/lib/python3.12/site-packages/airflow/example_dags/example_kubernetes_executor.py
[2024-09-22T11:05:52.105+0000] {processor.py:925} INFO - DAG(s) 'example_kubernetes_executor' retrieved from /home/airflow/.local/lib/python3.12/site-packages/airflow/example_dags/example_kubernetes_executor.py
[2024-09-22T11:05:52.216+0000] {logging_mixin.py:190} INFO - [2024-09-22T11:05:52.215+0000] {dag.py:3239} INFO - Sync 1 DAGs
[2024-09-22T11:05:52.251+0000] {logging_mixin.py:190} INFO - [2024-09-22T11:05:52.251+0000] {dag.py:4180} INFO - Setting next_dagrun for example_kubernetes_executor to None, run_after=None
[2024-09-22T11:05:52.290+0000] {processor.py:208} INFO - Processing /home/airflow/.local/lib/python3.12/site-packages/airflow/example_dags/example_kubernetes_executor.py took 0.275 seconds
[2024-09-22T11:06:23.100+0000] {processor.py:186} INFO - Started process (PID=342) to work on /home/airflow/.local/lib/python3.12/site-packages/airflow/example_dags/example_kubernetes_executor.py
[2024-09-22T11:06:23.112+0000] {processor.py:914} INFO - Processing file /home/airflow/.local/lib/python3.12/site-packages/airflow/example_dags/example_kubernetes_executor.py for tasks to queue
[2024-09-22T11:06:23.118+0000] {logging_mixin.py:190} INFO - [2024-09-22T11:06:23.117+0000] {dagbag.py:588} INFO - Filling up the DagBag from /home/airflow/.local/lib/python3.12/site-packages/airflow/example_dags/example_kubernetes_executor.py
[2024-09-22T11:06:23.145+0000] {processor.py:925} INFO - DAG(s) 'example_kubernetes_executor' retrieved from /home/airflow/.local/lib/python3.12/site-packages/airflow/example_dags/example_kubernetes_executor.py
[2024-09-22T11:06:23.212+0000] {logging_mixin.py:190} INFO - [2024-09-22T11:06:23.211+0000] {dag.py:3239} INFO - Sync 1 DAGs
[2024-09-22T11:06:23.236+0000] {logging_mixin.py:190} INFO - [2024-09-22T11:06:23.236+0000] {dag.py:4180} INFO - Setting next_dagrun for example_kubernetes_executor to None, run_after=None
[2024-09-22T11:06:23.345+0000] {processor.py:208} INFO - Processing /home/airflow/.local/lib/python3.12/site-packages/airflow/example_dags/example_kubernetes_executor.py took 0.256 seconds
[2024-09-22T11:07:07.335+0000] {processor.py:186} INFO - Started process (PID=404) to work on /home/airflow/.local/lib/python3.12/site-packages/airflow/example_dags/example_kubernetes_executor.py
[2024-09-22T11:07:07.342+0000] {processor.py:914} INFO - Processing file /home/airflow/.local/lib/python3.12/site-packages/airflow/example_dags/example_kubernetes_executor.py for tasks to queue
[2024-09-22T11:07:07.359+0000] {logging_mixin.py:190} INFO - [2024-09-22T11:07:07.358+0000] {dagbag.py:588} INFO - Filling up the DagBag from /home/airflow/.local/lib/python3.12/site-packages/airflow/example_dags/example_kubernetes_executor.py
[2024-09-22T11:07:07.445+0000] {processor.py:925} INFO - DAG(s) 'example_kubernetes_executor' retrieved from /home/airflow/.local/lib/python3.12/site-packages/airflow/example_dags/example_kubernetes_executor.py
[2024-09-22T11:07:07.806+0000] {logging_mixin.py:190} INFO - [2024-09-22T11:07:07.805+0000] {dag.py:3239} INFO - Sync 1 DAGs
[2024-09-22T11:07:07.895+0000] {logging_mixin.py:190} INFO - [2024-09-22T11:07:07.894+0000] {dag.py:4180} INFO - Setting next_dagrun for example_kubernetes_executor to None, run_after=None
[2024-09-22T11:07:08.121+0000] {processor.py:208} INFO - Processing /home/airflow/.local/lib/python3.12/site-packages/airflow/example_dags/example_kubernetes_executor.py took 0.819 seconds
