[2024-09-22T11:04:21.393+0000] {processor.py:186} INFO - Started process (PID=104) to work on /home/airflow/.local/lib/python3.12/site-packages/airflow/example_dags/example_subdag_operator.py
[2024-09-22T11:04:21.401+0000] {processor.py:914} INFO - Processing file /home/airflow/.local/lib/python3.12/site-packages/airflow/example_dags/example_subdag_operator.py for tasks to queue
[2024-09-22T11:04:21.412+0000] {logging_mixin.py:190} INFO - [2024-09-22T11:04:21.411+0000] {dagbag.py:588} INFO - Filling up the DagBag from /home/airflow/.local/lib/python3.12/site-packages/airflow/example_dags/example_subdag_operator.py
[2024-09-22T11:04:21.548+0000] {processor.py:925} INFO - DAG(s) 'example_subdag_operator.section-1', 'example_subdag_operator.section-2', 'example_subdag_operator' retrieved from /home/airflow/.local/lib/python3.12/site-packages/airflow/example_dags/example_subdag_operator.py
[2024-09-22T11:04:22.214+0000] {logging_mixin.py:190} INFO - [2024-09-22T11:04:22.210+0000] {override.py:1900} INFO - Created Permission View: can read on DAG:example_subdag_operator
[2024-09-22T11:04:22.261+0000] {logging_mixin.py:190} INFO - [2024-09-22T11:04:22.260+0000] {override.py:1900} INFO - Created Permission View: can edit on DAG:example_subdag_operator
[2024-09-22T11:04:22.294+0000] {logging_mixin.py:190} INFO - [2024-09-22T11:04:22.293+0000] {override.py:1900} INFO - Created Permission View: can delete on DAG:example_subdag_operator
[2024-09-22T11:04:22.318+0000] {logging_mixin.py:190} INFO - [2024-09-22T11:04:22.317+0000] {override.py:1900} INFO - Created Permission View: can read on DAG Run:example_subdag_operator
[2024-09-22T11:04:22.342+0000] {logging_mixin.py:190} INFO - [2024-09-22T11:04:22.341+0000] {override.py:1900} INFO - Created Permission View: menu access on DAG Run:example_subdag_operator
[2024-09-22T11:04:22.355+0000] {logging_mixin.py:190} INFO - [2024-09-22T11:04:22.355+0000] {override.py:1900} INFO - Created Permission View: can create on DAG Run:example_subdag_operator
[2024-09-22T11:04:22.365+0000] {logging_mixin.py:190} INFO - [2024-09-22T11:04:22.364+0000] {override.py:1900} INFO - Created Permission View: can delete on DAG Run:example_subdag_operator
[2024-09-22T11:04:22.368+0000] {logging_mixin.py:190} INFO - [2024-09-22T11:04:22.367+0000] {dag.py:3239} INFO - Sync 3 DAGs
[2024-09-22T11:04:22.448+0000] {logging_mixin.py:190} INFO - [2024-09-22T11:04:22.447+0000] {dag.py:3262} INFO - Creating ORM DAG for example_subdag_operator
[2024-09-22T11:04:22.452+0000] {logging_mixin.py:190} INFO - [2024-09-22T11:04:22.452+0000] {dag.py:3262} INFO - Creating ORM DAG for example_subdag_operator.section-1
[2024-09-22T11:04:22.454+0000] {logging_mixin.py:190} INFO - [2024-09-22T11:04:22.454+0000] {dag.py:3262} INFO - Creating ORM DAG for example_subdag_operator.section-2
[2024-09-22T11:04:22.482+0000] {logging_mixin.py:190} INFO - [2024-09-22T11:04:22.482+0000] {dag.py:4180} INFO - Setting next_dagrun for example_subdag_operator to 2022-01-01 00:00:00+00:00, run_after=2022-01-01 00:00:00+00:00
[2024-09-22T11:04:22.486+0000] {logging_mixin.py:190} INFO - [2024-09-22T11:04:22.485+0000] {dag.py:4180} INFO - Setting next_dagrun for example_subdag_operator.section-1 to None, run_after=None
[2024-09-22T11:04:22.488+0000] {logging_mixin.py:190} INFO - [2024-09-22T11:04:22.487+0000] {dag.py:4180} INFO - Setting next_dagrun for example_subdag_operator.section-2 to None, run_after=None
[2024-09-22T11:04:22.539+0000] {logging_mixin.py:190} INFO - [2024-09-22T11:04:22.538+0000] {dag.py:3239} INFO - Sync 2 DAGs
[2024-09-22T11:04:22.567+0000] {logging_mixin.py:190} INFO - [2024-09-22T11:04:22.566+0000] {dag.py:4180} INFO - Setting next_dagrun for example_subdag_operator.section-1 to None, run_after=None
[2024-09-22T11:04:22.585+0000] {logging_mixin.py:190} INFO - [2024-09-22T11:04:22.585+0000] {dag.py:4180} INFO - Setting next_dagrun for example_subdag_operator.section-2 to None, run_after=None
[2024-09-22T11:04:22.629+0000] {processor.py:208} INFO - Processing /home/airflow/.local/lib/python3.12/site-packages/airflow/example_dags/example_subdag_operator.py took 1.274 seconds
[2024-09-22T11:04:52.810+0000] {processor.py:186} INFO - Started process (PID=164) to work on /home/airflow/.local/lib/python3.12/site-packages/airflow/example_dags/example_subdag_operator.py
[2024-09-22T11:04:52.812+0000] {processor.py:914} INFO - Processing file /home/airflow/.local/lib/python3.12/site-packages/airflow/example_dags/example_subdag_operator.py for tasks to queue
[2024-09-22T11:04:52.817+0000] {logging_mixin.py:190} INFO - [2024-09-22T11:04:52.817+0000] {dagbag.py:588} INFO - Filling up the DagBag from /home/airflow/.local/lib/python3.12/site-packages/airflow/example_dags/example_subdag_operator.py
[2024-09-22T11:04:52.961+0000] {processor.py:925} INFO - DAG(s) 'example_subdag_operator.section-1', 'example_subdag_operator.section-2', 'example_subdag_operator' retrieved from /home/airflow/.local/lib/python3.12/site-packages/airflow/example_dags/example_subdag_operator.py
[2024-09-22T11:04:52.993+0000] {logging_mixin.py:190} INFO - [2024-09-22T11:04:52.992+0000] {dag.py:3239} INFO - Sync 3 DAGs
[2024-09-22T11:04:53.032+0000] {logging_mixin.py:190} INFO - [2024-09-22T11:04:53.032+0000] {dag.py:4180} INFO - Setting next_dagrun for example_subdag_operator to 2022-01-01 00:00:00+00:00, run_after=2022-01-01 00:00:00+00:00
[2024-09-22T11:04:53.036+0000] {logging_mixin.py:190} INFO - [2024-09-22T11:04:53.035+0000] {dag.py:4180} INFO - Setting next_dagrun for example_subdag_operator.section-1 to None, run_after=None
[2024-09-22T11:04:53.040+0000] {logging_mixin.py:190} INFO - [2024-09-22T11:04:53.039+0000] {dag.py:4180} INFO - Setting next_dagrun for example_subdag_operator.section-2 to None, run_after=None
[2024-09-22T11:04:53.066+0000] {logging_mixin.py:190} INFO - [2024-09-22T11:04:53.066+0000] {dag.py:3239} INFO - Sync 2 DAGs
[2024-09-22T11:04:53.076+0000] {logging_mixin.py:190} INFO - [2024-09-22T11:04:53.076+0000] {dag.py:4180} INFO - Setting next_dagrun for example_subdag_operator.section-1 to None, run_after=None
[2024-09-22T11:04:53.079+0000] {logging_mixin.py:190} INFO - [2024-09-22T11:04:53.079+0000] {dag.py:4180} INFO - Setting next_dagrun for example_subdag_operator.section-2 to None, run_after=None
[2024-09-22T11:04:53.136+0000] {processor.py:208} INFO - Processing /home/airflow/.local/lib/python3.12/site-packages/airflow/example_dags/example_subdag_operator.py took 0.353 seconds
[2024-09-22T11:05:24.290+0000] {processor.py:186} INFO - Started process (PID=227) to work on /home/airflow/.local/lib/python3.12/site-packages/airflow/example_dags/example_subdag_operator.py
[2024-09-22T11:05:24.291+0000] {processor.py:914} INFO - Processing file /home/airflow/.local/lib/python3.12/site-packages/airflow/example_dags/example_subdag_operator.py for tasks to queue
[2024-09-22T11:05:24.293+0000] {logging_mixin.py:190} INFO - [2024-09-22T11:05:24.293+0000] {dagbag.py:588} INFO - Filling up the DagBag from /home/airflow/.local/lib/python3.12/site-packages/airflow/example_dags/example_subdag_operator.py
[2024-09-22T11:05:24.354+0000] {processor.py:925} INFO - DAG(s) 'example_subdag_operator.section-1', 'example_subdag_operator.section-2', 'example_subdag_operator' retrieved from /home/airflow/.local/lib/python3.12/site-packages/airflow/example_dags/example_subdag_operator.py
[2024-09-22T11:05:24.401+0000] {logging_mixin.py:190} INFO - [2024-09-22T11:05:24.399+0000] {dag.py:3239} INFO - Sync 3 DAGs
[2024-09-22T11:05:24.476+0000] {logging_mixin.py:190} INFO - [2024-09-22T11:05:24.475+0000] {dag.py:4180} INFO - Setting next_dagrun for example_subdag_operator to 2022-01-01 00:00:00+00:00, run_after=2022-01-01 00:00:00+00:00
[2024-09-22T11:05:24.505+0000] {logging_mixin.py:190} INFO - [2024-09-22T11:05:24.505+0000] {dag.py:4180} INFO - Setting next_dagrun for example_subdag_operator.section-1 to None, run_after=None
[2024-09-22T11:05:24.513+0000] {logging_mixin.py:190} INFO - [2024-09-22T11:05:24.512+0000] {dag.py:4180} INFO - Setting next_dagrun for example_subdag_operator.section-2 to None, run_after=None
[2024-09-22T11:05:24.553+0000] {logging_mixin.py:190} INFO - [2024-09-22T11:05:24.552+0000] {dag.py:3239} INFO - Sync 2 DAGs
[2024-09-22T11:05:24.572+0000] {logging_mixin.py:190} INFO - [2024-09-22T11:05:24.572+0000] {dag.py:4180} INFO - Setting next_dagrun for example_subdag_operator.section-1 to None, run_after=None
[2024-09-22T11:05:24.576+0000] {logging_mixin.py:190} INFO - [2024-09-22T11:05:24.575+0000] {dag.py:4180} INFO - Setting next_dagrun for example_subdag_operator.section-2 to None, run_after=None
[2024-09-22T11:05:24.633+0000] {processor.py:208} INFO - Processing /home/airflow/.local/lib/python3.12/site-packages/airflow/example_dags/example_subdag_operator.py took 0.350 seconds
[2024-09-22T11:05:54.884+0000] {processor.py:186} INFO - Started process (PID=289) to work on /home/airflow/.local/lib/python3.12/site-packages/airflow/example_dags/example_subdag_operator.py
[2024-09-22T11:05:54.885+0000] {processor.py:914} INFO - Processing file /home/airflow/.local/lib/python3.12/site-packages/airflow/example_dags/example_subdag_operator.py for tasks to queue
[2024-09-22T11:05:54.887+0000] {logging_mixin.py:190} INFO - [2024-09-22T11:05:54.887+0000] {dagbag.py:588} INFO - Filling up the DagBag from /home/airflow/.local/lib/python3.12/site-packages/airflow/example_dags/example_subdag_operator.py
[2024-09-22T11:05:54.951+0000] {processor.py:925} INFO - DAG(s) 'example_subdag_operator.section-1', 'example_subdag_operator.section-2', 'example_subdag_operator' retrieved from /home/airflow/.local/lib/python3.12/site-packages/airflow/example_dags/example_subdag_operator.py
[2024-09-22T11:05:54.989+0000] {logging_mixin.py:190} INFO - [2024-09-22T11:05:54.988+0000] {dag.py:3239} INFO - Sync 3 DAGs
[2024-09-22T11:05:55.039+0000] {logging_mixin.py:190} INFO - [2024-09-22T11:05:55.038+0000] {dag.py:4180} INFO - Setting next_dagrun for example_subdag_operator to 2022-01-01 00:00:00+00:00, run_after=2022-01-01 00:00:00+00:00
[2024-09-22T11:05:55.054+0000] {logging_mixin.py:190} INFO - [2024-09-22T11:05:55.053+0000] {dag.py:4180} INFO - Setting next_dagrun for example_subdag_operator.section-1 to None, run_after=None
[2024-09-22T11:05:55.061+0000] {logging_mixin.py:190} INFO - [2024-09-22T11:05:55.060+0000] {dag.py:4180} INFO - Setting next_dagrun for example_subdag_operator.section-2 to None, run_after=None
[2024-09-22T11:05:55.076+0000] {logging_mixin.py:190} INFO - [2024-09-22T11:05:55.076+0000] {dag.py:3239} INFO - Sync 2 DAGs
[2024-09-22T11:05:55.082+0000] {logging_mixin.py:190} INFO - [2024-09-22T11:05:55.082+0000] {dag.py:4180} INFO - Setting next_dagrun for example_subdag_operator.section-1 to None, run_after=None
[2024-09-22T11:05:55.083+0000] {logging_mixin.py:190} INFO - [2024-09-22T11:05:55.083+0000] {dag.py:4180} INFO - Setting next_dagrun for example_subdag_operator.section-2 to None, run_after=None
[2024-09-22T11:05:55.122+0000] {processor.py:208} INFO - Processing /home/airflow/.local/lib/python3.12/site-packages/airflow/example_dags/example_subdag_operator.py took 0.249 seconds
[2024-09-22T11:06:25.610+0000] {processor.py:186} INFO - Started process (PID=351) to work on /home/airflow/.local/lib/python3.12/site-packages/airflow/example_dags/example_subdag_operator.py
[2024-09-22T11:06:25.611+0000] {processor.py:914} INFO - Processing file /home/airflow/.local/lib/python3.12/site-packages/airflow/example_dags/example_subdag_operator.py for tasks to queue
[2024-09-22T11:06:25.613+0000] {logging_mixin.py:190} INFO - [2024-09-22T11:06:25.613+0000] {dagbag.py:588} INFO - Filling up the DagBag from /home/airflow/.local/lib/python3.12/site-packages/airflow/example_dags/example_subdag_operator.py
[2024-09-22T11:06:25.660+0000] {processor.py:925} INFO - DAG(s) 'example_subdag_operator.section-1', 'example_subdag_operator.section-2', 'example_subdag_operator' retrieved from /home/airflow/.local/lib/python3.12/site-packages/airflow/example_dags/example_subdag_operator.py
[2024-09-22T11:06:25.670+0000] {logging_mixin.py:190} INFO - [2024-09-22T11:06:25.670+0000] {dag.py:3239} INFO - Sync 3 DAGs
[2024-09-22T11:06:25.691+0000] {logging_mixin.py:190} INFO - [2024-09-22T11:06:25.690+0000] {dag.py:4180} INFO - Setting next_dagrun for example_subdag_operator to 2022-01-01 00:00:00+00:00, run_after=2022-01-01 00:00:00+00:00
[2024-09-22T11:06:25.700+0000] {logging_mixin.py:190} INFO - [2024-09-22T11:06:25.699+0000] {dag.py:4180} INFO - Setting next_dagrun for example_subdag_operator.section-1 to None, run_after=None
[2024-09-22T11:06:25.710+0000] {logging_mixin.py:190} INFO - [2024-09-22T11:06:25.710+0000] {dag.py:4180} INFO - Setting next_dagrun for example_subdag_operator.section-2 to None, run_after=None
[2024-09-22T11:06:25.733+0000] {logging_mixin.py:190} INFO - [2024-09-22T11:06:25.732+0000] {dag.py:3239} INFO - Sync 2 DAGs
[2024-09-22T11:06:25.757+0000] {logging_mixin.py:190} INFO - [2024-09-22T11:06:25.756+0000] {dag.py:4180} INFO - Setting next_dagrun for example_subdag_operator.section-1 to None, run_after=None
[2024-09-22T11:06:25.763+0000] {logging_mixin.py:190} INFO - [2024-09-22T11:06:25.762+0000] {dag.py:4180} INFO - Setting next_dagrun for example_subdag_operator.section-2 to None, run_after=None
[2024-09-22T11:06:25.793+0000] {processor.py:208} INFO - Processing /home/airflow/.local/lib/python3.12/site-packages/airflow/example_dags/example_subdag_operator.py took 0.188 seconds
[2024-09-22T11:07:14.957+0000] {processor.py:186} INFO - Started process (PID=413) to work on /home/airflow/.local/lib/python3.12/site-packages/airflow/example_dags/example_subdag_operator.py
[2024-09-22T11:07:14.961+0000] {processor.py:914} INFO - Processing file /home/airflow/.local/lib/python3.12/site-packages/airflow/example_dags/example_subdag_operator.py for tasks to queue
[2024-09-22T11:07:14.963+0000] {logging_mixin.py:190} INFO - [2024-09-22T11:07:14.963+0000] {dagbag.py:588} INFO - Filling up the DagBag from /home/airflow/.local/lib/python3.12/site-packages/airflow/example_dags/example_subdag_operator.py
[2024-09-22T11:07:15.024+0000] {processor.py:925} INFO - DAG(s) 'example_subdag_operator.section-1', 'example_subdag_operator.section-2', 'example_subdag_operator' retrieved from /home/airflow/.local/lib/python3.12/site-packages/airflow/example_dags/example_subdag_operator.py
[2024-09-22T11:07:15.082+0000] {logging_mixin.py:190} INFO - [2024-09-22T11:07:15.081+0000] {dag.py:3239} INFO - Sync 3 DAGs
[2024-09-22T11:07:15.129+0000] {logging_mixin.py:190} INFO - [2024-09-22T11:07:15.129+0000] {dag.py:4180} INFO - Setting next_dagrun for example_subdag_operator to 2022-01-01 00:00:00+00:00, run_after=2022-01-01 00:00:00+00:00
[2024-09-22T11:07:15.132+0000] {logging_mixin.py:190} INFO - [2024-09-22T11:07:15.132+0000] {dag.py:4180} INFO - Setting next_dagrun for example_subdag_operator.section-1 to None, run_after=None
[2024-09-22T11:07:15.133+0000] {logging_mixin.py:190} INFO - [2024-09-22T11:07:15.133+0000] {dag.py:4180} INFO - Setting next_dagrun for example_subdag_operator.section-2 to None, run_after=None
[2024-09-22T11:07:15.139+0000] {logging_mixin.py:190} INFO - [2024-09-22T11:07:15.138+0000] {dag.py:3239} INFO - Sync 2 DAGs
[2024-09-22T11:07:15.143+0000] {logging_mixin.py:190} INFO - [2024-09-22T11:07:15.142+0000] {dag.py:4180} INFO - Setting next_dagrun for example_subdag_operator.section-1 to None, run_after=None
[2024-09-22T11:07:15.143+0000] {logging_mixin.py:190} INFO - [2024-09-22T11:07:15.143+0000] {dag.py:4180} INFO - Setting next_dagrun for example_subdag_operator.section-2 to None, run_after=None
[2024-09-22T11:07:15.191+0000] {processor.py:208} INFO - Processing /home/airflow/.local/lib/python3.12/site-packages/airflow/example_dags/example_subdag_operator.py took 0.261 seconds
