[2024-09-22T11:04:22.860+0000] {processor.py:186} INFO - Started process (PID=105) to work on /home/airflow/.local/lib/python3.12/site-packages/airflow/example_dags/example_params_trigger_ui.py
[2024-09-22T11:04:22.868+0000] {processor.py:914} INFO - Processing file /home/airflow/.local/lib/python3.12/site-packages/airflow/example_dags/example_params_trigger_ui.py for tasks to queue
[2024-09-22T11:04:22.912+0000] {logging_mixin.py:190} INFO - [2024-09-22T11:04:22.906+0000] {dagbag.py:588} INFO - Filling up the DagBag from /home/airflow/.local/lib/python3.12/site-packages/airflow/example_dags/example_params_trigger_ui.py
[2024-09-22T11:04:23.319+0000] {processor.py:925} INFO - DAG(s) 'example_params_trigger_ui' retrieved from /home/airflow/.local/lib/python3.12/site-packages/airflow/example_dags/example_params_trigger_ui.py
[2024-09-22T11:04:24.437+0000] {logging_mixin.py:190} INFO - [2024-09-22T11:04:24.427+0000] {override.py:1900} INFO - Created Permission View: can read on DAG:example_params_trigger_ui
[2024-09-22T11:04:24.474+0000] {logging_mixin.py:190} INFO - [2024-09-22T11:04:24.473+0000] {override.py:1900} INFO - Created Permission View: can edit on DAG:example_params_trigger_ui
[2024-09-22T11:04:24.506+0000] {logging_mixin.py:190} INFO - [2024-09-22T11:04:24.505+0000] {override.py:1900} INFO - Created Permission View: can delete on DAG:example_params_trigger_ui
[2024-09-22T11:04:24.549+0000] {logging_mixin.py:190} INFO - [2024-09-22T11:04:24.548+0000] {override.py:1900} INFO - Created Permission View: can read on DAG Run:example_params_trigger_ui
[2024-09-22T11:04:24.596+0000] {logging_mixin.py:190} INFO - [2024-09-22T11:04:24.595+0000] {override.py:1900} INFO - Created Permission View: menu access on DAG Run:example_params_trigger_ui
[2024-09-22T11:04:24.615+0000] {logging_mixin.py:190} INFO - [2024-09-22T11:04:24.614+0000] {override.py:1900} INFO - Created Permission View: can create on DAG Run:example_params_trigger_ui
[2024-09-22T11:04:24.645+0000] {logging_mixin.py:190} INFO - [2024-09-22T11:04:24.644+0000] {override.py:1900} INFO - Created Permission View: can delete on DAG Run:example_params_trigger_ui
[2024-09-22T11:04:24.650+0000] {logging_mixin.py:190} INFO - [2024-09-22T11:04:24.650+0000] {dag.py:3239} INFO - Sync 1 DAGs
[2024-09-22T11:04:24.718+0000] {logging_mixin.py:190} INFO - [2024-09-22T11:04:24.716+0000] {dag.py:3262} INFO - Creating ORM DAG for example_params_trigger_ui
[2024-09-22T11:04:24.743+0000] {logging_mixin.py:190} INFO - [2024-09-22T11:04:24.742+0000] {dag.py:4180} INFO - Setting next_dagrun for example_params_trigger_ui to None, run_after=None
[2024-09-22T11:04:24.926+0000] {processor.py:208} INFO - Processing /home/airflow/.local/lib/python3.12/site-packages/airflow/example_dags/example_params_trigger_ui.py took 2.112 seconds
[2024-09-22T11:04:55.473+0000] {processor.py:186} INFO - Started process (PID=166) to work on /home/airflow/.local/lib/python3.12/site-packages/airflow/example_dags/example_params_trigger_ui.py
[2024-09-22T11:04:55.491+0000] {processor.py:914} INFO - Processing file /home/airflow/.local/lib/python3.12/site-packages/airflow/example_dags/example_params_trigger_ui.py for tasks to queue
[2024-09-22T11:04:55.512+0000] {logging_mixin.py:190} INFO - [2024-09-22T11:04:55.509+0000] {dagbag.py:588} INFO - Filling up the DagBag from /home/airflow/.local/lib/python3.12/site-packages/airflow/example_dags/example_params_trigger_ui.py
[2024-09-22T11:04:55.577+0000] {processor.py:925} INFO - DAG(s) 'example_params_trigger_ui' retrieved from /home/airflow/.local/lib/python3.12/site-packages/airflow/example_dags/example_params_trigger_ui.py
[2024-09-22T11:04:55.684+0000] {logging_mixin.py:190} INFO - [2024-09-22T11:04:55.683+0000] {dag.py:3239} INFO - Sync 1 DAGs
[2024-09-22T11:04:55.732+0000] {logging_mixin.py:190} INFO - [2024-09-22T11:04:55.732+0000] {dag.py:4180} INFO - Setting next_dagrun for example_params_trigger_ui to None, run_after=None
[2024-09-22T11:04:55.861+0000] {processor.py:208} INFO - Processing /home/airflow/.local/lib/python3.12/site-packages/airflow/example_dags/example_params_trigger_ui.py took 0.463 seconds
[2024-09-22T11:05:26.423+0000] {processor.py:186} INFO - Started process (PID=228) to work on /home/airflow/.local/lib/python3.12/site-packages/airflow/example_dags/example_params_trigger_ui.py
[2024-09-22T11:05:26.425+0000] {processor.py:914} INFO - Processing file /home/airflow/.local/lib/python3.12/site-packages/airflow/example_dags/example_params_trigger_ui.py for tasks to queue
[2024-09-22T11:05:26.429+0000] {logging_mixin.py:190} INFO - [2024-09-22T11:05:26.429+0000] {dagbag.py:588} INFO - Filling up the DagBag from /home/airflow/.local/lib/python3.12/site-packages/airflow/example_dags/example_params_trigger_ui.py
[2024-09-22T11:05:26.463+0000] {processor.py:925} INFO - DAG(s) 'example_params_trigger_ui' retrieved from /home/airflow/.local/lib/python3.12/site-packages/airflow/example_dags/example_params_trigger_ui.py
[2024-09-22T11:05:26.543+0000] {logging_mixin.py:190} INFO - [2024-09-22T11:05:26.543+0000] {dag.py:3239} INFO - Sync 1 DAGs
[2024-09-22T11:05:26.566+0000] {logging_mixin.py:190} INFO - [2024-09-22T11:05:26.566+0000] {dag.py:4180} INFO - Setting next_dagrun for example_params_trigger_ui to None, run_after=None
[2024-09-22T11:05:26.591+0000] {processor.py:208} INFO - Processing /home/airflow/.local/lib/python3.12/site-packages/airflow/example_dags/example_params_trigger_ui.py took 0.182 seconds
[2024-09-22T11:05:57.211+0000] {processor.py:186} INFO - Started process (PID=290) to work on /home/airflow/.local/lib/python3.12/site-packages/airflow/example_dags/example_params_trigger_ui.py
[2024-09-22T11:05:57.215+0000] {processor.py:914} INFO - Processing file /home/airflow/.local/lib/python3.12/site-packages/airflow/example_dags/example_params_trigger_ui.py for tasks to queue
[2024-09-22T11:05:57.231+0000] {logging_mixin.py:190} INFO - [2024-09-22T11:05:57.229+0000] {dagbag.py:588} INFO - Filling up the DagBag from /home/airflow/.local/lib/python3.12/site-packages/airflow/example_dags/example_params_trigger_ui.py
[2024-09-22T11:05:57.258+0000] {processor.py:925} INFO - DAG(s) 'example_params_trigger_ui' retrieved from /home/airflow/.local/lib/python3.12/site-packages/airflow/example_dags/example_params_trigger_ui.py
[2024-09-22T11:05:57.332+0000] {logging_mixin.py:190} INFO - [2024-09-22T11:05:57.331+0000] {dag.py:3239} INFO - Sync 1 DAGs
[2024-09-22T11:05:57.354+0000] {logging_mixin.py:190} INFO - [2024-09-22T11:05:57.354+0000] {dag.py:4180} INFO - Setting next_dagrun for example_params_trigger_ui to None, run_after=None
[2024-09-22T11:05:57.408+0000] {processor.py:208} INFO - Processing /home/airflow/.local/lib/python3.12/site-packages/airflow/example_dags/example_params_trigger_ui.py took 0.215 seconds
[2024-09-22T11:06:27.693+0000] {processor.py:186} INFO - Started process (PID=352) to work on /home/airflow/.local/lib/python3.12/site-packages/airflow/example_dags/example_params_trigger_ui.py
[2024-09-22T11:06:27.695+0000] {processor.py:914} INFO - Processing file /home/airflow/.local/lib/python3.12/site-packages/airflow/example_dags/example_params_trigger_ui.py for tasks to queue
[2024-09-22T11:06:27.699+0000] {logging_mixin.py:190} INFO - [2024-09-22T11:06:27.698+0000] {dagbag.py:588} INFO - Filling up the DagBag from /home/airflow/.local/lib/python3.12/site-packages/airflow/example_dags/example_params_trigger_ui.py
[2024-09-22T11:06:27.723+0000] {processor.py:925} INFO - DAG(s) 'example_params_trigger_ui' retrieved from /home/airflow/.local/lib/python3.12/site-packages/airflow/example_dags/example_params_trigger_ui.py
[2024-09-22T11:06:27.772+0000] {logging_mixin.py:190} INFO - [2024-09-22T11:06:27.772+0000] {dag.py:3239} INFO - Sync 1 DAGs
[2024-09-22T11:06:27.794+0000] {logging_mixin.py:190} INFO - [2024-09-22T11:06:27.793+0000] {dag.py:4180} INFO - Setting next_dagrun for example_params_trigger_ui to None, run_after=None
[2024-09-22T11:06:27.822+0000] {processor.py:208} INFO - Processing /home/airflow/.local/lib/python3.12/site-packages/airflow/example_dags/example_params_trigger_ui.py took 0.155 seconds
[2024-09-22T11:07:15.228+0000] {processor.py:186} INFO - Started process (PID=414) to work on /home/airflow/.local/lib/python3.12/site-packages/airflow/example_dags/example_params_trigger_ui.py
[2024-09-22T11:07:15.234+0000] {processor.py:914} INFO - Processing file /home/airflow/.local/lib/python3.12/site-packages/airflow/example_dags/example_params_trigger_ui.py for tasks to queue
[2024-09-22T11:07:15.243+0000] {logging_mixin.py:190} INFO - [2024-09-22T11:07:15.242+0000] {dagbag.py:588} INFO - Filling up the DagBag from /home/airflow/.local/lib/python3.12/site-packages/airflow/example_dags/example_params_trigger_ui.py
[2024-09-22T11:07:15.268+0000] {processor.py:925} INFO - DAG(s) 'example_params_trigger_ui' retrieved from /home/airflow/.local/lib/python3.12/site-packages/airflow/example_dags/example_params_trigger_ui.py
[2024-09-22T11:07:15.402+0000] {logging_mixin.py:190} INFO - [2024-09-22T11:07:15.400+0000] {dag.py:3239} INFO - Sync 1 DAGs
[2024-09-22T11:07:15.435+0000] {logging_mixin.py:190} INFO - [2024-09-22T11:07:15.434+0000] {dag.py:4180} INFO - Setting next_dagrun for example_params_trigger_ui to None, run_after=None
[2024-09-22T11:07:15.457+0000] {processor.py:208} INFO - Processing /home/airflow/.local/lib/python3.12/site-packages/airflow/example_dags/example_params_trigger_ui.py took 0.236 seconds
