[2024-09-22T11:04:31.944+0000] {processor.py:186} INFO - Started process (PID=112) to work on /home/airflow/.local/lib/python3.12/site-packages/airflow/example_dags/example_sensors.py
[2024-09-22T11:04:31.950+0000] {processor.py:914} INFO - Processing file /home/airflow/.local/lib/python3.12/site-packages/airflow/example_dags/example_sensors.py for tasks to queue
[2024-09-22T11:04:31.982+0000] {logging_mixin.py:190} INFO - [2024-09-22T11:04:31.975+0000] {dagbag.py:588} INFO - Filling up the DagBag from /home/airflow/.local/lib/python3.12/site-packages/airflow/example_dags/example_sensors.py
[2024-09-22T11:04:32.067+0000] {processor.py:925} INFO - DAG(s) 'example_sensors' retrieved from /home/airflow/.local/lib/python3.12/site-packages/airflow/example_dags/example_sensors.py
[2024-09-22T11:04:33.107+0000] {logging_mixin.py:190} INFO - [2024-09-22T11:04:33.067+0000] {override.py:1900} INFO - Created Permission View: can read on DAG:example_sensors
[2024-09-22T11:04:33.188+0000] {logging_mixin.py:190} INFO - [2024-09-22T11:04:33.187+0000] {override.py:1900} INFO - Created Permission View: can edit on DAG:example_sensors
[2024-09-22T11:04:33.272+0000] {logging_mixin.py:190} INFO - [2024-09-22T11:04:33.270+0000] {override.py:1900} INFO - Created Permission View: can delete on DAG:example_sensors
[2024-09-22T11:04:33.295+0000] {logging_mixin.py:190} INFO - [2024-09-22T11:04:33.294+0000] {override.py:1900} INFO - Created Permission View: can read on DAG Run:example_sensors
[2024-09-22T11:04:33.328+0000] {logging_mixin.py:190} INFO - [2024-09-22T11:04:33.327+0000] {override.py:1900} INFO - Created Permission View: menu access on DAG Run:example_sensors
[2024-09-22T11:04:33.363+0000] {logging_mixin.py:190} INFO - [2024-09-22T11:04:33.362+0000] {override.py:1900} INFO - Created Permission View: can create on DAG Run:example_sensors
[2024-09-22T11:04:33.409+0000] {logging_mixin.py:190} INFO - [2024-09-22T11:04:33.409+0000] {override.py:1900} INFO - Created Permission View: can delete on DAG Run:example_sensors
[2024-09-22T11:04:33.448+0000] {logging_mixin.py:190} INFO - [2024-09-22T11:04:33.429+0000] {dag.py:3239} INFO - Sync 1 DAGs
[2024-09-22T11:04:33.580+0000] {logging_mixin.py:190} INFO - [2024-09-22T11:04:33.579+0000] {dag.py:3262} INFO - Creating ORM DAG for example_sensors
[2024-09-22T11:04:33.584+0000] {logging_mixin.py:190} INFO - [2024-09-22T11:04:33.584+0000] {dag.py:4180} INFO - Setting next_dagrun for example_sensors to None, run_after=None
[2024-09-22T11:04:33.742+0000] {processor.py:208} INFO - Processing /home/airflow/.local/lib/python3.12/site-packages/airflow/example_dags/example_sensors.py took 1.855 seconds
[2024-09-22T11:05:04.184+0000] {processor.py:186} INFO - Started process (PID=173) to work on /home/airflow/.local/lib/python3.12/site-packages/airflow/example_dags/example_sensors.py
[2024-09-22T11:05:04.190+0000] {processor.py:914} INFO - Processing file /home/airflow/.local/lib/python3.12/site-packages/airflow/example_dags/example_sensors.py for tasks to queue
[2024-09-22T11:05:04.197+0000] {logging_mixin.py:190} INFO - [2024-09-22T11:05:04.196+0000] {dagbag.py:588} INFO - Filling up the DagBag from /home/airflow/.local/lib/python3.12/site-packages/airflow/example_dags/example_sensors.py
[2024-09-22T11:05:04.251+0000] {processor.py:925} INFO - DAG(s) 'example_sensors' retrieved from /home/airflow/.local/lib/python3.12/site-packages/airflow/example_dags/example_sensors.py
[2024-09-22T11:05:04.373+0000] {logging_mixin.py:190} INFO - [2024-09-22T11:05:04.373+0000] {dag.py:3239} INFO - Sync 1 DAGs
[2024-09-22T11:05:04.435+0000] {logging_mixin.py:190} INFO - [2024-09-22T11:05:04.435+0000] {dag.py:4180} INFO - Setting next_dagrun for example_sensors to None, run_after=None
[2024-09-22T11:05:04.493+0000] {processor.py:208} INFO - Processing /home/airflow/.local/lib/python3.12/site-packages/airflow/example_dags/example_sensors.py took 0.326 seconds
[2024-09-22T11:05:35.477+0000] {processor.py:186} INFO - Started process (PID=235) to work on /home/airflow/.local/lib/python3.12/site-packages/airflow/example_dags/example_sensors.py
[2024-09-22T11:05:35.481+0000] {processor.py:914} INFO - Processing file /home/airflow/.local/lib/python3.12/site-packages/airflow/example_dags/example_sensors.py for tasks to queue
[2024-09-22T11:05:35.488+0000] {logging_mixin.py:190} INFO - [2024-09-22T11:05:35.487+0000] {dagbag.py:588} INFO - Filling up the DagBag from /home/airflow/.local/lib/python3.12/site-packages/airflow/example_dags/example_sensors.py
[2024-09-22T11:05:35.524+0000] {processor.py:925} INFO - DAG(s) 'example_sensors' retrieved from /home/airflow/.local/lib/python3.12/site-packages/airflow/example_dags/example_sensors.py
[2024-09-22T11:05:35.584+0000] {logging_mixin.py:190} INFO - [2024-09-22T11:05:35.583+0000] {dag.py:3239} INFO - Sync 1 DAGs
[2024-09-22T11:05:35.607+0000] {logging_mixin.py:190} INFO - [2024-09-22T11:05:35.607+0000] {dag.py:4180} INFO - Setting next_dagrun for example_sensors to None, run_after=None
[2024-09-22T11:05:35.644+0000] {processor.py:208} INFO - Processing /home/airflow/.local/lib/python3.12/site-packages/airflow/example_dags/example_sensors.py took 0.180 seconds
[2024-09-22T11:06:05.964+0000] {processor.py:186} INFO - Started process (PID=297) to work on /home/airflow/.local/lib/python3.12/site-packages/airflow/example_dags/example_sensors.py
[2024-09-22T11:06:05.965+0000] {processor.py:914} INFO - Processing file /home/airflow/.local/lib/python3.12/site-packages/airflow/example_dags/example_sensors.py for tasks to queue
[2024-09-22T11:06:05.967+0000] {logging_mixin.py:190} INFO - [2024-09-22T11:06:05.967+0000] {dagbag.py:588} INFO - Filling up the DagBag from /home/airflow/.local/lib/python3.12/site-packages/airflow/example_dags/example_sensors.py
[2024-09-22T11:06:05.974+0000] {processor.py:925} INFO - DAG(s) 'example_sensors' retrieved from /home/airflow/.local/lib/python3.12/site-packages/airflow/example_dags/example_sensors.py
[2024-09-22T11:06:06.004+0000] {logging_mixin.py:190} INFO - [2024-09-22T11:06:06.003+0000] {dag.py:3239} INFO - Sync 1 DAGs
[2024-09-22T11:06:06.022+0000] {logging_mixin.py:190} INFO - [2024-09-22T11:06:06.021+0000] {dag.py:4180} INFO - Setting next_dagrun for example_sensors to None, run_after=None
[2024-09-22T11:06:06.053+0000] {processor.py:208} INFO - Processing /home/airflow/.local/lib/python3.12/site-packages/airflow/example_dags/example_sensors.py took 0.093 seconds
[2024-09-22T11:06:38.753+0000] {processor.py:186} INFO - Started process (PID=359) to work on /home/airflow/.local/lib/python3.12/site-packages/airflow/example_dags/example_sensors.py
[2024-09-22T11:06:38.905+0000] {processor.py:914} INFO - Processing file /home/airflow/.local/lib/python3.12/site-packages/airflow/example_dags/example_sensors.py for tasks to queue
[2024-09-22T11:06:39.050+0000] {logging_mixin.py:190} INFO - [2024-09-22T11:06:39.032+0000] {dagbag.py:588} INFO - Filling up the DagBag from /home/airflow/.local/lib/python3.12/site-packages/airflow/example_dags/example_sensors.py
[2024-09-22T11:06:39.498+0000] {processor.py:925} INFO - DAG(s) 'example_sensors' retrieved from /home/airflow/.local/lib/python3.12/site-packages/airflow/example_dags/example_sensors.py
[2024-09-22T11:06:40.257+0000] {logging_mixin.py:190} INFO - [2024-09-22T11:06:40.254+0000] {dag.py:3239} INFO - Sync 1 DAGs
[2024-09-22T11:06:40.386+0000] {logging_mixin.py:190} INFO - [2024-09-22T11:06:40.382+0000] {dag.py:4180} INFO - Setting next_dagrun for example_sensors to None, run_after=None
[2024-09-22T11:06:40.485+0000] {processor.py:208} INFO - Processing /home/airflow/.local/lib/python3.12/site-packages/airflow/example_dags/example_sensors.py took 1.955 seconds
[2024-09-22T11:07:18.206+0000] {processor.py:186} INFO - Started process (PID=430) to work on /home/airflow/.local/lib/python3.12/site-packages/airflow/example_dags/example_sensors.py
[2024-09-22T11:07:18.209+0000] {processor.py:914} INFO - Processing file /home/airflow/.local/lib/python3.12/site-packages/airflow/example_dags/example_sensors.py for tasks to queue
[2024-09-22T11:07:18.214+0000] {logging_mixin.py:190} INFO - [2024-09-22T11:07:18.213+0000] {dagbag.py:588} INFO - Filling up the DagBag from /home/airflow/.local/lib/python3.12/site-packages/airflow/example_dags/example_sensors.py
[2024-09-22T11:07:18.235+0000] {processor.py:925} INFO - DAG(s) 'example_sensors' retrieved from /home/airflow/.local/lib/python3.12/site-packages/airflow/example_dags/example_sensors.py
[2024-09-22T11:07:18.390+0000] {logging_mixin.py:190} INFO - [2024-09-22T11:07:18.388+0000] {dag.py:3239} INFO - Sync 1 DAGs
[2024-09-22T11:07:18.448+0000] {logging_mixin.py:190} INFO - [2024-09-22T11:07:18.448+0000] {dag.py:4180} INFO - Setting next_dagrun for example_sensors to None, run_after=None
[2024-09-22T11:07:18.519+0000] {processor.py:208} INFO - Processing /home/airflow/.local/lib/python3.12/site-packages/airflow/example_dags/example_sensors.py took 0.324 seconds
