[2024-09-22T11:03:19.463+0000] {processor.py:186} INFO - Started process (PID=54) to work on /home/airflow/.local/lib/python3.12/site-packages/airflow/example_dags/example_nested_branch_dag.py
[2024-09-22T11:03:19.468+0000] {processor.py:914} INFO - Processing file /home/airflow/.local/lib/python3.12/site-packages/airflow/example_dags/example_nested_branch_dag.py for tasks to queue
[2024-09-22T11:03:19.476+0000] {logging_mixin.py:190} INFO - [2024-09-22T11:03:19.475+0000] {dagbag.py:588} INFO - Filling up the DagBag from /home/airflow/.local/lib/python3.12/site-packages/airflow/example_dags/example_nested_branch_dag.py
[2024-09-22T11:03:19.593+0000] {processor.py:925} INFO - DAG(s) 'example_nested_branch_dag' retrieved from /home/airflow/.local/lib/python3.12/site-packages/airflow/example_dags/example_nested_branch_dag.py
[2024-09-22T11:03:20.221+0000] {logging_mixin.py:190} INFO - [2024-09-22T11:03:20.217+0000] {override.py:1900} INFO - Created Permission View: can read on DAG:example_nested_branch_dag
[2024-09-22T11:03:20.256+0000] {logging_mixin.py:190} INFO - [2024-09-22T11:03:20.255+0000] {override.py:1900} INFO - Created Permission View: can edit on DAG:example_nested_branch_dag
[2024-09-22T11:03:20.273+0000] {logging_mixin.py:190} INFO - [2024-09-22T11:03:20.273+0000] {override.py:1900} INFO - Created Permission View: can delete on DAG:example_nested_branch_dag
[2024-09-22T11:03:20.299+0000] {logging_mixin.py:190} INFO - [2024-09-22T11:03:20.299+0000] {override.py:1900} INFO - Created Permission View: can read on DAG Run:example_nested_branch_dag
[2024-09-22T11:03:20.320+0000] {logging_mixin.py:190} INFO - [2024-09-22T11:03:20.319+0000] {override.py:1900} INFO - Created Permission View: menu access on DAG Run:example_nested_branch_dag
[2024-09-22T11:03:20.341+0000] {logging_mixin.py:190} INFO - [2024-09-22T11:03:20.341+0000] {override.py:1900} INFO - Created Permission View: can create on DAG Run:example_nested_branch_dag
[2024-09-22T11:03:20.364+0000] {logging_mixin.py:190} INFO - [2024-09-22T11:03:20.363+0000] {override.py:1900} INFO - Created Permission View: can delete on DAG Run:example_nested_branch_dag
[2024-09-22T11:03:20.368+0000] {logging_mixin.py:190} INFO - [2024-09-22T11:03:20.366+0000] {dag.py:3239} INFO - Sync 1 DAGs
[2024-09-22T11:03:20.442+0000] {logging_mixin.py:190} INFO - [2024-09-22T11:03:20.441+0000] {dag.py:3262} INFO - Creating ORM DAG for example_nested_branch_dag
[2024-09-22T11:03:20.519+0000] {logging_mixin.py:190} INFO - [2024-09-22T11:03:20.518+0000] {dag.py:4180} INFO - Setting next_dagrun for example_nested_branch_dag to 2024-09-21 00:00:00+00:00, run_after=2024-09-22 00:00:00+00:00
[2024-09-22T11:03:20.584+0000] {processor.py:208} INFO - Processing /home/airflow/.local/lib/python3.12/site-packages/airflow/example_dags/example_nested_branch_dag.py took 1.148 seconds
[2024-09-22T11:04:38.553+0000] {processor.py:186} INFO - Started process (PID=122) to work on /home/airflow/.local/lib/python3.12/site-packages/airflow/example_dags/example_nested_branch_dag.py
[2024-09-22T11:04:38.563+0000] {processor.py:914} INFO - Processing file /home/airflow/.local/lib/python3.12/site-packages/airflow/example_dags/example_nested_branch_dag.py for tasks to queue
[2024-09-22T11:04:38.587+0000] {logging_mixin.py:190} INFO - [2024-09-22T11:04:38.585+0000] {dagbag.py:588} INFO - Filling up the DagBag from /home/airflow/.local/lib/python3.12/site-packages/airflow/example_dags/example_nested_branch_dag.py
[2024-09-22T11:04:38.679+0000] {processor.py:925} INFO - DAG(s) 'example_nested_branch_dag' retrieved from /home/airflow/.local/lib/python3.12/site-packages/airflow/example_dags/example_nested_branch_dag.py
[2024-09-22T11:04:38.803+0000] {logging_mixin.py:190} INFO - [2024-09-22T11:04:38.803+0000] {dag.py:3239} INFO - Sync 1 DAGs
[2024-09-22T11:04:38.923+0000] {logging_mixin.py:190} INFO - [2024-09-22T11:04:38.918+0000] {dag.py:4180} INFO - Setting next_dagrun for example_nested_branch_dag to 2024-09-21 00:00:00+00:00, run_after=2024-09-22 00:00:00+00:00
[2024-09-22T11:04:39.007+0000] {processor.py:208} INFO - Processing /home/airflow/.local/lib/python3.12/site-packages/airflow/example_dags/example_nested_branch_dag.py took 0.512 seconds
[2024-09-22T11:05:09.771+0000] {processor.py:186} INFO - Started process (PID=183) to work on /home/airflow/.local/lib/python3.12/site-packages/airflow/example_dags/example_nested_branch_dag.py
[2024-09-22T11:05:09.782+0000] {processor.py:914} INFO - Processing file /home/airflow/.local/lib/python3.12/site-packages/airflow/example_dags/example_nested_branch_dag.py for tasks to queue
[2024-09-22T11:05:09.790+0000] {logging_mixin.py:190} INFO - [2024-09-22T11:05:09.789+0000] {dagbag.py:588} INFO - Filling up the DagBag from /home/airflow/.local/lib/python3.12/site-packages/airflow/example_dags/example_nested_branch_dag.py
[2024-09-22T11:05:09.845+0000] {processor.py:925} INFO - DAG(s) 'example_nested_branch_dag' retrieved from /home/airflow/.local/lib/python3.12/site-packages/airflow/example_dags/example_nested_branch_dag.py
[2024-09-22T11:05:09.926+0000] {logging_mixin.py:190} INFO - [2024-09-22T11:05:09.925+0000] {dag.py:3239} INFO - Sync 1 DAGs
[2024-09-22T11:05:10.004+0000] {logging_mixin.py:190} INFO - [2024-09-22T11:05:10.004+0000] {dag.py:4180} INFO - Setting next_dagrun for example_nested_branch_dag to 2024-09-21 00:00:00+00:00, run_after=2024-09-22 00:00:00+00:00
[2024-09-22T11:05:10.036+0000] {processor.py:208} INFO - Processing /home/airflow/.local/lib/python3.12/site-packages/airflow/example_dags/example_nested_branch_dag.py took 0.294 seconds
[2024-09-22T11:05:40.165+0000] {processor.py:186} INFO - Started process (PID=245) to work on /home/airflow/.local/lib/python3.12/site-packages/airflow/example_dags/example_nested_branch_dag.py
[2024-09-22T11:05:40.178+0000] {processor.py:914} INFO - Processing file /home/airflow/.local/lib/python3.12/site-packages/airflow/example_dags/example_nested_branch_dag.py for tasks to queue
[2024-09-22T11:05:40.181+0000] {logging_mixin.py:190} INFO - [2024-09-22T11:05:40.180+0000] {dagbag.py:588} INFO - Filling up the DagBag from /home/airflow/.local/lib/python3.12/site-packages/airflow/example_dags/example_nested_branch_dag.py
[2024-09-22T11:05:40.206+0000] {processor.py:925} INFO - DAG(s) 'example_nested_branch_dag' retrieved from /home/airflow/.local/lib/python3.12/site-packages/airflow/example_dags/example_nested_branch_dag.py
[2024-09-22T11:05:40.258+0000] {logging_mixin.py:190} INFO - [2024-09-22T11:05:40.258+0000] {dag.py:3239} INFO - Sync 1 DAGs
[2024-09-22T11:05:40.321+0000] {logging_mixin.py:190} INFO - [2024-09-22T11:05:40.321+0000] {dag.py:4180} INFO - Setting next_dagrun for example_nested_branch_dag to 2024-09-21 00:00:00+00:00, run_after=2024-09-22 00:00:00+00:00
[2024-09-22T11:05:40.439+0000] {processor.py:208} INFO - Processing /home/airflow/.local/lib/python3.12/site-packages/airflow/example_dags/example_nested_branch_dag.py took 0.289 seconds
[2024-09-22T11:06:10.730+0000] {processor.py:186} INFO - Started process (PID=307) to work on /home/airflow/.local/lib/python3.12/site-packages/airflow/example_dags/example_nested_branch_dag.py
[2024-09-22T11:06:10.732+0000] {processor.py:914} INFO - Processing file /home/airflow/.local/lib/python3.12/site-packages/airflow/example_dags/example_nested_branch_dag.py for tasks to queue
[2024-09-22T11:06:10.751+0000] {logging_mixin.py:190} INFO - [2024-09-22T11:06:10.750+0000] {dagbag.py:588} INFO - Filling up the DagBag from /home/airflow/.local/lib/python3.12/site-packages/airflow/example_dags/example_nested_branch_dag.py
[2024-09-22T11:06:10.779+0000] {processor.py:925} INFO - DAG(s) 'example_nested_branch_dag' retrieved from /home/airflow/.local/lib/python3.12/site-packages/airflow/example_dags/example_nested_branch_dag.py
[2024-09-22T11:06:10.808+0000] {logging_mixin.py:190} INFO - [2024-09-22T11:06:10.807+0000] {dag.py:3239} INFO - Sync 1 DAGs
[2024-09-22T11:06:10.855+0000] {logging_mixin.py:190} INFO - [2024-09-22T11:06:10.854+0000] {dag.py:4180} INFO - Setting next_dagrun for example_nested_branch_dag to 2024-09-21 00:00:00+00:00, run_after=2024-09-22 00:00:00+00:00
[2024-09-22T11:06:10.948+0000] {processor.py:208} INFO - Processing /home/airflow/.local/lib/python3.12/site-packages/airflow/example_dags/example_nested_branch_dag.py took 0.229 seconds
[2024-09-22T11:06:44.194+0000] {processor.py:186} INFO - Started process (PID=367) to work on /home/airflow/.local/lib/python3.12/site-packages/airflow/example_dags/example_nested_branch_dag.py
[2024-09-22T11:06:44.195+0000] {processor.py:914} INFO - Processing file /home/airflow/.local/lib/python3.12/site-packages/airflow/example_dags/example_nested_branch_dag.py for tasks to queue
[2024-09-22T11:06:44.199+0000] {logging_mixin.py:190} INFO - [2024-09-22T11:06:44.199+0000] {dagbag.py:588} INFO - Filling up the DagBag from /home/airflow/.local/lib/python3.12/site-packages/airflow/example_dags/example_nested_branch_dag.py
[2024-09-22T11:06:44.251+0000] {processor.py:925} INFO - DAG(s) 'example_nested_branch_dag' retrieved from /home/airflow/.local/lib/python3.12/site-packages/airflow/example_dags/example_nested_branch_dag.py
[2024-09-22T11:06:44.332+0000] {logging_mixin.py:190} INFO - [2024-09-22T11:06:44.332+0000] {dag.py:3239} INFO - Sync 1 DAGs
[2024-09-22T11:06:44.421+0000] {logging_mixin.py:190} INFO - [2024-09-22T11:06:44.420+0000] {dag.py:4180} INFO - Setting next_dagrun for example_nested_branch_dag to 2024-09-21 00:00:00+00:00, run_after=2024-09-22 00:00:00+00:00
[2024-09-22T11:06:44.467+0000] {processor.py:208} INFO - Processing /home/airflow/.local/lib/python3.12/site-packages/airflow/example_dags/example_nested_branch_dag.py took 0.285 seconds
[2024-09-22T11:07:16.287+0000] {processor.py:186} INFO - Started process (PID=421) to work on /home/airflow/.local/lib/python3.12/site-packages/airflow/example_dags/example_nested_branch_dag.py
[2024-09-22T11:07:16.306+0000] {processor.py:914} INFO - Processing file /home/airflow/.local/lib/python3.12/site-packages/airflow/example_dags/example_nested_branch_dag.py for tasks to queue
[2024-09-22T11:07:16.322+0000] {logging_mixin.py:190} INFO - [2024-09-22T11:07:16.320+0000] {dagbag.py:588} INFO - Filling up the DagBag from /home/airflow/.local/lib/python3.12/site-packages/airflow/example_dags/example_nested_branch_dag.py
[2024-09-22T11:07:16.347+0000] {processor.py:925} INFO - DAG(s) 'example_nested_branch_dag' retrieved from /home/airflow/.local/lib/python3.12/site-packages/airflow/example_dags/example_nested_branch_dag.py
[2024-09-22T11:07:16.413+0000] {logging_mixin.py:190} INFO - [2024-09-22T11:07:16.413+0000] {dag.py:3239} INFO - Sync 1 DAGs
[2024-09-22T11:07:16.495+0000] {logging_mixin.py:190} INFO - [2024-09-22T11:07:16.495+0000] {dag.py:4180} INFO - Setting next_dagrun for example_nested_branch_dag to 2024-09-21 00:00:00+00:00, run_after=2024-09-22 00:00:00+00:00
[2024-09-22T11:07:16.550+0000] {processor.py:208} INFO - Processing /home/airflow/.local/lib/python3.12/site-packages/airflow/example_dags/example_nested_branch_dag.py took 0.271 seconds
