[2024-09-22T11:03:53.565+0000] {processor.py:186} INFO - Started process (PID=81) to work on /home/airflow/.local/lib/python3.12/site-packages/airflow/example_dags/example_sla_dag.py
[2024-09-22T11:03:53.599+0000] {processor.py:914} INFO - Processing file /home/airflow/.local/lib/python3.12/site-packages/airflow/example_dags/example_sla_dag.py for tasks to queue
[2024-09-22T11:03:53.674+0000] {logging_mixin.py:190} INFO - [2024-09-22T11:03:53.665+0000] {dagbag.py:588} INFO - Filling up the DagBag from /home/airflow/.local/lib/python3.12/site-packages/airflow/example_dags/example_sla_dag.py
[2024-09-22T11:03:54.014+0000] {processor.py:925} INFO - DAG(s) 'example_sla_dag' retrieved from /home/airflow/.local/lib/python3.12/site-packages/airflow/example_dags/example_sla_dag.py
[2024-09-22T11:03:55.041+0000] {logging_mixin.py:190} INFO - [2024-09-22T11:03:55.005+0000] {override.py:1900} INFO - Created Permission View: can read on DAG:example_sla_dag
[2024-09-22T11:03:55.064+0000] {logging_mixin.py:190} INFO - [2024-09-22T11:03:55.063+0000] {override.py:1900} INFO - Created Permission View: can edit on DAG:example_sla_dag
[2024-09-22T11:03:55.123+0000] {logging_mixin.py:190} INFO - [2024-09-22T11:03:55.122+0000] {override.py:1900} INFO - Created Permission View: can delete on DAG:example_sla_dag
[2024-09-22T11:03:55.171+0000] {logging_mixin.py:190} INFO - [2024-09-22T11:03:55.169+0000] {override.py:1900} INFO - Created Permission View: can read on DAG Run:example_sla_dag
[2024-09-22T11:03:55.183+0000] {logging_mixin.py:190} INFO - [2024-09-22T11:03:55.182+0000] {override.py:1900} INFO - Created Permission View: menu access on DAG Run:example_sla_dag
[2024-09-22T11:03:55.210+0000] {logging_mixin.py:190} INFO - [2024-09-22T11:03:55.203+0000] {override.py:1900} INFO - Created Permission View: can create on DAG Run:example_sla_dag
[2024-09-22T11:03:55.283+0000] {logging_mixin.py:190} INFO - [2024-09-22T11:03:55.274+0000] {override.py:1900} INFO - Created Permission View: can delete on DAG Run:example_sla_dag
[2024-09-22T11:03:55.292+0000] {logging_mixin.py:190} INFO - [2024-09-22T11:03:55.292+0000] {dag.py:3239} INFO - Sync 1 DAGs
[2024-09-22T11:03:55.408+0000] {logging_mixin.py:190} INFO - [2024-09-22T11:03:55.405+0000] {dag.py:3262} INFO - Creating ORM DAG for example_sla_dag
[2024-09-22T11:03:55.556+0000] {logging_mixin.py:190} INFO - [2024-09-22T11:03:55.556+0000] {dag.py:4180} INFO - Setting next_dagrun for example_sla_dag to 2024-09-22 11:00:00+00:00, run_after=2024-09-22 11:02:00+00:00
[2024-09-22T11:03:55.639+0000] {processor.py:208} INFO - Processing /home/airflow/.local/lib/python3.12/site-packages/airflow/example_dags/example_sla_dag.py took 2.151 seconds
[2024-09-22T11:04:46.321+0000] {processor.py:186} INFO - Started process (PID=143) to work on /home/airflow/.local/lib/python3.12/site-packages/airflow/example_dags/example_sla_dag.py
[2024-09-22T11:04:46.326+0000] {processor.py:914} INFO - Processing file /home/airflow/.local/lib/python3.12/site-packages/airflow/example_dags/example_sla_dag.py for tasks to queue
[2024-09-22T11:04:46.344+0000] {logging_mixin.py:190} INFO - [2024-09-22T11:04:46.343+0000] {dagbag.py:588} INFO - Filling up the DagBag from /home/airflow/.local/lib/python3.12/site-packages/airflow/example_dags/example_sla_dag.py
[2024-09-22T11:04:46.405+0000] {processor.py:925} INFO - DAG(s) 'example_sla_dag' retrieved from /home/airflow/.local/lib/python3.12/site-packages/airflow/example_dags/example_sla_dag.py
[2024-09-22T11:04:46.501+0000] {logging_mixin.py:190} INFO - [2024-09-22T11:04:46.500+0000] {dag.py:3239} INFO - Sync 1 DAGs
[2024-09-22T11:04:46.583+0000] {logging_mixin.py:190} INFO - [2024-09-22T11:04:46.583+0000] {dag.py:4180} INFO - Setting next_dagrun for example_sla_dag to 2024-09-22 11:02:00+00:00, run_after=2024-09-22 11:04:00+00:00
[2024-09-22T11:04:46.684+0000] {processor.py:208} INFO - Processing /home/airflow/.local/lib/python3.12/site-packages/airflow/example_dags/example_sla_dag.py took 0.395 seconds
[2024-09-22T11:05:17.528+0000] {processor.py:186} INFO - Started process (PID=204) to work on /home/airflow/.local/lib/python3.12/site-packages/airflow/example_dags/example_sla_dag.py
[2024-09-22T11:05:17.531+0000] {processor.py:914} INFO - Processing file /home/airflow/.local/lib/python3.12/site-packages/airflow/example_dags/example_sla_dag.py for tasks to queue
[2024-09-22T11:05:17.537+0000] {logging_mixin.py:190} INFO - [2024-09-22T11:05:17.536+0000] {dagbag.py:588} INFO - Filling up the DagBag from /home/airflow/.local/lib/python3.12/site-packages/airflow/example_dags/example_sla_dag.py
[2024-09-22T11:05:17.602+0000] {processor.py:925} INFO - DAG(s) 'example_sla_dag' retrieved from /home/airflow/.local/lib/python3.12/site-packages/airflow/example_dags/example_sla_dag.py
[2024-09-22T11:05:17.751+0000] {logging_mixin.py:190} INFO - [2024-09-22T11:05:17.751+0000] {dag.py:3239} INFO - Sync 1 DAGs
[2024-09-22T11:05:17.822+0000] {logging_mixin.py:190} INFO - [2024-09-22T11:05:17.822+0000] {dag.py:4180} INFO - Setting next_dagrun for example_sla_dag to 2024-09-22 11:02:00+00:00, run_after=2024-09-22 11:04:00+00:00
[2024-09-22T11:05:17.861+0000] {processor.py:208} INFO - Processing /home/airflow/.local/lib/python3.12/site-packages/airflow/example_dags/example_sla_dag.py took 0.345 seconds
[2024-09-22T11:05:48.074+0000] {processor.py:186} INFO - Started process (PID=265) to work on /home/airflow/.local/lib/python3.12/site-packages/airflow/example_dags/example_sla_dag.py
[2024-09-22T11:05:48.076+0000] {processor.py:914} INFO - Processing file /home/airflow/.local/lib/python3.12/site-packages/airflow/example_dags/example_sla_dag.py for tasks to queue
[2024-09-22T11:05:48.082+0000] {logging_mixin.py:190} INFO - [2024-09-22T11:05:48.081+0000] {dagbag.py:588} INFO - Filling up the DagBag from /home/airflow/.local/lib/python3.12/site-packages/airflow/example_dags/example_sla_dag.py
[2024-09-22T11:05:48.100+0000] {processor.py:925} INFO - DAG(s) 'example_sla_dag' retrieved from /home/airflow/.local/lib/python3.12/site-packages/airflow/example_dags/example_sla_dag.py
[2024-09-22T11:05:48.157+0000] {logging_mixin.py:190} INFO - [2024-09-22T11:05:48.156+0000] {dag.py:3239} INFO - Sync 1 DAGs
[2024-09-22T11:05:48.208+0000] {logging_mixin.py:190} INFO - [2024-09-22T11:05:48.208+0000] {dag.py:4180} INFO - Setting next_dagrun for example_sla_dag to 2024-09-22 11:02:00+00:00, run_after=2024-09-22 11:04:00+00:00
[2024-09-22T11:05:48.256+0000] {processor.py:208} INFO - Processing /home/airflow/.local/lib/python3.12/site-packages/airflow/example_dags/example_sla_dag.py took 0.195 seconds
[2024-09-22T11:06:19.259+0000] {processor.py:186} INFO - Started process (PID=333) to work on /home/airflow/.local/lib/python3.12/site-packages/airflow/example_dags/example_sla_dag.py
[2024-09-22T11:06:19.263+0000] {processor.py:914} INFO - Processing file /home/airflow/.local/lib/python3.12/site-packages/airflow/example_dags/example_sla_dag.py for tasks to queue
[2024-09-22T11:06:19.279+0000] {logging_mixin.py:190} INFO - [2024-09-22T11:06:19.276+0000] {dagbag.py:588} INFO - Filling up the DagBag from /home/airflow/.local/lib/python3.12/site-packages/airflow/example_dags/example_sla_dag.py
[2024-09-22T11:06:19.357+0000] {processor.py:925} INFO - DAG(s) 'example_sla_dag' retrieved from /home/airflow/.local/lib/python3.12/site-packages/airflow/example_dags/example_sla_dag.py
[2024-09-22T11:06:19.527+0000] {logging_mixin.py:190} INFO - [2024-09-22T11:06:19.526+0000] {dag.py:3239} INFO - Sync 1 DAGs
[2024-09-22T11:06:19.694+0000] {logging_mixin.py:190} INFO - [2024-09-22T11:06:19.692+0000] {dag.py:4180} INFO - Setting next_dagrun for example_sla_dag to 2024-09-22 11:04:00+00:00, run_after=2024-09-22 11:06:00+00:00
[2024-09-22T11:06:19.787+0000] {processor.py:208} INFO - Processing /home/airflow/.local/lib/python3.12/site-packages/airflow/example_dags/example_sla_dag.py took 0.547 seconds
[2024-09-22T11:07:03.185+0000] {processor.py:186} INFO - Started process (PID=396) to work on /home/airflow/.local/lib/python3.12/site-packages/airflow/example_dags/example_sla_dag.py
[2024-09-22T11:07:03.226+0000] {processor.py:914} INFO - Processing file /home/airflow/.local/lib/python3.12/site-packages/airflow/example_dags/example_sla_dag.py for tasks to queue
[2024-09-22T11:07:03.277+0000] {logging_mixin.py:190} INFO - [2024-09-22T11:07:03.271+0000] {dagbag.py:588} INFO - Filling up the DagBag from /home/airflow/.local/lib/python3.12/site-packages/airflow/example_dags/example_sla_dag.py
[2024-09-22T11:07:03.411+0000] {processor.py:925} INFO - DAG(s) 'example_sla_dag' retrieved from /home/airflow/.local/lib/python3.12/site-packages/airflow/example_dags/example_sla_dag.py
[2024-09-22T11:07:03.794+0000] {logging_mixin.py:190} INFO - [2024-09-22T11:07:03.793+0000] {dag.py:3239} INFO - Sync 1 DAGs
[2024-09-22T11:07:03.963+0000] {logging_mixin.py:190} INFO - [2024-09-22T11:07:03.962+0000] {dag.py:4180} INFO - Setting next_dagrun for example_sla_dag to 2024-09-22 11:04:00+00:00, run_after=2024-09-22 11:06:00+00:00
[2024-09-22T11:07:04.039+0000] {processor.py:208} INFO - Processing /home/airflow/.local/lib/python3.12/site-packages/airflow/example_dags/example_sla_dag.py took 0.928 seconds
[2024-09-22T11:07:34.987+0000] {processor.py:186} INFO - Started process (PID=456) to work on /home/airflow/.local/lib/python3.12/site-packages/airflow/example_dags/example_sla_dag.py
[2024-09-22T11:07:34.994+0000] {processor.py:914} INFO - Processing file /home/airflow/.local/lib/python3.12/site-packages/airflow/example_dags/example_sla_dag.py for tasks to queue
[2024-09-22T11:07:35.022+0000] {logging_mixin.py:190} INFO - [2024-09-22T11:07:35.019+0000] {dagbag.py:588} INFO - Filling up the DagBag from /home/airflow/.local/lib/python3.12/site-packages/airflow/example_dags/example_sla_dag.py
[2024-09-22T11:07:35.076+0000] {processor.py:925} INFO - DAG(s) 'example_sla_dag' retrieved from /home/airflow/.local/lib/python3.12/site-packages/airflow/example_dags/example_sla_dag.py
[2024-09-22T11:07:35.521+0000] {logging_mixin.py:190} INFO - [2024-09-22T11:07:35.516+0000] {dag.py:3239} INFO - Sync 1 DAGs
[2024-09-22T11:07:35.970+0000] {logging_mixin.py:190} INFO - [2024-09-22T11:07:35.970+0000] {dag.py:4180} INFO - Setting next_dagrun for example_sla_dag to 2024-09-22 11:04:00+00:00, run_after=2024-09-22 11:06:00+00:00
[2024-09-22T11:07:36.079+0000] {processor.py:208} INFO - Processing /home/airflow/.local/lib/python3.12/site-packages/airflow/example_dags/example_sla_dag.py took 1.128 seconds
