[2024-09-22T11:03:40.276+0000] {processor.py:186} INFO - Started process (PID=69) to work on /home/airflow/.local/lib/python3.12/site-packages/airflow/example_dags/example_bash_decorator.py
[2024-09-22T11:03:40.286+0000] {processor.py:914} INFO - Processing file /home/airflow/.local/lib/python3.12/site-packages/airflow/example_dags/example_bash_decorator.py for tasks to queue
[2024-09-22T11:03:40.377+0000] {logging_mixin.py:190} INFO - [2024-09-22T11:03:40.364+0000] {dagbag.py:588} INFO - Filling up the DagBag from /home/airflow/.local/lib/python3.12/site-packages/airflow/example_dags/example_bash_decorator.py
[2024-09-22T11:03:40.777+0000] {processor.py:925} INFO - DAG(s) 'example_bash_decorator' retrieved from /home/airflow/.local/lib/python3.12/site-packages/airflow/example_dags/example_bash_decorator.py
[2024-09-22T11:03:42.362+0000] {logging_mixin.py:190} INFO - [2024-09-22T11:03:42.337+0000] {override.py:1900} INFO - Created Permission View: can read on DAG:example_bash_decorator
[2024-09-22T11:03:42.429+0000] {logging_mixin.py:190} INFO - [2024-09-22T11:03:42.428+0000] {override.py:1900} INFO - Created Permission View: can edit on DAG:example_bash_decorator
[2024-09-22T11:03:42.611+0000] {logging_mixin.py:190} INFO - [2024-09-22T11:03:42.580+0000] {override.py:1900} INFO - Created Permission View: can delete on DAG:example_bash_decorator
[2024-09-22T11:03:42.716+0000] {logging_mixin.py:190} INFO - [2024-09-22T11:03:42.715+0000] {override.py:1900} INFO - Created Permission View: can read on DAG Run:example_bash_decorator
[2024-09-22T11:03:42.766+0000] {logging_mixin.py:190} INFO - [2024-09-22T11:03:42.766+0000] {override.py:1900} INFO - Created Permission View: menu access on DAG Run:example_bash_decorator
[2024-09-22T11:03:42.809+0000] {logging_mixin.py:190} INFO - [2024-09-22T11:03:42.809+0000] {override.py:1900} INFO - Created Permission View: can create on DAG Run:example_bash_decorator
[2024-09-22T11:03:42.855+0000] {logging_mixin.py:190} INFO - [2024-09-22T11:03:42.844+0000] {override.py:1900} INFO - Created Permission View: can delete on DAG Run:example_bash_decorator
[2024-09-22T11:03:42.889+0000] {logging_mixin.py:190} INFO - [2024-09-22T11:03:42.889+0000] {dag.py:3239} INFO - Sync 1 DAGs
[2024-09-22T11:03:43.047+0000] {logging_mixin.py:190} INFO - [2024-09-22T11:03:43.047+0000] {dag.py:3262} INFO - Creating ORM DAG for example_bash_decorator
[2024-09-22T11:03:43.053+0000] {logging_mixin.py:190} INFO - [2024-09-22T11:03:43.052+0000] {dag.py:4180} INFO - Setting next_dagrun for example_bash_decorator to None, run_after=None
[2024-09-22T11:03:43.317+0000] {processor.py:208} INFO - Processing /home/airflow/.local/lib/python3.12/site-packages/airflow/example_dags/example_bash_decorator.py took 3.172 seconds
[2024-09-22T11:04:44.471+0000] {processor.py:186} INFO - Started process (PID=137) to work on /home/airflow/.local/lib/python3.12/site-packages/airflow/example_dags/example_bash_decorator.py
[2024-09-22T11:04:44.477+0000] {processor.py:914} INFO - Processing file /home/airflow/.local/lib/python3.12/site-packages/airflow/example_dags/example_bash_decorator.py for tasks to queue
[2024-09-22T11:04:44.493+0000] {logging_mixin.py:190} INFO - [2024-09-22T11:04:44.492+0000] {dagbag.py:588} INFO - Filling up the DagBag from /home/airflow/.local/lib/python3.12/site-packages/airflow/example_dags/example_bash_decorator.py
[2024-09-22T11:04:44.548+0000] {processor.py:925} INFO - DAG(s) 'example_bash_decorator' retrieved from /home/airflow/.local/lib/python3.12/site-packages/airflow/example_dags/example_bash_decorator.py
[2024-09-22T11:04:44.659+0000] {logging_mixin.py:190} INFO - [2024-09-22T11:04:44.658+0000] {dag.py:3239} INFO - Sync 1 DAGs
[2024-09-22T11:04:44.694+0000] {logging_mixin.py:190} INFO - [2024-09-22T11:04:44.693+0000] {dag.py:4180} INFO - Setting next_dagrun for example_bash_decorator to None, run_after=None
[2024-09-22T11:04:44.757+0000] {processor.py:208} INFO - Processing /home/airflow/.local/lib/python3.12/site-packages/airflow/example_dags/example_bash_decorator.py took 0.309 seconds
[2024-09-22T11:05:15.811+0000] {processor.py:186} INFO - Started process (PID=198) to work on /home/airflow/.local/lib/python3.12/site-packages/airflow/example_dags/example_bash_decorator.py
[2024-09-22T11:05:15.812+0000] {processor.py:914} INFO - Processing file /home/airflow/.local/lib/python3.12/site-packages/airflow/example_dags/example_bash_decorator.py for tasks to queue
[2024-09-22T11:05:15.814+0000] {logging_mixin.py:190} INFO - [2024-09-22T11:05:15.814+0000] {dagbag.py:588} INFO - Filling up the DagBag from /home/airflow/.local/lib/python3.12/site-packages/airflow/example_dags/example_bash_decorator.py
[2024-09-22T11:05:15.856+0000] {processor.py:925} INFO - DAG(s) 'example_bash_decorator' retrieved from /home/airflow/.local/lib/python3.12/site-packages/airflow/example_dags/example_bash_decorator.py
[2024-09-22T11:05:15.934+0000] {logging_mixin.py:190} INFO - [2024-09-22T11:05:15.933+0000] {dag.py:3239} INFO - Sync 1 DAGs
[2024-09-22T11:05:15.964+0000] {logging_mixin.py:190} INFO - [2024-09-22T11:05:15.964+0000] {dag.py:4180} INFO - Setting next_dagrun for example_bash_decorator to None, run_after=None
[2024-09-22T11:05:15.988+0000] {processor.py:208} INFO - Processing /home/airflow/.local/lib/python3.12/site-packages/airflow/example_dags/example_bash_decorator.py took 0.184 seconds
[2024-09-22T11:05:46.327+0000] {processor.py:186} INFO - Started process (PID=260) to work on /home/airflow/.local/lib/python3.12/site-packages/airflow/example_dags/example_bash_decorator.py
[2024-09-22T11:05:46.329+0000] {processor.py:914} INFO - Processing file /home/airflow/.local/lib/python3.12/site-packages/airflow/example_dags/example_bash_decorator.py for tasks to queue
[2024-09-22T11:05:46.332+0000] {logging_mixin.py:190} INFO - [2024-09-22T11:05:46.332+0000] {dagbag.py:588} INFO - Filling up the DagBag from /home/airflow/.local/lib/python3.12/site-packages/airflow/example_dags/example_bash_decorator.py
[2024-09-22T11:05:46.352+0000] {processor.py:925} INFO - DAG(s) 'example_bash_decorator' retrieved from /home/airflow/.local/lib/python3.12/site-packages/airflow/example_dags/example_bash_decorator.py
[2024-09-22T11:05:46.398+0000] {logging_mixin.py:190} INFO - [2024-09-22T11:05:46.398+0000] {dag.py:3239} INFO - Sync 1 DAGs
[2024-09-22T11:05:46.409+0000] {logging_mixin.py:190} INFO - [2024-09-22T11:05:46.409+0000] {dag.py:4180} INFO - Setting next_dagrun for example_bash_decorator to None, run_after=None
[2024-09-22T11:05:46.454+0000] {processor.py:208} INFO - Processing /home/airflow/.local/lib/python3.12/site-packages/airflow/example_dags/example_bash_decorator.py took 0.141 seconds
[2024-09-22T11:06:17.595+0000] {processor.py:186} INFO - Started process (PID=322) to work on /home/airflow/.local/lib/python3.12/site-packages/airflow/example_dags/example_bash_decorator.py
[2024-09-22T11:06:17.600+0000] {processor.py:914} INFO - Processing file /home/airflow/.local/lib/python3.12/site-packages/airflow/example_dags/example_bash_decorator.py for tasks to queue
[2024-09-22T11:06:17.630+0000] {logging_mixin.py:190} INFO - [2024-09-22T11:06:17.629+0000] {dagbag.py:588} INFO - Filling up the DagBag from /home/airflow/.local/lib/python3.12/site-packages/airflow/example_dags/example_bash_decorator.py
[2024-09-22T11:06:17.701+0000] {processor.py:925} INFO - DAG(s) 'example_bash_decorator' retrieved from /home/airflow/.local/lib/python3.12/site-packages/airflow/example_dags/example_bash_decorator.py
[2024-09-22T11:06:17.849+0000] {logging_mixin.py:190} INFO - [2024-09-22T11:06:17.848+0000] {dag.py:3239} INFO - Sync 1 DAGs
[2024-09-22T11:06:17.907+0000] {logging_mixin.py:190} INFO - [2024-09-22T11:06:17.906+0000] {dag.py:4180} INFO - Setting next_dagrun for example_bash_decorator to None, run_after=None
[2024-09-22T11:06:17.956+0000] {processor.py:208} INFO - Processing /home/airflow/.local/lib/python3.12/site-packages/airflow/example_dags/example_bash_decorator.py took 0.377 seconds
[2024-09-22T11:06:56.331+0000] {processor.py:186} INFO - Started process (PID=390) to work on /home/airflow/.local/lib/python3.12/site-packages/airflow/example_dags/example_bash_decorator.py
[2024-09-22T11:06:56.361+0000] {processor.py:914} INFO - Processing file /home/airflow/.local/lib/python3.12/site-packages/airflow/example_dags/example_bash_decorator.py for tasks to queue
[2024-09-22T11:06:56.428+0000] {logging_mixin.py:190} INFO - [2024-09-22T11:06:56.418+0000] {dagbag.py:588} INFO - Filling up the DagBag from /home/airflow/.local/lib/python3.12/site-packages/airflow/example_dags/example_bash_decorator.py
[2024-09-22T11:06:57.158+0000] {processor.py:925} INFO - DAG(s) 'example_bash_decorator' retrieved from /home/airflow/.local/lib/python3.12/site-packages/airflow/example_dags/example_bash_decorator.py
[2024-09-22T11:06:57.712+0000] {logging_mixin.py:190} INFO - [2024-09-22T11:06:57.709+0000] {dag.py:3239} INFO - Sync 1 DAGs
[2024-09-22T11:06:57.922+0000] {logging_mixin.py:190} INFO - [2024-09-22T11:06:57.921+0000] {dag.py:4180} INFO - Setting next_dagrun for example_bash_decorator to None, run_after=None
[2024-09-22T11:06:58.254+0000] {processor.py:208} INFO - Processing /home/airflow/.local/lib/python3.12/site-packages/airflow/example_dags/example_bash_decorator.py took 2.023 seconds
[2024-09-22T11:07:29.864+0000] {processor.py:186} INFO - Started process (PID=451) to work on /home/airflow/.local/lib/python3.12/site-packages/airflow/example_dags/example_bash_decorator.py
[2024-09-22T11:07:29.874+0000] {processor.py:914} INFO - Processing file /home/airflow/.local/lib/python3.12/site-packages/airflow/example_dags/example_bash_decorator.py for tasks to queue
[2024-09-22T11:07:29.907+0000] {logging_mixin.py:190} INFO - [2024-09-22T11:07:29.906+0000] {dagbag.py:588} INFO - Filling up the DagBag from /home/airflow/.local/lib/python3.12/site-packages/airflow/example_dags/example_bash_decorator.py
[2024-09-22T11:07:30.183+0000] {processor.py:925} INFO - DAG(s) 'example_bash_decorator' retrieved from /home/airflow/.local/lib/python3.12/site-packages/airflow/example_dags/example_bash_decorator.py
[2024-09-22T11:07:30.484+0000] {logging_mixin.py:190} INFO - [2024-09-22T11:07:30.481+0000] {dag.py:3239} INFO - Sync 1 DAGs
[2024-09-22T11:07:30.578+0000] {logging_mixin.py:190} INFO - [2024-09-22T11:07:30.577+0000] {dag.py:4180} INFO - Setting next_dagrun for example_bash_decorator to None, run_after=None
[2024-09-22T11:07:30.683+0000] {processor.py:208} INFO - Processing /home/airflow/.local/lib/python3.12/site-packages/airflow/example_dags/example_bash_decorator.py took 0.906 seconds
