[2024-09-22T11:03:58.281+0000] {processor.py:186} INFO - Started process (PID=83) to work on /home/airflow/.local/lib/python3.12/site-packages/airflow/example_dags/example_branch_day_of_week_operator.py
[2024-09-22T11:03:58.289+0000] {processor.py:914} INFO - Processing file /home/airflow/.local/lib/python3.12/site-packages/airflow/example_dags/example_branch_day_of_week_operator.py for tasks to queue
[2024-09-22T11:03:58.299+0000] {logging_mixin.py:190} INFO - [2024-09-22T11:03:58.298+0000] {dagbag.py:588} INFO - Filling up the DagBag from /home/airflow/.local/lib/python3.12/site-packages/airflow/example_dags/example_branch_day_of_week_operator.py
[2024-09-22T11:03:59.060+0000] {processor.py:925} INFO - DAG(s) 'example_weekday_branch_operator' retrieved from /home/airflow/.local/lib/python3.12/site-packages/airflow/example_dags/example_branch_day_of_week_operator.py
[2024-09-22T11:03:59.968+0000] {logging_mixin.py:190} INFO - [2024-09-22T11:03:59.961+0000] {override.py:1900} INFO - Created Permission View: can read on DAG:example_weekday_branch_operator
[2024-09-22T11:04:00.036+0000] {logging_mixin.py:190} INFO - [2024-09-22T11:04:00.035+0000] {override.py:1900} INFO - Created Permission View: can edit on DAG:example_weekday_branch_operator
[2024-09-22T11:04:00.077+0000] {logging_mixin.py:190} INFO - [2024-09-22T11:04:00.075+0000] {override.py:1900} INFO - Created Permission View: can delete on DAG:example_weekday_branch_operator
[2024-09-22T11:04:00.111+0000] {logging_mixin.py:190} INFO - [2024-09-22T11:04:00.110+0000] {override.py:1900} INFO - Created Permission View: can read on DAG Run:example_weekday_branch_operator
[2024-09-22T11:04:00.137+0000] {logging_mixin.py:190} INFO - [2024-09-22T11:04:00.136+0000] {override.py:1900} INFO - Created Permission View: menu access on DAG Run:example_weekday_branch_operator
[2024-09-22T11:04:00.162+0000] {logging_mixin.py:190} INFO - [2024-09-22T11:04:00.161+0000] {override.py:1900} INFO - Created Permission View: can create on DAG Run:example_weekday_branch_operator
[2024-09-22T11:04:00.219+0000] {logging_mixin.py:190} INFO - [2024-09-22T11:04:00.218+0000] {override.py:1900} INFO - Created Permission View: can delete on DAG Run:example_weekday_branch_operator
[2024-09-22T11:04:00.227+0000] {logging_mixin.py:190} INFO - [2024-09-22T11:04:00.224+0000] {dag.py:3239} INFO - Sync 1 DAGs
[2024-09-22T11:04:00.512+0000] {logging_mixin.py:190} INFO - [2024-09-22T11:04:00.492+0000] {dag.py:3262} INFO - Creating ORM DAG for example_weekday_branch_operator
[2024-09-22T11:04:00.586+0000] {logging_mixin.py:190} INFO - [2024-09-22T11:04:00.586+0000] {dag.py:4180} INFO - Setting next_dagrun for example_weekday_branch_operator to 2024-09-21 00:00:00+00:00, run_after=2024-09-22 00:00:00+00:00
[2024-09-22T11:04:01.034+0000] {processor.py:208} INFO - Processing /home/airflow/.local/lib/python3.12/site-packages/airflow/example_dags/example_branch_day_of_week_operator.py took 2.783 seconds
[2024-09-22T11:04:47.036+0000] {processor.py:186} INFO - Started process (PID=145) to work on /home/airflow/.local/lib/python3.12/site-packages/airflow/example_dags/example_branch_day_of_week_operator.py
[2024-09-22T11:04:47.050+0000] {processor.py:914} INFO - Processing file /home/airflow/.local/lib/python3.12/site-packages/airflow/example_dags/example_branch_day_of_week_operator.py for tasks to queue
[2024-09-22T11:04:47.059+0000] {logging_mixin.py:190} INFO - [2024-09-22T11:04:47.058+0000] {dagbag.py:588} INFO - Filling up the DagBag from /home/airflow/.local/lib/python3.12/site-packages/airflow/example_dags/example_branch_day_of_week_operator.py
[2024-09-22T11:04:47.145+0000] {processor.py:925} INFO - DAG(s) 'example_weekday_branch_operator' retrieved from /home/airflow/.local/lib/python3.12/site-packages/airflow/example_dags/example_branch_day_of_week_operator.py
[2024-09-22T11:04:47.236+0000] {logging_mixin.py:190} INFO - [2024-09-22T11:04:47.236+0000] {dag.py:3239} INFO - Sync 1 DAGs
[2024-09-22T11:04:47.306+0000] {logging_mixin.py:190} INFO - [2024-09-22T11:04:47.306+0000] {dag.py:4180} INFO - Setting next_dagrun for example_weekday_branch_operator to 2024-09-21 00:00:00+00:00, run_after=2024-09-22 00:00:00+00:00
[2024-09-22T11:04:47.449+0000] {processor.py:208} INFO - Processing /home/airflow/.local/lib/python3.12/site-packages/airflow/example_dags/example_branch_day_of_week_operator.py took 0.455 seconds
[2024-09-22T11:05:18.913+0000] {processor.py:186} INFO - Started process (PID=212) to work on /home/airflow/.local/lib/python3.12/site-packages/airflow/example_dags/example_branch_day_of_week_operator.py
[2024-09-22T11:05:18.932+0000] {processor.py:914} INFO - Processing file /home/airflow/.local/lib/python3.12/site-packages/airflow/example_dags/example_branch_day_of_week_operator.py for tasks to queue
[2024-09-22T11:05:18.938+0000] {logging_mixin.py:190} INFO - [2024-09-22T11:05:18.937+0000] {dagbag.py:588} INFO - Filling up the DagBag from /home/airflow/.local/lib/python3.12/site-packages/airflow/example_dags/example_branch_day_of_week_operator.py
[2024-09-22T11:05:18.963+0000] {processor.py:925} INFO - DAG(s) 'example_weekday_branch_operator' retrieved from /home/airflow/.local/lib/python3.12/site-packages/airflow/example_dags/example_branch_day_of_week_operator.py
[2024-09-22T11:05:19.045+0000] {logging_mixin.py:190} INFO - [2024-09-22T11:05:19.044+0000] {dag.py:3239} INFO - Sync 1 DAGs
[2024-09-22T11:05:19.127+0000] {logging_mixin.py:190} INFO - [2024-09-22T11:05:19.126+0000] {dag.py:4180} INFO - Setting next_dagrun for example_weekday_branch_operator to 2024-09-21 00:00:00+00:00, run_after=2024-09-22 00:00:00+00:00
[2024-09-22T11:05:19.203+0000] {processor.py:208} INFO - Processing /home/airflow/.local/lib/python3.12/site-packages/airflow/example_dags/example_branch_day_of_week_operator.py took 0.335 seconds
[2024-09-22T11:05:50.100+0000] {processor.py:186} INFO - Started process (PID=275) to work on /home/airflow/.local/lib/python3.12/site-packages/airflow/example_dags/example_branch_day_of_week_operator.py
[2024-09-22T11:05:50.102+0000] {processor.py:914} INFO - Processing file /home/airflow/.local/lib/python3.12/site-packages/airflow/example_dags/example_branch_day_of_week_operator.py for tasks to queue
[2024-09-22T11:05:50.110+0000] {logging_mixin.py:190} INFO - [2024-09-22T11:05:50.110+0000] {dagbag.py:588} INFO - Filling up the DagBag from /home/airflow/.local/lib/python3.12/site-packages/airflow/example_dags/example_branch_day_of_week_operator.py
[2024-09-22T11:05:50.129+0000] {processor.py:925} INFO - DAG(s) 'example_weekday_branch_operator' retrieved from /home/airflow/.local/lib/python3.12/site-packages/airflow/example_dags/example_branch_day_of_week_operator.py
[2024-09-22T11:05:50.167+0000] {logging_mixin.py:190} INFO - [2024-09-22T11:05:50.167+0000] {dag.py:3239} INFO - Sync 1 DAGs
[2024-09-22T11:05:50.210+0000] {logging_mixin.py:190} INFO - [2024-09-22T11:05:50.210+0000] {dag.py:4180} INFO - Setting next_dagrun for example_weekday_branch_operator to 2024-09-21 00:00:00+00:00, run_after=2024-09-22 00:00:00+00:00
[2024-09-22T11:05:50.311+0000] {processor.py:208} INFO - Processing /home/airflow/.local/lib/python3.12/site-packages/airflow/example_dags/example_branch_day_of_week_operator.py took 0.221 seconds
[2024-09-22T11:06:20.463+0000] {processor.py:186} INFO - Started process (PID=336) to work on /home/airflow/.local/lib/python3.12/site-packages/airflow/example_dags/example_branch_day_of_week_operator.py
[2024-09-22T11:06:20.464+0000] {processor.py:914} INFO - Processing file /home/airflow/.local/lib/python3.12/site-packages/airflow/example_dags/example_branch_day_of_week_operator.py for tasks to queue
[2024-09-22T11:06:20.467+0000] {logging_mixin.py:190} INFO - [2024-09-22T11:06:20.467+0000] {dagbag.py:588} INFO - Filling up the DagBag from /home/airflow/.local/lib/python3.12/site-packages/airflow/example_dags/example_branch_day_of_week_operator.py
[2024-09-22T11:06:20.482+0000] {processor.py:925} INFO - DAG(s) 'example_weekday_branch_operator' retrieved from /home/airflow/.local/lib/python3.12/site-packages/airflow/example_dags/example_branch_day_of_week_operator.py
[2024-09-22T11:06:20.554+0000] {logging_mixin.py:190} INFO - [2024-09-22T11:06:20.553+0000] {dag.py:3239} INFO - Sync 1 DAGs
[2024-09-22T11:06:20.692+0000] {logging_mixin.py:190} INFO - [2024-09-22T11:06:20.691+0000] {dag.py:4180} INFO - Setting next_dagrun for example_weekday_branch_operator to 2024-09-21 00:00:00+00:00, run_after=2024-09-22 00:00:00+00:00
[2024-09-22T11:06:20.804+0000] {processor.py:208} INFO - Processing /home/airflow/.local/lib/python3.12/site-packages/airflow/example_dags/example_branch_day_of_week_operator.py took 0.348 seconds
[2024-09-22T11:07:04.969+0000] {processor.py:186} INFO - Started process (PID=398) to work on /home/airflow/.local/lib/python3.12/site-packages/airflow/example_dags/example_branch_day_of_week_operator.py
[2024-09-22T11:07:04.975+0000] {processor.py:914} INFO - Processing file /home/airflow/.local/lib/python3.12/site-packages/airflow/example_dags/example_branch_day_of_week_operator.py for tasks to queue
[2024-09-22T11:07:04.990+0000] {logging_mixin.py:190} INFO - [2024-09-22T11:07:04.988+0000] {dagbag.py:588} INFO - Filling up the DagBag from /home/airflow/.local/lib/python3.12/site-packages/airflow/example_dags/example_branch_day_of_week_operator.py
[2024-09-22T11:07:05.083+0000] {processor.py:925} INFO - DAG(s) 'example_weekday_branch_operator' retrieved from /home/airflow/.local/lib/python3.12/site-packages/airflow/example_dags/example_branch_day_of_week_operator.py
[2024-09-22T11:07:05.195+0000] {logging_mixin.py:190} INFO - [2024-09-22T11:07:05.192+0000] {dag.py:3239} INFO - Sync 1 DAGs
[2024-09-22T11:07:05.311+0000] {logging_mixin.py:190} INFO - [2024-09-22T11:07:05.311+0000] {dag.py:4180} INFO - Setting next_dagrun for example_weekday_branch_operator to 2024-09-21 00:00:00+00:00, run_after=2024-09-22 00:00:00+00:00
[2024-09-22T11:07:05.450+0000] {processor.py:208} INFO - Processing /home/airflow/.local/lib/python3.12/site-packages/airflow/example_dags/example_branch_day_of_week_operator.py took 0.497 seconds
[2024-09-22T11:07:38.334+0000] {processor.py:186} INFO - Started process (PID=459) to work on /home/airflow/.local/lib/python3.12/site-packages/airflow/example_dags/example_branch_day_of_week_operator.py
[2024-09-22T11:07:38.348+0000] {processor.py:914} INFO - Processing file /home/airflow/.local/lib/python3.12/site-packages/airflow/example_dags/example_branch_day_of_week_operator.py for tasks to queue
[2024-09-22T11:07:38.387+0000] {logging_mixin.py:190} INFO - [2024-09-22T11:07:38.383+0000] {dagbag.py:588} INFO - Filling up the DagBag from /home/airflow/.local/lib/python3.12/site-packages/airflow/example_dags/example_branch_day_of_week_operator.py
[2024-09-22T11:07:38.594+0000] {processor.py:925} INFO - DAG(s) 'example_weekday_branch_operator' retrieved from /home/airflow/.local/lib/python3.12/site-packages/airflow/example_dags/example_branch_day_of_week_operator.py
[2024-09-22T11:07:39.157+0000] {logging_mixin.py:190} INFO - [2024-09-22T11:07:39.149+0000] {dag.py:3239} INFO - Sync 1 DAGs
