[2024-09-22T11:03:45.544+0000] {processor.py:186} INFO - Started process (PID=78) to work on /home/airflow/.local/lib/python3.12/site-packages/airflow/example_dags/example_setup_teardown.py
[2024-09-22T11:03:45.589+0000] {processor.py:914} INFO - Processing file /home/airflow/.local/lib/python3.12/site-packages/airflow/example_dags/example_setup_teardown.py for tasks to queue
[2024-09-22T11:03:45.668+0000] {logging_mixin.py:190} INFO - [2024-09-22T11:03:45.666+0000] {dagbag.py:588} INFO - Filling up the DagBag from /home/airflow/.local/lib/python3.12/site-packages/airflow/example_dags/example_setup_teardown.py
[2024-09-22T11:03:45.993+0000] {processor.py:925} INFO - DAG(s) 'example_setup_teardown' retrieved from /home/airflow/.local/lib/python3.12/site-packages/airflow/example_dags/example_setup_teardown.py
[2024-09-22T11:03:47.321+0000] {logging_mixin.py:190} INFO - [2024-09-22T11:03:47.312+0000] {override.py:1900} INFO - Created Permission View: can read on DAG:example_setup_teardown
[2024-09-22T11:03:47.410+0000] {logging_mixin.py:190} INFO - [2024-09-22T11:03:47.410+0000] {override.py:1900} INFO - Created Permission View: can edit on DAG:example_setup_teardown
[2024-09-22T11:03:47.797+0000] {logging_mixin.py:190} INFO - [2024-09-22T11:03:47.649+0000] {override.py:1900} INFO - Created Permission View: can delete on DAG:example_setup_teardown
[2024-09-22T11:03:48.211+0000] {logging_mixin.py:190} INFO - [2024-09-22T11:03:48.202+0000] {override.py:1900} INFO - Created Permission View: can read on DAG Run:example_setup_teardown
[2024-09-22T11:03:48.268+0000] {logging_mixin.py:190} INFO - [2024-09-22T11:03:48.268+0000] {override.py:1900} INFO - Created Permission View: menu access on DAG Run:example_setup_teardown
[2024-09-22T11:03:48.422+0000] {logging_mixin.py:190} INFO - [2024-09-22T11:03:48.421+0000] {override.py:1900} INFO - Created Permission View: can create on DAG Run:example_setup_teardown
[2024-09-22T11:03:48.468+0000] {logging_mixin.py:190} INFO - [2024-09-22T11:03:48.468+0000] {override.py:1900} INFO - Created Permission View: can delete on DAG Run:example_setup_teardown
[2024-09-22T11:03:48.551+0000] {logging_mixin.py:190} INFO - [2024-09-22T11:03:48.542+0000] {dag.py:3239} INFO - Sync 1 DAGs
[2024-09-22T11:03:48.837+0000] {logging_mixin.py:190} INFO - [2024-09-22T11:03:48.836+0000] {dag.py:3262} INFO - Creating ORM DAG for example_setup_teardown
[2024-09-22T11:03:48.845+0000] {logging_mixin.py:190} INFO - [2024-09-22T11:03:48.845+0000] {dag.py:4180} INFO - Setting next_dagrun for example_setup_teardown to None, run_after=None
[2024-09-22T11:03:49.000+0000] {processor.py:208} INFO - Processing /home/airflow/.local/lib/python3.12/site-packages/airflow/example_dags/example_setup_teardown.py took 3.649 seconds
[2024-09-22T11:04:45.380+0000] {processor.py:186} INFO - Started process (PID=140) to work on /home/airflow/.local/lib/python3.12/site-packages/airflow/example_dags/example_setup_teardown.py
[2024-09-22T11:04:45.388+0000] {processor.py:914} INFO - Processing file /home/airflow/.local/lib/python3.12/site-packages/airflow/example_dags/example_setup_teardown.py for tasks to queue
[2024-09-22T11:04:45.396+0000] {logging_mixin.py:190} INFO - [2024-09-22T11:04:45.395+0000] {dagbag.py:588} INFO - Filling up the DagBag from /home/airflow/.local/lib/python3.12/site-packages/airflow/example_dags/example_setup_teardown.py
[2024-09-22T11:04:45.419+0000] {processor.py:925} INFO - DAG(s) 'example_setup_teardown' retrieved from /home/airflow/.local/lib/python3.12/site-packages/airflow/example_dags/example_setup_teardown.py
[2024-09-22T11:04:45.514+0000] {logging_mixin.py:190} INFO - [2024-09-22T11:04:45.513+0000] {dag.py:3239} INFO - Sync 1 DAGs
[2024-09-22T11:04:45.571+0000] {logging_mixin.py:190} INFO - [2024-09-22T11:04:45.571+0000] {dag.py:4180} INFO - Setting next_dagrun for example_setup_teardown to None, run_after=None
[2024-09-22T11:04:45.649+0000] {processor.py:208} INFO - Processing /home/airflow/.local/lib/python3.12/site-packages/airflow/example_dags/example_setup_teardown.py took 0.291 seconds
[2024-09-22T11:05:16.183+0000] {processor.py:186} INFO - Started process (PID=201) to work on /home/airflow/.local/lib/python3.12/site-packages/airflow/example_dags/example_setup_teardown.py
[2024-09-22T11:05:16.186+0000] {processor.py:914} INFO - Processing file /home/airflow/.local/lib/python3.12/site-packages/airflow/example_dags/example_setup_teardown.py for tasks to queue
[2024-09-22T11:05:16.189+0000] {logging_mixin.py:190} INFO - [2024-09-22T11:05:16.189+0000] {dagbag.py:588} INFO - Filling up the DagBag from /home/airflow/.local/lib/python3.12/site-packages/airflow/example_dags/example_setup_teardown.py
[2024-09-22T11:05:16.198+0000] {processor.py:925} INFO - DAG(s) 'example_setup_teardown' retrieved from /home/airflow/.local/lib/python3.12/site-packages/airflow/example_dags/example_setup_teardown.py
[2024-09-22T11:05:16.232+0000] {logging_mixin.py:190} INFO - [2024-09-22T11:05:16.232+0000] {dag.py:3239} INFO - Sync 1 DAGs
[2024-09-22T11:05:16.261+0000] {logging_mixin.py:190} INFO - [2024-09-22T11:05:16.261+0000] {dag.py:4180} INFO - Setting next_dagrun for example_setup_teardown to None, run_after=None
[2024-09-22T11:05:16.339+0000] {processor.py:208} INFO - Processing /home/airflow/.local/lib/python3.12/site-packages/airflow/example_dags/example_setup_teardown.py took 0.164 seconds
[2024-09-22T11:05:46.808+0000] {processor.py:186} INFO - Started process (PID=263) to work on /home/airflow/.local/lib/python3.12/site-packages/airflow/example_dags/example_setup_teardown.py
[2024-09-22T11:05:46.809+0000] {processor.py:914} INFO - Processing file /home/airflow/.local/lib/python3.12/site-packages/airflow/example_dags/example_setup_teardown.py for tasks to queue
[2024-09-22T11:05:46.811+0000] {logging_mixin.py:190} INFO - [2024-09-22T11:05:46.811+0000] {dagbag.py:588} INFO - Filling up the DagBag from /home/airflow/.local/lib/python3.12/site-packages/airflow/example_dags/example_setup_teardown.py
[2024-09-22T11:05:46.819+0000] {processor.py:925} INFO - DAG(s) 'example_setup_teardown' retrieved from /home/airflow/.local/lib/python3.12/site-packages/airflow/example_dags/example_setup_teardown.py
[2024-09-22T11:05:46.866+0000] {logging_mixin.py:190} INFO - [2024-09-22T11:05:46.866+0000] {dag.py:3239} INFO - Sync 1 DAGs
[2024-09-22T11:05:46.898+0000] {logging_mixin.py:190} INFO - [2024-09-22T11:05:46.897+0000] {dag.py:4180} INFO - Setting next_dagrun for example_setup_teardown to None, run_after=None
[2024-09-22T11:05:46.981+0000] {processor.py:208} INFO - Processing /home/airflow/.local/lib/python3.12/site-packages/airflow/example_dags/example_setup_teardown.py took 0.178 seconds
[2024-09-22T11:06:18.574+0000] {processor.py:186} INFO - Started process (PID=325) to work on /home/airflow/.local/lib/python3.12/site-packages/airflow/example_dags/example_setup_teardown.py
[2024-09-22T11:06:18.592+0000] {processor.py:914} INFO - Processing file /home/airflow/.local/lib/python3.12/site-packages/airflow/example_dags/example_setup_teardown.py for tasks to queue
[2024-09-22T11:06:18.608+0000] {logging_mixin.py:190} INFO - [2024-09-22T11:06:18.606+0000] {dagbag.py:588} INFO - Filling up the DagBag from /home/airflow/.local/lib/python3.12/site-packages/airflow/example_dags/example_setup_teardown.py
[2024-09-22T11:06:18.698+0000] {processor.py:925} INFO - DAG(s) 'example_setup_teardown' retrieved from /home/airflow/.local/lib/python3.12/site-packages/airflow/example_dags/example_setup_teardown.py
[2024-09-22T11:06:18.885+0000] {logging_mixin.py:190} INFO - [2024-09-22T11:06:18.884+0000] {dag.py:3239} INFO - Sync 1 DAGs
[2024-09-22T11:06:18.960+0000] {logging_mixin.py:190} INFO - [2024-09-22T11:06:18.959+0000] {dag.py:4180} INFO - Setting next_dagrun for example_setup_teardown to None, run_after=None
[2024-09-22T11:06:19.044+0000] {processor.py:208} INFO - Processing /home/airflow/.local/lib/python3.12/site-packages/airflow/example_dags/example_setup_teardown.py took 0.502 seconds
[2024-09-22T11:06:59.343+0000] {processor.py:186} INFO - Started process (PID=393) to work on /home/airflow/.local/lib/python3.12/site-packages/airflow/example_dags/example_setup_teardown.py
[2024-09-22T11:06:59.352+0000] {processor.py:914} INFO - Processing file /home/airflow/.local/lib/python3.12/site-packages/airflow/example_dags/example_setup_teardown.py for tasks to queue
[2024-09-22T11:06:59.361+0000] {logging_mixin.py:190} INFO - [2024-09-22T11:06:59.359+0000] {dagbag.py:588} INFO - Filling up the DagBag from /home/airflow/.local/lib/python3.12/site-packages/airflow/example_dags/example_setup_teardown.py
[2024-09-22T11:06:59.538+0000] {processor.py:925} INFO - DAG(s) 'example_setup_teardown' retrieved from /home/airflow/.local/lib/python3.12/site-packages/airflow/example_dags/example_setup_teardown.py
[2024-09-22T11:06:59.958+0000] {logging_mixin.py:190} INFO - [2024-09-22T11:06:59.953+0000] {dag.py:3239} INFO - Sync 1 DAGs
[2024-09-22T11:07:00.329+0000] {logging_mixin.py:190} INFO - [2024-09-22T11:07:00.322+0000] {dag.py:4180} INFO - Setting next_dagrun for example_setup_teardown to None, run_after=None
[2024-09-22T11:07:00.699+0000] {processor.py:208} INFO - Processing /home/airflow/.local/lib/python3.12/site-packages/airflow/example_dags/example_setup_teardown.py took 1.388 seconds
[2024-09-22T11:07:32.061+0000] {processor.py:186} INFO - Started process (PID=454) to work on /home/airflow/.local/lib/python3.12/site-packages/airflow/example_dags/example_setup_teardown.py
[2024-09-22T11:07:32.068+0000] {processor.py:914} INFO - Processing file /home/airflow/.local/lib/python3.12/site-packages/airflow/example_dags/example_setup_teardown.py for tasks to queue
[2024-09-22T11:07:32.101+0000] {logging_mixin.py:190} INFO - [2024-09-22T11:07:32.093+0000] {dagbag.py:588} INFO - Filling up the DagBag from /home/airflow/.local/lib/python3.12/site-packages/airflow/example_dags/example_setup_teardown.py
[2024-09-22T11:07:32.159+0000] {processor.py:925} INFO - DAG(s) 'example_setup_teardown' retrieved from /home/airflow/.local/lib/python3.12/site-packages/airflow/example_dags/example_setup_teardown.py
[2024-09-22T11:07:32.330+0000] {logging_mixin.py:190} INFO - [2024-09-22T11:07:32.330+0000] {dag.py:3239} INFO - Sync 1 DAGs
[2024-09-22T11:07:32.380+0000] {logging_mixin.py:190} INFO - [2024-09-22T11:07:32.380+0000] {dag.py:4180} INFO - Setting next_dagrun for example_setup_teardown to None, run_after=None
[2024-09-22T11:07:32.497+0000] {processor.py:208} INFO - Processing /home/airflow/.local/lib/python3.12/site-packages/airflow/example_dags/example_setup_teardown.py took 0.480 seconds
