[2024-09-22T11:03:24.998+0000] {processor.py:186} INFO - Started process (PID=62) to work on /home/airflow/.local/lib/python3.12/site-packages/airflow/example_dags/example_outlet_event_extra.py
[2024-09-22T11:03:25.006+0000] {processor.py:914} INFO - Processing file /home/airflow/.local/lib/python3.12/site-packages/airflow/example_dags/example_outlet_event_extra.py for tasks to queue
[2024-09-22T11:03:25.012+0000] {logging_mixin.py:190} INFO - [2024-09-22T11:03:25.011+0000] {dagbag.py:588} INFO - Filling up the DagBag from /home/airflow/.local/lib/python3.12/site-packages/airflow/example_dags/example_outlet_event_extra.py
[2024-09-22T11:03:26.707+0000] {processor.py:925} INFO - DAG(s) 'dataset_with_extra_from_classic_operator', 'dataset_with_extra_by_context', 'dataset_with_extra_by_yield' retrieved from /home/airflow/.local/lib/python3.12/site-packages/airflow/example_dags/example_outlet_event_extra.py
[2024-09-22T11:03:27.875+0000] {logging_mixin.py:190} INFO - [2024-09-22T11:03:27.849+0000] {override.py:1900} INFO - Created Permission View: can read on DAG:dataset_with_extra_from_classic_operator
[2024-09-22T11:03:27.905+0000] {logging_mixin.py:190} INFO - [2024-09-22T11:03:27.905+0000] {override.py:1900} INFO - Created Permission View: can edit on DAG:dataset_with_extra_from_classic_operator
[2024-09-22T11:03:27.963+0000] {logging_mixin.py:190} INFO - [2024-09-22T11:03:27.963+0000] {override.py:1900} INFO - Created Permission View: can delete on DAG:dataset_with_extra_from_classic_operator
[2024-09-22T11:03:28.053+0000] {logging_mixin.py:190} INFO - [2024-09-22T11:03:28.053+0000] {override.py:1900} INFO - Created Permission View: can read on DAG Run:dataset_with_extra_from_classic_operator
[2024-09-22T11:03:28.127+0000] {logging_mixin.py:190} INFO - [2024-09-22T11:03:28.125+0000] {override.py:1900} INFO - Created Permission View: menu access on DAG Run:dataset_with_extra_from_classic_operator
[2024-09-22T11:03:28.157+0000] {logging_mixin.py:190} INFO - [2024-09-22T11:03:28.156+0000] {override.py:1900} INFO - Created Permission View: can create on DAG Run:dataset_with_extra_from_classic_operator
[2024-09-22T11:03:28.188+0000] {logging_mixin.py:190} INFO - [2024-09-22T11:03:28.187+0000] {override.py:1900} INFO - Created Permission View: can delete on DAG Run:dataset_with_extra_from_classic_operator
[2024-09-22T11:03:28.368+0000] {logging_mixin.py:190} INFO - [2024-09-22T11:03:28.366+0000] {override.py:1900} INFO - Created Permission View: can read on DAG:dataset_with_extra_by_context
[2024-09-22T11:03:28.404+0000] {logging_mixin.py:190} INFO - [2024-09-22T11:03:28.402+0000] {override.py:1900} INFO - Created Permission View: can edit on DAG:dataset_with_extra_by_context
[2024-09-22T11:03:28.442+0000] {logging_mixin.py:190} INFO - [2024-09-22T11:03:28.442+0000] {override.py:1900} INFO - Created Permission View: can delete on DAG:dataset_with_extra_by_context
[2024-09-22T11:03:28.476+0000] {logging_mixin.py:190} INFO - [2024-09-22T11:03:28.475+0000] {override.py:1900} INFO - Created Permission View: can read on DAG Run:dataset_with_extra_by_context
[2024-09-22T11:03:28.513+0000] {logging_mixin.py:190} INFO - [2024-09-22T11:03:28.513+0000] {override.py:1900} INFO - Created Permission View: menu access on DAG Run:dataset_with_extra_by_context
[2024-09-22T11:03:28.533+0000] {logging_mixin.py:190} INFO - [2024-09-22T11:03:28.532+0000] {override.py:1900} INFO - Created Permission View: can create on DAG Run:dataset_with_extra_by_context
[2024-09-22T11:03:28.560+0000] {logging_mixin.py:190} INFO - [2024-09-22T11:03:28.558+0000] {override.py:1900} INFO - Created Permission View: can delete on DAG Run:dataset_with_extra_by_context
[2024-09-22T11:03:28.626+0000] {logging_mixin.py:190} INFO - [2024-09-22T11:03:28.625+0000] {override.py:1900} INFO - Created Permission View: can read on DAG:dataset_with_extra_by_yield
[2024-09-22T11:03:28.667+0000] {logging_mixin.py:190} INFO - [2024-09-22T11:03:28.666+0000] {override.py:1900} INFO - Created Permission View: can edit on DAG:dataset_with_extra_by_yield
[2024-09-22T11:03:28.716+0000] {logging_mixin.py:190} INFO - [2024-09-22T11:03:28.714+0000] {override.py:1900} INFO - Created Permission View: can delete on DAG:dataset_with_extra_by_yield
[2024-09-22T11:03:28.778+0000] {logging_mixin.py:190} INFO - [2024-09-22T11:03:28.777+0000] {override.py:1900} INFO - Created Permission View: can read on DAG Run:dataset_with_extra_by_yield
[2024-09-22T11:03:28.800+0000] {logging_mixin.py:190} INFO - [2024-09-22T11:03:28.799+0000] {override.py:1900} INFO - Created Permission View: menu access on DAG Run:dataset_with_extra_by_yield
[2024-09-22T11:03:28.816+0000] {logging_mixin.py:190} INFO - [2024-09-22T11:03:28.815+0000] {override.py:1900} INFO - Created Permission View: can create on DAG Run:dataset_with_extra_by_yield
[2024-09-22T11:03:28.836+0000] {logging_mixin.py:190} INFO - [2024-09-22T11:03:28.835+0000] {override.py:1900} INFO - Created Permission View: can delete on DAG Run:dataset_with_extra_by_yield
[2024-09-22T11:03:28.844+0000] {logging_mixin.py:190} INFO - [2024-09-22T11:03:28.842+0000] {dag.py:3239} INFO - Sync 3 DAGs
[2024-09-22T11:03:28.968+0000] {logging_mixin.py:190} INFO - [2024-09-22T11:03:28.966+0000] {dag.py:3262} INFO - Creating ORM DAG for dataset_with_extra_by_context
[2024-09-22T11:03:28.975+0000] {logging_mixin.py:190} INFO - [2024-09-22T11:03:28.974+0000] {dag.py:3262} INFO - Creating ORM DAG for dataset_with_extra_by_yield
[2024-09-22T11:03:28.977+0000] {logging_mixin.py:190} INFO - [2024-09-22T11:03:28.977+0000] {dag.py:3262} INFO - Creating ORM DAG for dataset_with_extra_from_classic_operator
[2024-09-22T11:03:29.062+0000] {logging_mixin.py:190} INFO - [2024-09-22T11:03:29.062+0000] {dag.py:4180} INFO - Setting next_dagrun for dataset_with_extra_by_context to 2024-09-21 00:00:00+00:00, run_after=2024-09-22 00:00:00+00:00
[2024-09-22T11:03:29.067+0000] {logging_mixin.py:190} INFO - [2024-09-22T11:03:29.067+0000] {dag.py:4180} INFO - Setting next_dagrun for dataset_with_extra_by_yield to 2024-09-21 00:00:00+00:00, run_after=2024-09-22 00:00:00+00:00
[2024-09-22T11:03:29.075+0000] {logging_mixin.py:190} INFO - [2024-09-22T11:03:29.074+0000] {dag.py:4180} INFO - Setting next_dagrun for dataset_with_extra_from_classic_operator to 2024-09-21 00:00:00+00:00, run_after=2024-09-22 00:00:00+00:00
[2024-09-22T11:03:29.261+0000] {processor.py:208} INFO - Processing /home/airflow/.local/lib/python3.12/site-packages/airflow/example_dags/example_outlet_event_extra.py took 4.290 seconds
[2024-09-22T11:04:40.727+0000] {processor.py:186} INFO - Started process (PID=130) to work on /home/airflow/.local/lib/python3.12/site-packages/airflow/example_dags/example_outlet_event_extra.py
[2024-09-22T11:04:40.730+0000] {processor.py:914} INFO - Processing file /home/airflow/.local/lib/python3.12/site-packages/airflow/example_dags/example_outlet_event_extra.py for tasks to queue
[2024-09-22T11:04:40.750+0000] {logging_mixin.py:190} INFO - [2024-09-22T11:04:40.747+0000] {dagbag.py:588} INFO - Filling up the DagBag from /home/airflow/.local/lib/python3.12/site-packages/airflow/example_dags/example_outlet_event_extra.py
[2024-09-22T11:04:41.437+0000] {processor.py:925} INFO - DAG(s) 'dataset_with_extra_by_yield', 'dataset_with_extra_from_classic_operator', 'dataset_with_extra_by_context' retrieved from /home/airflow/.local/lib/python3.12/site-packages/airflow/example_dags/example_outlet_event_extra.py
[2024-09-22T11:04:41.649+0000] {logging_mixin.py:190} INFO - [2024-09-22T11:04:41.645+0000] {dag.py:3239} INFO - Sync 3 DAGs
[2024-09-22T11:04:41.780+0000] {logging_mixin.py:190} INFO - [2024-09-22T11:04:41.779+0000] {dag.py:4180} INFO - Setting next_dagrun for dataset_with_extra_by_context to 2024-09-21 00:00:00+00:00, run_after=2024-09-22 00:00:00+00:00
[2024-09-22T11:04:41.805+0000] {logging_mixin.py:190} INFO - [2024-09-22T11:04:41.804+0000] {dag.py:4180} INFO - Setting next_dagrun for dataset_with_extra_by_yield to 2024-09-21 00:00:00+00:00, run_after=2024-09-22 00:00:00+00:00
[2024-09-22T11:04:41.815+0000] {logging_mixin.py:190} INFO - [2024-09-22T11:04:41.814+0000] {dag.py:4180} INFO - Setting next_dagrun for dataset_with_extra_from_classic_operator to 2024-09-21 00:00:00+00:00, run_after=2024-09-22 00:00:00+00:00
[2024-09-22T11:04:41.930+0000] {processor.py:208} INFO - Processing /home/airflow/.local/lib/python3.12/site-packages/airflow/example_dags/example_outlet_event_extra.py took 1.233 seconds
[2024-09-22T11:05:12.511+0000] {processor.py:186} INFO - Started process (PID=193) to work on /home/airflow/.local/lib/python3.12/site-packages/airflow/example_dags/example_outlet_event_extra.py
[2024-09-22T11:05:12.513+0000] {processor.py:914} INFO - Processing file /home/airflow/.local/lib/python3.12/site-packages/airflow/example_dags/example_outlet_event_extra.py for tasks to queue
[2024-09-22T11:05:12.516+0000] {logging_mixin.py:190} INFO - [2024-09-22T11:05:12.516+0000] {dagbag.py:588} INFO - Filling up the DagBag from /home/airflow/.local/lib/python3.12/site-packages/airflow/example_dags/example_outlet_event_extra.py
[2024-09-22T11:05:13.074+0000] {processor.py:925} INFO - DAG(s) 'dataset_with_extra_by_context', 'dataset_with_extra_by_yield', 'dataset_with_extra_from_classic_operator' retrieved from /home/airflow/.local/lib/python3.12/site-packages/airflow/example_dags/example_outlet_event_extra.py
[2024-09-22T11:05:13.244+0000] {logging_mixin.py:190} INFO - [2024-09-22T11:05:13.242+0000] {dag.py:3239} INFO - Sync 3 DAGs
[2024-09-22T11:05:13.332+0000] {logging_mixin.py:190} INFO - [2024-09-22T11:05:13.331+0000] {dag.py:4180} INFO - Setting next_dagrun for dataset_with_extra_by_context to 2024-09-21 00:00:00+00:00, run_after=2024-09-22 00:00:00+00:00
[2024-09-22T11:05:13.336+0000] {logging_mixin.py:190} INFO - [2024-09-22T11:05:13.336+0000] {dag.py:4180} INFO - Setting next_dagrun for dataset_with_extra_by_yield to 2024-09-21 00:00:00+00:00, run_after=2024-09-22 00:00:00+00:00
[2024-09-22T11:05:13.338+0000] {logging_mixin.py:190} INFO - [2024-09-22T11:05:13.338+0000] {dag.py:4180} INFO - Setting next_dagrun for dataset_with_extra_from_classic_operator to 2024-09-21 00:00:00+00:00, run_after=2024-09-22 00:00:00+00:00
[2024-09-22T11:05:13.425+0000] {processor.py:208} INFO - Processing /home/airflow/.local/lib/python3.12/site-packages/airflow/example_dags/example_outlet_event_extra.py took 0.930 seconds
[2024-09-22T11:05:43.558+0000] {processor.py:186} INFO - Started process (PID=255) to work on /home/airflow/.local/lib/python3.12/site-packages/airflow/example_dags/example_outlet_event_extra.py
[2024-09-22T11:05:43.561+0000] {processor.py:914} INFO - Processing file /home/airflow/.local/lib/python3.12/site-packages/airflow/example_dags/example_outlet_event_extra.py for tasks to queue
[2024-09-22T11:05:43.564+0000] {logging_mixin.py:190} INFO - [2024-09-22T11:05:43.563+0000] {dagbag.py:588} INFO - Filling up the DagBag from /home/airflow/.local/lib/python3.12/site-packages/airflow/example_dags/example_outlet_event_extra.py
[2024-09-22T11:05:44.368+0000] {processor.py:925} INFO - DAG(s) 'dataset_with_extra_by_context', 'dataset_with_extra_from_classic_operator', 'dataset_with_extra_by_yield' retrieved from /home/airflow/.local/lib/python3.12/site-packages/airflow/example_dags/example_outlet_event_extra.py
[2024-09-22T11:05:44.482+0000] {logging_mixin.py:190} INFO - [2024-09-22T11:05:44.481+0000] {dag.py:3239} INFO - Sync 3 DAGs
[2024-09-22T11:05:44.546+0000] {logging_mixin.py:190} INFO - [2024-09-22T11:05:44.545+0000] {dag.py:4180} INFO - Setting next_dagrun for dataset_with_extra_by_context to 2024-09-21 00:00:00+00:00, run_after=2024-09-22 00:00:00+00:00
[2024-09-22T11:05:44.569+0000] {logging_mixin.py:190} INFO - [2024-09-22T11:05:44.569+0000] {dag.py:4180} INFO - Setting next_dagrun for dataset_with_extra_by_yield to 2024-09-21 00:00:00+00:00, run_after=2024-09-22 00:00:00+00:00
[2024-09-22T11:05:44.584+0000] {logging_mixin.py:190} INFO - [2024-09-22T11:05:44.584+0000] {dag.py:4180} INFO - Setting next_dagrun for dataset_with_extra_from_classic_operator to 2024-09-21 00:00:00+00:00, run_after=2024-09-22 00:00:00+00:00
[2024-09-22T11:05:44.701+0000] {processor.py:208} INFO - Processing /home/airflow/.local/lib/python3.12/site-packages/airflow/example_dags/example_outlet_event_extra.py took 1.151 seconds
[2024-09-22T11:06:14.833+0000] {processor.py:186} INFO - Started process (PID=317) to work on /home/airflow/.local/lib/python3.12/site-packages/airflow/example_dags/example_outlet_event_extra.py
[2024-09-22T11:06:14.846+0000] {processor.py:914} INFO - Processing file /home/airflow/.local/lib/python3.12/site-packages/airflow/example_dags/example_outlet_event_extra.py for tasks to queue
[2024-09-22T11:06:14.864+0000] {logging_mixin.py:190} INFO - [2024-09-22T11:06:14.863+0000] {dagbag.py:588} INFO - Filling up the DagBag from /home/airflow/.local/lib/python3.12/site-packages/airflow/example_dags/example_outlet_event_extra.py
[2024-09-22T11:06:15.211+0000] {processor.py:925} INFO - DAG(s) 'dataset_with_extra_by_context', 'dataset_with_extra_from_classic_operator', 'dataset_with_extra_by_yield' retrieved from /home/airflow/.local/lib/python3.12/site-packages/airflow/example_dags/example_outlet_event_extra.py
[2024-09-22T11:06:15.348+0000] {logging_mixin.py:190} INFO - [2024-09-22T11:06:15.347+0000] {dag.py:3239} INFO - Sync 3 DAGs
[2024-09-22T11:06:15.388+0000] {logging_mixin.py:190} INFO - [2024-09-22T11:06:15.388+0000] {dag.py:4180} INFO - Setting next_dagrun for dataset_with_extra_by_context to 2024-09-21 00:00:00+00:00, run_after=2024-09-22 00:00:00+00:00
[2024-09-22T11:06:15.411+0000] {logging_mixin.py:190} INFO - [2024-09-22T11:06:15.410+0000] {dag.py:4180} INFO - Setting next_dagrun for dataset_with_extra_by_yield to 2024-09-21 00:00:00+00:00, run_after=2024-09-22 00:00:00+00:00
[2024-09-22T11:06:15.434+0000] {logging_mixin.py:190} INFO - [2024-09-22T11:06:15.432+0000] {dag.py:4180} INFO - Setting next_dagrun for dataset_with_extra_from_classic_operator to 2024-09-21 00:00:00+00:00, run_after=2024-09-22 00:00:00+00:00
[2024-09-22T11:06:15.542+0000] {processor.py:208} INFO - Processing /home/airflow/.local/lib/python3.12/site-packages/airflow/example_dags/example_outlet_event_extra.py took 0.719 seconds
[2024-09-22T11:06:45.929+0000] {processor.py:186} INFO - Started process (PID=377) to work on /home/airflow/.local/lib/python3.12/site-packages/airflow/example_dags/example_outlet_event_extra.py
[2024-09-22T11:06:45.929+0000] {processor.py:914} INFO - Processing file /home/airflow/.local/lib/python3.12/site-packages/airflow/example_dags/example_outlet_event_extra.py for tasks to queue
[2024-09-22T11:06:45.931+0000] {logging_mixin.py:190} INFO - [2024-09-22T11:06:45.931+0000] {dagbag.py:588} INFO - Filling up the DagBag from /home/airflow/.local/lib/python3.12/site-packages/airflow/example_dags/example_outlet_event_extra.py
[2024-09-22T11:06:47.009+0000] {processor.py:925} INFO - DAG(s) 'dataset_with_extra_from_classic_operator', 'dataset_with_extra_by_yield', 'dataset_with_extra_by_context' retrieved from /home/airflow/.local/lib/python3.12/site-packages/airflow/example_dags/example_outlet_event_extra.py
[2024-09-22T11:06:47.147+0000] {logging_mixin.py:190} INFO - [2024-09-22T11:06:47.146+0000] {dag.py:3239} INFO - Sync 3 DAGs
[2024-09-22T11:06:47.276+0000] {logging_mixin.py:190} INFO - [2024-09-22T11:06:47.275+0000] {dag.py:4180} INFO - Setting next_dagrun for dataset_with_extra_by_context to 2024-09-21 00:00:00+00:00, run_after=2024-09-22 00:00:00+00:00
[2024-09-22T11:06:47.289+0000] {logging_mixin.py:190} INFO - [2024-09-22T11:06:47.288+0000] {dag.py:4180} INFO - Setting next_dagrun for dataset_with_extra_by_yield to 2024-09-21 00:00:00+00:00, run_after=2024-09-22 00:00:00+00:00
[2024-09-22T11:06:47.294+0000] {logging_mixin.py:190} INFO - [2024-09-22T11:06:47.293+0000] {dag.py:4180} INFO - Setting next_dagrun for dataset_with_extra_from_classic_operator to 2024-09-21 00:00:00+00:00, run_after=2024-09-22 00:00:00+00:00
[2024-09-22T11:06:47.394+0000] {processor.py:208} INFO - Processing /home/airflow/.local/lib/python3.12/site-packages/airflow/example_dags/example_outlet_event_extra.py took 1.469 seconds
[2024-09-22T11:07:19.977+0000] {processor.py:186} INFO - Started process (PID=439) to work on /home/airflow/.local/lib/python3.12/site-packages/airflow/example_dags/example_outlet_event_extra.py
[2024-09-22T11:07:19.983+0000] {processor.py:914} INFO - Processing file /home/airflow/.local/lib/python3.12/site-packages/airflow/example_dags/example_outlet_event_extra.py for tasks to queue
[2024-09-22T11:07:19.995+0000] {logging_mixin.py:190} INFO - [2024-09-22T11:07:19.993+0000] {dagbag.py:588} INFO - Filling up the DagBag from /home/airflow/.local/lib/python3.12/site-packages/airflow/example_dags/example_outlet_event_extra.py
[2024-09-22T11:07:20.991+0000] {processor.py:925} INFO - DAG(s) 'dataset_with_extra_by_yield', 'dataset_with_extra_by_context', 'dataset_with_extra_from_classic_operator' retrieved from /home/airflow/.local/lib/python3.12/site-packages/airflow/example_dags/example_outlet_event_extra.py
[2024-09-22T11:07:21.141+0000] {logging_mixin.py:190} INFO - [2024-09-22T11:07:21.141+0000] {dag.py:3239} INFO - Sync 3 DAGs
[2024-09-22T11:07:21.205+0000] {logging_mixin.py:190} INFO - [2024-09-22T11:07:21.204+0000] {dag.py:4180} INFO - Setting next_dagrun for dataset_with_extra_by_context to 2024-09-21 00:00:00+00:00, run_after=2024-09-22 00:00:00+00:00
[2024-09-22T11:07:21.214+0000] {logging_mixin.py:190} INFO - [2024-09-22T11:07:21.214+0000] {dag.py:4180} INFO - Setting next_dagrun for dataset_with_extra_by_yield to 2024-09-21 00:00:00+00:00, run_after=2024-09-22 00:00:00+00:00
[2024-09-22T11:07:21.220+0000] {logging_mixin.py:190} INFO - [2024-09-22T11:07:21.220+0000] {dag.py:4180} INFO - Setting next_dagrun for dataset_with_extra_from_classic_operator to 2024-09-21 00:00:00+00:00, run_after=2024-09-22 00:00:00+00:00
[2024-09-22T11:07:21.282+0000] {processor.py:208} INFO - Processing /home/airflow/.local/lib/python3.12/site-packages/airflow/example_dags/example_outlet_event_extra.py took 1.319 seconds
