[2024-09-22T11:03:29.840+0000] {processor.py:186} INFO - Started process (PID=65) to work on /home/airflow/.local/lib/python3.12/site-packages/airflow/example_dags/example_dataset_alias_with_no_taskflow.py
[2024-09-22T11:03:29.848+0000] {processor.py:914} INFO - Processing file /home/airflow/.local/lib/python3.12/site-packages/airflow/example_dags/example_dataset_alias_with_no_taskflow.py for tasks to queue
[2024-09-22T11:03:29.883+0000] {logging_mixin.py:190} INFO - [2024-09-22T11:03:29.881+0000] {dagbag.py:588} INFO - Filling up the DagBag from /home/airflow/.local/lib/python3.12/site-packages/airflow/example_dags/example_dataset_alias_with_no_taskflow.py
[2024-09-22T11:03:30.868+0000] {processor.py:925} INFO - DAG(s) 'dataset_alias_example_alias_producer_with_no_taskflow', 'dataset_alias_example_alias_consumer_with_no_taskflow', 'dataset_s3_bucket_consumer_with_no_taskflow', 'dataset_s3_bucket_producer_with_no_taskflow' retrieved from /home/airflow/.local/lib/python3.12/site-packages/airflow/example_dags/example_dataset_alias_with_no_taskflow.py
[2024-09-22T11:03:31.653+0000] {logging_mixin.py:190} INFO - [2024-09-22T11:03:31.633+0000] {override.py:1900} INFO - Created Permission View: can read on DAG:dataset_alias_example_alias_producer_with_no_taskflow
[2024-09-22T11:03:31.704+0000] {logging_mixin.py:190} INFO - [2024-09-22T11:03:31.704+0000] {override.py:1900} INFO - Created Permission View: can edit on DAG:dataset_alias_example_alias_producer_with_no_taskflow
[2024-09-22T11:03:31.746+0000] {logging_mixin.py:190} INFO - [2024-09-22T11:03:31.745+0000] {override.py:1900} INFO - Created Permission View: can delete on DAG:dataset_alias_example_alias_producer_with_no_taskflow
[2024-09-22T11:03:31.771+0000] {logging_mixin.py:190} INFO - [2024-09-22T11:03:31.769+0000] {override.py:1900} INFO - Created Permission View: can read on DAG Run:dataset_alias_example_alias_producer_with_no_taskflow
[2024-09-22T11:03:31.817+0000] {logging_mixin.py:190} INFO - [2024-09-22T11:03:31.815+0000] {override.py:1900} INFO - Created Permission View: menu access on DAG Run:dataset_alias_example_alias_producer_with_no_taskflow
[2024-09-22T11:03:31.845+0000] {logging_mixin.py:190} INFO - [2024-09-22T11:03:31.845+0000] {override.py:1900} INFO - Created Permission View: can create on DAG Run:dataset_alias_example_alias_producer_with_no_taskflow
[2024-09-22T11:03:31.870+0000] {logging_mixin.py:190} INFO - [2024-09-22T11:03:31.869+0000] {override.py:1900} INFO - Created Permission View: can delete on DAG Run:dataset_alias_example_alias_producer_with_no_taskflow
[2024-09-22T11:03:31.915+0000] {logging_mixin.py:190} INFO - [2024-09-22T11:03:31.914+0000] {override.py:1900} INFO - Created Permission View: can read on DAG:dataset_alias_example_alias_consumer_with_no_taskflow
[2024-09-22T11:03:31.955+0000] {logging_mixin.py:190} INFO - [2024-09-22T11:03:31.954+0000] {override.py:1900} INFO - Created Permission View: can edit on DAG:dataset_alias_example_alias_consumer_with_no_taskflow
[2024-09-22T11:03:31.981+0000] {logging_mixin.py:190} INFO - [2024-09-22T11:03:31.980+0000] {override.py:1900} INFO - Created Permission View: can delete on DAG:dataset_alias_example_alias_consumer_with_no_taskflow
[2024-09-22T11:03:32.032+0000] {logging_mixin.py:190} INFO - [2024-09-22T11:03:32.031+0000] {override.py:1900} INFO - Created Permission View: can read on DAG Run:dataset_alias_example_alias_consumer_with_no_taskflow
[2024-09-22T11:03:32.108+0000] {logging_mixin.py:190} INFO - [2024-09-22T11:03:32.102+0000] {override.py:1900} INFO - Created Permission View: menu access on DAG Run:dataset_alias_example_alias_consumer_with_no_taskflow
[2024-09-22T11:03:32.153+0000] {logging_mixin.py:190} INFO - [2024-09-22T11:03:32.152+0000] {override.py:1900} INFO - Created Permission View: can create on DAG Run:dataset_alias_example_alias_consumer_with_no_taskflow
[2024-09-22T11:03:32.191+0000] {logging_mixin.py:190} INFO - [2024-09-22T11:03:32.191+0000] {override.py:1900} INFO - Created Permission View: can delete on DAG Run:dataset_alias_example_alias_consumer_with_no_taskflow
[2024-09-22T11:03:32.264+0000] {logging_mixin.py:190} INFO - [2024-09-22T11:03:32.263+0000] {override.py:1900} INFO - Created Permission View: can read on DAG:dataset_s3_bucket_consumer_with_no_taskflow
[2024-09-22T11:03:32.324+0000] {logging_mixin.py:190} INFO - [2024-09-22T11:03:32.322+0000] {override.py:1900} INFO - Created Permission View: can edit on DAG:dataset_s3_bucket_consumer_with_no_taskflow
[2024-09-22T11:03:32.364+0000] {logging_mixin.py:190} INFO - [2024-09-22T11:03:32.363+0000] {override.py:1900} INFO - Created Permission View: can delete on DAG:dataset_s3_bucket_consumer_with_no_taskflow
[2024-09-22T11:03:32.394+0000] {logging_mixin.py:190} INFO - [2024-09-22T11:03:32.393+0000] {override.py:1900} INFO - Created Permission View: can read on DAG Run:dataset_s3_bucket_consumer_with_no_taskflow
[2024-09-22T11:03:32.413+0000] {logging_mixin.py:190} INFO - [2024-09-22T11:03:32.412+0000] {override.py:1900} INFO - Created Permission View: menu access on DAG Run:dataset_s3_bucket_consumer_with_no_taskflow
[2024-09-22T11:03:32.440+0000] {logging_mixin.py:190} INFO - [2024-09-22T11:03:32.438+0000] {override.py:1900} INFO - Created Permission View: can create on DAG Run:dataset_s3_bucket_consumer_with_no_taskflow
[2024-09-22T11:03:32.480+0000] {logging_mixin.py:190} INFO - [2024-09-22T11:03:32.478+0000] {override.py:1900} INFO - Created Permission View: can delete on DAG Run:dataset_s3_bucket_consumer_with_no_taskflow
[2024-09-22T11:03:32.609+0000] {logging_mixin.py:190} INFO - [2024-09-22T11:03:32.608+0000] {override.py:1900} INFO - Created Permission View: can read on DAG:dataset_s3_bucket_producer_with_no_taskflow
[2024-09-22T11:03:32.650+0000] {logging_mixin.py:190} INFO - [2024-09-22T11:03:32.649+0000] {override.py:1900} INFO - Created Permission View: can edit on DAG:dataset_s3_bucket_producer_with_no_taskflow
[2024-09-22T11:03:32.670+0000] {logging_mixin.py:190} INFO - [2024-09-22T11:03:32.669+0000] {override.py:1900} INFO - Created Permission View: can delete on DAG:dataset_s3_bucket_producer_with_no_taskflow
[2024-09-22T11:03:32.709+0000] {logging_mixin.py:190} INFO - [2024-09-22T11:03:32.707+0000] {override.py:1900} INFO - Created Permission View: can read on DAG Run:dataset_s3_bucket_producer_with_no_taskflow
[2024-09-22T11:03:32.733+0000] {logging_mixin.py:190} INFO - [2024-09-22T11:03:32.731+0000] {override.py:1900} INFO - Created Permission View: menu access on DAG Run:dataset_s3_bucket_producer_with_no_taskflow
[2024-09-22T11:03:32.760+0000] {logging_mixin.py:190} INFO - [2024-09-22T11:03:32.759+0000] {override.py:1900} INFO - Created Permission View: can create on DAG Run:dataset_s3_bucket_producer_with_no_taskflow
[2024-09-22T11:03:32.789+0000] {logging_mixin.py:190} INFO - [2024-09-22T11:03:32.788+0000] {override.py:1900} INFO - Created Permission View: can delete on DAG Run:dataset_s3_bucket_producer_with_no_taskflow
[2024-09-22T11:03:32.806+0000] {logging_mixin.py:190} INFO - [2024-09-22T11:03:32.802+0000] {dag.py:3239} INFO - Sync 4 DAGs
[2024-09-22T11:03:33.126+0000] {logging_mixin.py:190} INFO - [2024-09-22T11:03:33.110+0000] {dag.py:3262} INFO - Creating ORM DAG for dataset_s3_bucket_consumer_with_no_taskflow
[2024-09-22T11:03:33.131+0000] {logging_mixin.py:190} INFO - [2024-09-22T11:03:33.131+0000] {dag.py:3262} INFO - Creating ORM DAG for dataset_alias_example_alias_consumer_with_no_taskflow
[2024-09-22T11:03:33.137+0000] {logging_mixin.py:190} INFO - [2024-09-22T11:03:33.136+0000] {dag.py:3262} INFO - Creating ORM DAG for dataset_s3_bucket_producer_with_no_taskflow
[2024-09-22T11:03:33.154+0000] {logging_mixin.py:190} INFO - [2024-09-22T11:03:33.152+0000] {dag.py:3262} INFO - Creating ORM DAG for dataset_alias_example_alias_producer_with_no_taskflow
[2024-09-22T11:03:33.289+0000] {logging_mixin.py:190} INFO - [2024-09-22T11:03:33.286+0000] {dag.py:4180} INFO - Setting next_dagrun for dataset_alias_example_alias_consumer_with_no_taskflow to None, run_after=None
[2024-09-22T11:03:33.305+0000] {logging_mixin.py:190} INFO - [2024-09-22T11:03:33.303+0000] {dag.py:4180} INFO - Setting next_dagrun for dataset_alias_example_alias_producer_with_no_taskflow to None, run_after=None
[2024-09-22T11:03:33.322+0000] {logging_mixin.py:190} INFO - [2024-09-22T11:03:33.322+0000] {dag.py:4180} INFO - Setting next_dagrun for dataset_s3_bucket_consumer_with_no_taskflow to None, run_after=None
[2024-09-22T11:03:33.342+0000] {logging_mixin.py:190} INFO - [2024-09-22T11:03:33.326+0000] {dag.py:4180} INFO - Setting next_dagrun for dataset_s3_bucket_producer_with_no_taskflow to None, run_after=None
[2024-09-22T11:03:34.835+0000] {processor.py:208} INFO - Processing /home/airflow/.local/lib/python3.12/site-packages/airflow/example_dags/example_dataset_alias_with_no_taskflow.py took 5.050 seconds
[2024-09-22T11:04:42.151+0000] {processor.py:186} INFO - Started process (PID=133) to work on /home/airflow/.local/lib/python3.12/site-packages/airflow/example_dags/example_dataset_alias_with_no_taskflow.py
[2024-09-22T11:04:42.159+0000] {processor.py:914} INFO - Processing file /home/airflow/.local/lib/python3.12/site-packages/airflow/example_dags/example_dataset_alias_with_no_taskflow.py for tasks to queue
[2024-09-22T11:04:42.191+0000] {logging_mixin.py:190} INFO - [2024-09-22T11:04:42.189+0000] {dagbag.py:588} INFO - Filling up the DagBag from /home/airflow/.local/lib/python3.12/site-packages/airflow/example_dags/example_dataset_alias_with_no_taskflow.py
[2024-09-22T11:04:42.872+0000] {processor.py:925} INFO - DAG(s) 'dataset_s3_bucket_producer_with_no_taskflow', 'dataset_alias_example_alias_producer_with_no_taskflow', 'dataset_s3_bucket_consumer_with_no_taskflow', 'dataset_alias_example_alias_consumer_with_no_taskflow' retrieved from /home/airflow/.local/lib/python3.12/site-packages/airflow/example_dags/example_dataset_alias_with_no_taskflow.py
[2024-09-22T11:04:42.949+0000] {logging_mixin.py:190} INFO - [2024-09-22T11:04:42.948+0000] {dag.py:3239} INFO - Sync 4 DAGs
[2024-09-22T11:04:43.012+0000] {logging_mixin.py:190} INFO - [2024-09-22T11:04:43.012+0000] {dag.py:4180} INFO - Setting next_dagrun for dataset_alias_example_alias_consumer_with_no_taskflow to None, run_after=None
[2024-09-22T11:04:43.032+0000] {logging_mixin.py:190} INFO - [2024-09-22T11:04:43.032+0000] {dag.py:4180} INFO - Setting next_dagrun for dataset_alias_example_alias_producer_with_no_taskflow to None, run_after=None
[2024-09-22T11:04:43.044+0000] {logging_mixin.py:190} INFO - [2024-09-22T11:04:43.043+0000] {dag.py:4180} INFO - Setting next_dagrun for dataset_s3_bucket_consumer_with_no_taskflow to None, run_after=None
[2024-09-22T11:04:43.057+0000] {logging_mixin.py:190} INFO - [2024-09-22T11:04:43.056+0000] {dag.py:4180} INFO - Setting next_dagrun for dataset_s3_bucket_producer_with_no_taskflow to None, run_after=None
[2024-09-22T11:04:43.172+0000] {processor.py:208} INFO - Processing /home/airflow/.local/lib/python3.12/site-packages/airflow/example_dags/example_dataset_alias_with_no_taskflow.py took 1.069 seconds
[2024-09-22T11:05:13.529+0000] {processor.py:186} INFO - Started process (PID=194) to work on /home/airflow/.local/lib/python3.12/site-packages/airflow/example_dags/example_dataset_alias_with_no_taskflow.py
[2024-09-22T11:05:13.530+0000] {processor.py:914} INFO - Processing file /home/airflow/.local/lib/python3.12/site-packages/airflow/example_dags/example_dataset_alias_with_no_taskflow.py for tasks to queue
[2024-09-22T11:05:13.533+0000] {logging_mixin.py:190} INFO - [2024-09-22T11:05:13.533+0000] {dagbag.py:588} INFO - Filling up the DagBag from /home/airflow/.local/lib/python3.12/site-packages/airflow/example_dags/example_dataset_alias_with_no_taskflow.py
[2024-09-22T11:05:14.085+0000] {processor.py:925} INFO - DAG(s) 'dataset_alias_example_alias_consumer_with_no_taskflow', 'dataset_s3_bucket_consumer_with_no_taskflow', 'dataset_alias_example_alias_producer_with_no_taskflow', 'dataset_s3_bucket_producer_with_no_taskflow' retrieved from /home/airflow/.local/lib/python3.12/site-packages/airflow/example_dags/example_dataset_alias_with_no_taskflow.py
[2024-09-22T11:05:14.184+0000] {logging_mixin.py:190} INFO - [2024-09-22T11:05:14.184+0000] {dag.py:3239} INFO - Sync 4 DAGs
[2024-09-22T11:05:14.244+0000] {logging_mixin.py:190} INFO - [2024-09-22T11:05:14.243+0000] {dag.py:4180} INFO - Setting next_dagrun for dataset_alias_example_alias_consumer_with_no_taskflow to None, run_after=None
[2024-09-22T11:05:14.253+0000] {logging_mixin.py:190} INFO - [2024-09-22T11:05:14.252+0000] {dag.py:4180} INFO - Setting next_dagrun for dataset_alias_example_alias_producer_with_no_taskflow to None, run_after=None
[2024-09-22T11:05:14.260+0000] {logging_mixin.py:190} INFO - [2024-09-22T11:05:14.259+0000] {dag.py:4180} INFO - Setting next_dagrun for dataset_s3_bucket_consumer_with_no_taskflow to None, run_after=None
[2024-09-22T11:05:14.277+0000] {logging_mixin.py:190} INFO - [2024-09-22T11:05:14.277+0000] {dag.py:4180} INFO - Setting next_dagrun for dataset_s3_bucket_producer_with_no_taskflow to None, run_after=None
[2024-09-22T11:05:14.434+0000] {processor.py:208} INFO - Processing /home/airflow/.local/lib/python3.12/site-packages/airflow/example_dags/example_dataset_alias_with_no_taskflow.py took 0.914 seconds
[2024-09-22T11:05:44.643+0000] {processor.py:186} INFO - Started process (PID=256) to work on /home/airflow/.local/lib/python3.12/site-packages/airflow/example_dags/example_dataset_alias_with_no_taskflow.py
[2024-09-22T11:05:44.674+0000] {processor.py:914} INFO - Processing file /home/airflow/.local/lib/python3.12/site-packages/airflow/example_dags/example_dataset_alias_with_no_taskflow.py for tasks to queue
[2024-09-22T11:05:44.683+0000] {logging_mixin.py:190} INFO - [2024-09-22T11:05:44.682+0000] {dagbag.py:588} INFO - Filling up the DagBag from /home/airflow/.local/lib/python3.12/site-packages/airflow/example_dags/example_dataset_alias_with_no_taskflow.py
[2024-09-22T11:05:45.024+0000] {processor.py:925} INFO - DAG(s) 'dataset_s3_bucket_consumer_with_no_taskflow', 'dataset_alias_example_alias_producer_with_no_taskflow', 'dataset_s3_bucket_producer_with_no_taskflow', 'dataset_alias_example_alias_consumer_with_no_taskflow' retrieved from /home/airflow/.local/lib/python3.12/site-packages/airflow/example_dags/example_dataset_alias_with_no_taskflow.py
[2024-09-22T11:05:45.138+0000] {logging_mixin.py:190} INFO - [2024-09-22T11:05:45.137+0000] {dag.py:3239} INFO - Sync 4 DAGs
[2024-09-22T11:05:45.194+0000] {logging_mixin.py:190} INFO - [2024-09-22T11:05:45.193+0000] {dag.py:4180} INFO - Setting next_dagrun for dataset_alias_example_alias_consumer_with_no_taskflow to None, run_after=None
[2024-09-22T11:05:45.203+0000] {logging_mixin.py:190} INFO - [2024-09-22T11:05:45.202+0000] {dag.py:4180} INFO - Setting next_dagrun for dataset_alias_example_alias_producer_with_no_taskflow to None, run_after=None
[2024-09-22T11:05:45.213+0000] {logging_mixin.py:190} INFO - [2024-09-22T11:05:45.213+0000] {dag.py:4180} INFO - Setting next_dagrun for dataset_s3_bucket_consumer_with_no_taskflow to None, run_after=None
[2024-09-22T11:05:45.244+0000] {logging_mixin.py:190} INFO - [2024-09-22T11:05:45.243+0000] {dag.py:4180} INFO - Setting next_dagrun for dataset_s3_bucket_producer_with_no_taskflow to None, run_after=None
[2024-09-22T11:05:45.295+0000] {processor.py:208} INFO - Processing /home/airflow/.local/lib/python3.12/site-packages/airflow/example_dags/example_dataset_alias_with_no_taskflow.py took 0.661 seconds
[2024-09-22T11:06:15.659+0000] {processor.py:186} INFO - Started process (PID=318) to work on /home/airflow/.local/lib/python3.12/site-packages/airflow/example_dags/example_dataset_alias_with_no_taskflow.py
[2024-09-22T11:06:15.660+0000] {processor.py:914} INFO - Processing file /home/airflow/.local/lib/python3.12/site-packages/airflow/example_dags/example_dataset_alias_with_no_taskflow.py for tasks to queue
[2024-09-22T11:06:15.668+0000] {logging_mixin.py:190} INFO - [2024-09-22T11:06:15.667+0000] {dagbag.py:588} INFO - Filling up the DagBag from /home/airflow/.local/lib/python3.12/site-packages/airflow/example_dags/example_dataset_alias_with_no_taskflow.py
[2024-09-22T11:06:16.180+0000] {processor.py:925} INFO - DAG(s) 'dataset_alias_example_alias_consumer_with_no_taskflow', 'dataset_s3_bucket_consumer_with_no_taskflow', 'dataset_alias_example_alias_producer_with_no_taskflow', 'dataset_s3_bucket_producer_with_no_taskflow' retrieved from /home/airflow/.local/lib/python3.12/site-packages/airflow/example_dags/example_dataset_alias_with_no_taskflow.py
[2024-09-22T11:06:16.252+0000] {logging_mixin.py:190} INFO - [2024-09-22T11:06:16.252+0000] {dag.py:3239} INFO - Sync 4 DAGs
[2024-09-22T11:06:16.306+0000] {logging_mixin.py:190} INFO - [2024-09-22T11:06:16.305+0000] {dag.py:4180} INFO - Setting next_dagrun for dataset_alias_example_alias_consumer_with_no_taskflow to None, run_after=None
[2024-09-22T11:06:16.338+0000] {logging_mixin.py:190} INFO - [2024-09-22T11:06:16.338+0000] {dag.py:4180} INFO - Setting next_dagrun for dataset_alias_example_alias_producer_with_no_taskflow to None, run_after=None
[2024-09-22T11:06:16.377+0000] {logging_mixin.py:190} INFO - [2024-09-22T11:06:16.377+0000] {dag.py:4180} INFO - Setting next_dagrun for dataset_s3_bucket_consumer_with_no_taskflow to None, run_after=None
[2024-09-22T11:06:16.387+0000] {logging_mixin.py:190} INFO - [2024-09-22T11:06:16.386+0000] {dag.py:4180} INFO - Setting next_dagrun for dataset_s3_bucket_producer_with_no_taskflow to None, run_after=None
[2024-09-22T11:06:16.488+0000] {processor.py:208} INFO - Processing /home/airflow/.local/lib/python3.12/site-packages/airflow/example_dags/example_dataset_alias_with_no_taskflow.py took 0.837 seconds
[2024-09-22T11:06:47.776+0000] {processor.py:186} INFO - Started process (PID=380) to work on /home/airflow/.local/lib/python3.12/site-packages/airflow/example_dags/example_dataset_alias_with_no_taskflow.py
[2024-09-22T11:06:47.779+0000] {processor.py:914} INFO - Processing file /home/airflow/.local/lib/python3.12/site-packages/airflow/example_dags/example_dataset_alias_with_no_taskflow.py for tasks to queue
[2024-09-22T11:06:47.785+0000] {logging_mixin.py:190} INFO - [2024-09-22T11:06:47.784+0000] {dagbag.py:588} INFO - Filling up the DagBag from /home/airflow/.local/lib/python3.12/site-packages/airflow/example_dags/example_dataset_alias_with_no_taskflow.py
[2024-09-22T11:06:48.610+0000] {processor.py:925} INFO - DAG(s) 'dataset_alias_example_alias_consumer_with_no_taskflow', 'dataset_s3_bucket_consumer_with_no_taskflow', 'dataset_alias_example_alias_producer_with_no_taskflow', 'dataset_s3_bucket_producer_with_no_taskflow' retrieved from /home/airflow/.local/lib/python3.12/site-packages/airflow/example_dags/example_dataset_alias_with_no_taskflow.py
[2024-09-22T11:06:48.777+0000] {logging_mixin.py:190} INFO - [2024-09-22T11:06:48.777+0000] {dag.py:3239} INFO - Sync 4 DAGs
[2024-09-22T11:06:48.819+0000] {logging_mixin.py:190} INFO - [2024-09-22T11:06:48.819+0000] {dag.py:4180} INFO - Setting next_dagrun for dataset_alias_example_alias_consumer_with_no_taskflow to None, run_after=None
[2024-09-22T11:06:48.827+0000] {logging_mixin.py:190} INFO - [2024-09-22T11:06:48.827+0000] {dag.py:4180} INFO - Setting next_dagrun for dataset_alias_example_alias_producer_with_no_taskflow to None, run_after=None
[2024-09-22T11:06:48.838+0000] {logging_mixin.py:190} INFO - [2024-09-22T11:06:48.837+0000] {dag.py:4180} INFO - Setting next_dagrun for dataset_s3_bucket_consumer_with_no_taskflow to None, run_after=None
[2024-09-22T11:06:48.851+0000] {logging_mixin.py:190} INFO - [2024-09-22T11:06:48.846+0000] {dag.py:4180} INFO - Setting next_dagrun for dataset_s3_bucket_producer_with_no_taskflow to None, run_after=None
[2024-09-22T11:06:48.940+0000] {processor.py:208} INFO - Processing /home/airflow/.local/lib/python3.12/site-packages/airflow/example_dags/example_dataset_alias_with_no_taskflow.py took 1.176 seconds
[2024-09-22T11:07:21.977+0000] {processor.py:186} INFO - Started process (PID=442) to work on /home/airflow/.local/lib/python3.12/site-packages/airflow/example_dags/example_dataset_alias_with_no_taskflow.py
[2024-09-22T11:07:21.980+0000] {processor.py:914} INFO - Processing file /home/airflow/.local/lib/python3.12/site-packages/airflow/example_dags/example_dataset_alias_with_no_taskflow.py for tasks to queue
[2024-09-22T11:07:21.986+0000] {logging_mixin.py:190} INFO - [2024-09-22T11:07:21.985+0000] {dagbag.py:588} INFO - Filling up the DagBag from /home/airflow/.local/lib/python3.12/site-packages/airflow/example_dags/example_dataset_alias_with_no_taskflow.py
[2024-09-22T11:07:23.947+0000] {processor.py:925} INFO - DAG(s) 'dataset_s3_bucket_producer_with_no_taskflow', 'dataset_s3_bucket_consumer_with_no_taskflow', 'dataset_alias_example_alias_consumer_with_no_taskflow', 'dataset_alias_example_alias_producer_with_no_taskflow' retrieved from /home/airflow/.local/lib/python3.12/site-packages/airflow/example_dags/example_dataset_alias_with_no_taskflow.py
[2024-09-22T11:07:24.084+0000] {logging_mixin.py:190} INFO - [2024-09-22T11:07:24.079+0000] {dag.py:3239} INFO - Sync 4 DAGs
[2024-09-22T11:07:24.199+0000] {logging_mixin.py:190} INFO - [2024-09-22T11:07:24.198+0000] {dag.py:4180} INFO - Setting next_dagrun for dataset_alias_example_alias_consumer_with_no_taskflow to None, run_after=None
[2024-09-22T11:07:24.204+0000] {logging_mixin.py:190} INFO - [2024-09-22T11:07:24.204+0000] {dag.py:4180} INFO - Setting next_dagrun for dataset_alias_example_alias_producer_with_no_taskflow to None, run_after=None
[2024-09-22T11:07:24.210+0000] {logging_mixin.py:190} INFO - [2024-09-22T11:07:24.210+0000] {dag.py:4180} INFO - Setting next_dagrun for dataset_s3_bucket_consumer_with_no_taskflow to None, run_after=None
[2024-09-22T11:07:24.215+0000] {logging_mixin.py:190} INFO - [2024-09-22T11:07:24.214+0000] {dag.py:4180} INFO - Setting next_dagrun for dataset_s3_bucket_producer_with_no_taskflow to None, run_after=None
[2024-09-22T11:07:24.311+0000] {processor.py:208} INFO - Processing /home/airflow/.local/lib/python3.12/site-packages/airflow/example_dags/example_dataset_alias_with_no_taskflow.py took 2.359 seconds
