[2024-09-22T11:03:30.238+0000] {processor.py:186} INFO - Started process (PID=66) to work on /home/airflow/.local/lib/python3.12/site-packages/airflow/example_dags/example_dataset_alias.py
[2024-09-22T11:03:30.242+0000] {processor.py:914} INFO - Processing file /home/airflow/.local/lib/python3.12/site-packages/airflow/example_dags/example_dataset_alias.py for tasks to queue
[2024-09-22T11:03:30.254+0000] {logging_mixin.py:190} INFO - [2024-09-22T11:03:30.253+0000] {dagbag.py:588} INFO - Filling up the DagBag from /home/airflow/.local/lib/python3.12/site-packages/airflow/example_dags/example_dataset_alias.py
[2024-09-22T11:03:30.970+0000] {processor.py:925} INFO - DAG(s) 'dataset_alias_example_alias_consumer', 'dataset_alias_example_alias_producer', 'dataset_s3_bucket_producer', 'dataset_s3_bucket_consumer' retrieved from /home/airflow/.local/lib/python3.12/site-packages/airflow/example_dags/example_dataset_alias.py
[2024-09-22T11:03:31.653+0000] {logging_mixin.py:190} INFO - [2024-09-22T11:03:31.637+0000] {override.py:1900} INFO - Created Permission View: can read on DAG:dataset_alias_example_alias_consumer
[2024-09-22T11:03:31.701+0000] {logging_mixin.py:190} INFO - [2024-09-22T11:03:31.701+0000] {override.py:1900} INFO - Created Permission View: can edit on DAG:dataset_alias_example_alias_consumer
[2024-09-22T11:03:31.741+0000] {logging_mixin.py:190} INFO - [2024-09-22T11:03:31.740+0000] {override.py:1900} INFO - Created Permission View: can delete on DAG:dataset_alias_example_alias_consumer
[2024-09-22T11:03:31.763+0000] {logging_mixin.py:190} INFO - [2024-09-22T11:03:31.762+0000] {override.py:1900} INFO - Created Permission View: can read on DAG Run:dataset_alias_example_alias_consumer
[2024-09-22T11:03:31.798+0000] {logging_mixin.py:190} INFO - [2024-09-22T11:03:31.796+0000] {override.py:1900} INFO - Created Permission View: menu access on DAG Run:dataset_alias_example_alias_consumer
[2024-09-22T11:03:31.834+0000] {logging_mixin.py:190} INFO - [2024-09-22T11:03:31.833+0000] {override.py:1900} INFO - Created Permission View: can create on DAG Run:dataset_alias_example_alias_consumer
[2024-09-22T11:03:31.851+0000] {logging_mixin.py:190} INFO - [2024-09-22T11:03:31.851+0000] {override.py:1900} INFO - Created Permission View: can delete on DAG Run:dataset_alias_example_alias_consumer
[2024-09-22T11:03:31.918+0000] {logging_mixin.py:190} INFO - [2024-09-22T11:03:31.917+0000] {override.py:1900} INFO - Created Permission View: can read on DAG:dataset_alias_example_alias_producer
[2024-09-22T11:03:31.959+0000] {logging_mixin.py:190} INFO - [2024-09-22T11:03:31.958+0000] {override.py:1900} INFO - Created Permission View: can edit on DAG:dataset_alias_example_alias_producer
[2024-09-22T11:03:31.984+0000] {logging_mixin.py:190} INFO - [2024-09-22T11:03:31.983+0000] {override.py:1900} INFO - Created Permission View: can delete on DAG:dataset_alias_example_alias_producer
[2024-09-22T11:03:32.035+0000] {logging_mixin.py:190} INFO - [2024-09-22T11:03:32.035+0000] {override.py:1900} INFO - Created Permission View: can read on DAG Run:dataset_alias_example_alias_producer
[2024-09-22T11:03:32.099+0000] {logging_mixin.py:190} INFO - [2024-09-22T11:03:32.095+0000] {override.py:1900} INFO - Created Permission View: menu access on DAG Run:dataset_alias_example_alias_producer
[2024-09-22T11:03:32.148+0000] {logging_mixin.py:190} INFO - [2024-09-22T11:03:32.145+0000] {override.py:1900} INFO - Created Permission View: can create on DAG Run:dataset_alias_example_alias_producer
[2024-09-22T11:03:32.175+0000] {logging_mixin.py:190} INFO - [2024-09-22T11:03:32.175+0000] {override.py:1900} INFO - Created Permission View: can delete on DAG Run:dataset_alias_example_alias_producer
[2024-09-22T11:03:32.251+0000] {logging_mixin.py:190} INFO - [2024-09-22T11:03:32.250+0000] {override.py:1900} INFO - Created Permission View: can read on DAG:dataset_s3_bucket_producer
[2024-09-22T11:03:32.297+0000] {logging_mixin.py:190} INFO - [2024-09-22T11:03:32.295+0000] {override.py:1900} INFO - Created Permission View: can edit on DAG:dataset_s3_bucket_producer
[2024-09-22T11:03:32.344+0000] {logging_mixin.py:190} INFO - [2024-09-22T11:03:32.342+0000] {override.py:1900} INFO - Created Permission View: can delete on DAG:dataset_s3_bucket_producer
[2024-09-22T11:03:32.386+0000] {logging_mixin.py:190} INFO - [2024-09-22T11:03:32.384+0000] {override.py:1900} INFO - Created Permission View: can read on DAG Run:dataset_s3_bucket_producer
[2024-09-22T11:03:32.410+0000] {logging_mixin.py:190} INFO - [2024-09-22T11:03:32.409+0000] {override.py:1900} INFO - Created Permission View: menu access on DAG Run:dataset_s3_bucket_producer
[2024-09-22T11:03:32.442+0000] {logging_mixin.py:190} INFO - [2024-09-22T11:03:32.441+0000] {override.py:1900} INFO - Created Permission View: can create on DAG Run:dataset_s3_bucket_producer
[2024-09-22T11:03:32.500+0000] {logging_mixin.py:190} INFO - [2024-09-22T11:03:32.498+0000] {override.py:1900} INFO - Created Permission View: can delete on DAG Run:dataset_s3_bucket_producer
[2024-09-22T11:03:32.612+0000] {logging_mixin.py:190} INFO - [2024-09-22T11:03:32.611+0000] {override.py:1900} INFO - Created Permission View: can read on DAG:dataset_s3_bucket_consumer
[2024-09-22T11:03:32.656+0000] {logging_mixin.py:190} INFO - [2024-09-22T11:03:32.655+0000] {override.py:1900} INFO - Created Permission View: can edit on DAG:dataset_s3_bucket_consumer
[2024-09-22T11:03:32.684+0000] {logging_mixin.py:190} INFO - [2024-09-22T11:03:32.683+0000] {override.py:1900} INFO - Created Permission View: can delete on DAG:dataset_s3_bucket_consumer
[2024-09-22T11:03:32.719+0000] {logging_mixin.py:190} INFO - [2024-09-22T11:03:32.717+0000] {override.py:1900} INFO - Created Permission View: can read on DAG Run:dataset_s3_bucket_consumer
[2024-09-22T11:03:32.745+0000] {logging_mixin.py:190} INFO - [2024-09-22T11:03:32.744+0000] {override.py:1900} INFO - Created Permission View: menu access on DAG Run:dataset_s3_bucket_consumer
[2024-09-22T11:03:32.777+0000] {logging_mixin.py:190} INFO - [2024-09-22T11:03:32.776+0000] {override.py:1900} INFO - Created Permission View: can create on DAG Run:dataset_s3_bucket_consumer
[2024-09-22T11:03:32.811+0000] {logging_mixin.py:190} INFO - [2024-09-22T11:03:32.809+0000] {override.py:1900} INFO - Created Permission View: can delete on DAG Run:dataset_s3_bucket_consumer
[2024-09-22T11:03:32.814+0000] {logging_mixin.py:190} INFO - [2024-09-22T11:03:32.814+0000] {dag.py:3239} INFO - Sync 4 DAGs
[2024-09-22T11:03:33.104+0000] {logging_mixin.py:190} INFO - [2024-09-22T11:03:33.101+0000] {dag.py:3262} INFO - Creating ORM DAG for dataset_alias_example_alias_producer
[2024-09-22T11:03:33.126+0000] {logging_mixin.py:190} INFO - [2024-09-22T11:03:33.125+0000] {dag.py:3262} INFO - Creating ORM DAG for dataset_alias_example_alias_consumer
[2024-09-22T11:03:33.131+0000] {logging_mixin.py:190} INFO - [2024-09-22T11:03:33.130+0000] {dag.py:3262} INFO - Creating ORM DAG for dataset_s3_bucket_consumer
[2024-09-22T11:03:33.136+0000] {logging_mixin.py:190} INFO - [2024-09-22T11:03:33.136+0000] {dag.py:3262} INFO - Creating ORM DAG for dataset_s3_bucket_producer
[2024-09-22T11:03:33.289+0000] {logging_mixin.py:190} INFO - [2024-09-22T11:03:33.287+0000] {dag.py:4180} INFO - Setting next_dagrun for dataset_alias_example_alias_consumer to None, run_after=None
[2024-09-22T11:03:33.301+0000] {logging_mixin.py:190} INFO - [2024-09-22T11:03:33.300+0000] {dag.py:4180} INFO - Setting next_dagrun for dataset_alias_example_alias_producer to None, run_after=None
[2024-09-22T11:03:33.365+0000] {logging_mixin.py:190} INFO - [2024-09-22T11:03:33.318+0000] {dag.py:4180} INFO - Setting next_dagrun for dataset_s3_bucket_consumer to None, run_after=None
[2024-09-22T11:03:33.370+0000] {logging_mixin.py:190} INFO - [2024-09-22T11:03:33.370+0000] {dag.py:4180} INFO - Setting next_dagrun for dataset_s3_bucket_producer to None, run_after=None
[2024-09-22T11:03:34.835+0000] {processor.py:208} INFO - Processing /home/airflow/.local/lib/python3.12/site-packages/airflow/example_dags/example_dataset_alias.py took 4.613 seconds
[2024-09-22T11:04:42.937+0000] {processor.py:186} INFO - Started process (PID=134) to work on /home/airflow/.local/lib/python3.12/site-packages/airflow/example_dags/example_dataset_alias.py
[2024-09-22T11:04:42.944+0000] {processor.py:914} INFO - Processing file /home/airflow/.local/lib/python3.12/site-packages/airflow/example_dags/example_dataset_alias.py for tasks to queue
[2024-09-22T11:04:42.955+0000] {logging_mixin.py:190} INFO - [2024-09-22T11:04:42.954+0000] {dagbag.py:588} INFO - Filling up the DagBag from /home/airflow/.local/lib/python3.12/site-packages/airflow/example_dags/example_dataset_alias.py
[2024-09-22T11:04:43.523+0000] {processor.py:925} INFO - DAG(s) 'dataset_s3_bucket_consumer', 'dataset_alias_example_alias_consumer', 'dataset_alias_example_alias_producer', 'dataset_s3_bucket_producer' retrieved from /home/airflow/.local/lib/python3.12/site-packages/airflow/example_dags/example_dataset_alias.py
[2024-09-22T11:04:43.585+0000] {logging_mixin.py:190} INFO - [2024-09-22T11:04:43.585+0000] {dag.py:3239} INFO - Sync 4 DAGs
[2024-09-22T11:04:43.645+0000] {logging_mixin.py:190} INFO - [2024-09-22T11:04:43.644+0000] {dag.py:4180} INFO - Setting next_dagrun for dataset_alias_example_alias_consumer to None, run_after=None
[2024-09-22T11:04:43.657+0000] {logging_mixin.py:190} INFO - [2024-09-22T11:04:43.656+0000] {dag.py:4180} INFO - Setting next_dagrun for dataset_alias_example_alias_producer to None, run_after=None
[2024-09-22T11:04:43.666+0000] {logging_mixin.py:190} INFO - [2024-09-22T11:04:43.666+0000] {dag.py:4180} INFO - Setting next_dagrun for dataset_s3_bucket_consumer to None, run_after=None
[2024-09-22T11:04:43.671+0000] {logging_mixin.py:190} INFO - [2024-09-22T11:04:43.670+0000] {dag.py:4180} INFO - Setting next_dagrun for dataset_s3_bucket_producer to None, run_after=None
[2024-09-22T11:04:43.728+0000] {processor.py:208} INFO - Processing /home/airflow/.local/lib/python3.12/site-packages/airflow/example_dags/example_dataset_alias.py took 0.818 seconds
[2024-09-22T11:05:14.369+0000] {processor.py:186} INFO - Started process (PID=195) to work on /home/airflow/.local/lib/python3.12/site-packages/airflow/example_dags/example_dataset_alias.py
[2024-09-22T11:05:14.382+0000] {processor.py:914} INFO - Processing file /home/airflow/.local/lib/python3.12/site-packages/airflow/example_dags/example_dataset_alias.py for tasks to queue
[2024-09-22T11:05:14.402+0000] {logging_mixin.py:190} INFO - [2024-09-22T11:05:14.399+0000] {dagbag.py:588} INFO - Filling up the DagBag from /home/airflow/.local/lib/python3.12/site-packages/airflow/example_dags/example_dataset_alias.py
[2024-09-22T11:05:14.884+0000] {processor.py:925} INFO - DAG(s) 'dataset_s3_bucket_producer', 'dataset_alias_example_alias_consumer', 'dataset_alias_example_alias_producer', 'dataset_s3_bucket_consumer' retrieved from /home/airflow/.local/lib/python3.12/site-packages/airflow/example_dags/example_dataset_alias.py
[2024-09-22T11:05:14.971+0000] {logging_mixin.py:190} INFO - [2024-09-22T11:05:14.970+0000] {dag.py:3239} INFO - Sync 4 DAGs
[2024-09-22T11:05:15.158+0000] {logging_mixin.py:190} INFO - [2024-09-22T11:05:15.158+0000] {dag.py:4180} INFO - Setting next_dagrun for dataset_alias_example_alias_consumer to None, run_after=None
[2024-09-22T11:05:15.167+0000] {logging_mixin.py:190} INFO - [2024-09-22T11:05:15.167+0000] {dag.py:4180} INFO - Setting next_dagrun for dataset_alias_example_alias_producer to None, run_after=None
[2024-09-22T11:05:15.171+0000] {logging_mixin.py:190} INFO - [2024-09-22T11:05:15.171+0000] {dag.py:4180} INFO - Setting next_dagrun for dataset_s3_bucket_consumer to None, run_after=None
[2024-09-22T11:05:15.173+0000] {logging_mixin.py:190} INFO - [2024-09-22T11:05:15.172+0000] {dag.py:4180} INFO - Setting next_dagrun for dataset_s3_bucket_producer to None, run_after=None
[2024-09-22T11:05:15.217+0000] {processor.py:208} INFO - Processing /home/airflow/.local/lib/python3.12/site-packages/airflow/example_dags/example_dataset_alias.py took 0.860 seconds
[2024-09-22T11:05:45.795+0000] {processor.py:186} INFO - Started process (PID=257) to work on /home/airflow/.local/lib/python3.12/site-packages/airflow/example_dags/example_dataset_alias.py
[2024-09-22T11:05:45.797+0000] {processor.py:914} INFO - Processing file /home/airflow/.local/lib/python3.12/site-packages/airflow/example_dags/example_dataset_alias.py for tasks to queue
[2024-09-22T11:05:45.806+0000] {logging_mixin.py:190} INFO - [2024-09-22T11:05:45.805+0000] {dagbag.py:588} INFO - Filling up the DagBag from /home/airflow/.local/lib/python3.12/site-packages/airflow/example_dags/example_dataset_alias.py
[2024-09-22T11:05:46.056+0000] {processor.py:925} INFO - DAG(s) 'dataset_alias_example_alias_producer', 'dataset_alias_example_alias_consumer', 'dataset_s3_bucket_consumer', 'dataset_s3_bucket_producer' retrieved from /home/airflow/.local/lib/python3.12/site-packages/airflow/example_dags/example_dataset_alias.py
[2024-09-22T11:05:46.113+0000] {logging_mixin.py:190} INFO - [2024-09-22T11:05:46.113+0000] {dag.py:3239} INFO - Sync 4 DAGs
[2024-09-22T11:05:46.145+0000] {logging_mixin.py:190} INFO - [2024-09-22T11:05:46.144+0000] {dag.py:4180} INFO - Setting next_dagrun for dataset_alias_example_alias_consumer to None, run_after=None
[2024-09-22T11:05:46.154+0000] {logging_mixin.py:190} INFO - [2024-09-22T11:05:46.154+0000] {dag.py:4180} INFO - Setting next_dagrun for dataset_alias_example_alias_producer to None, run_after=None
[2024-09-22T11:05:46.160+0000] {logging_mixin.py:190} INFO - [2024-09-22T11:05:46.159+0000] {dag.py:4180} INFO - Setting next_dagrun for dataset_s3_bucket_consumer to None, run_after=None
[2024-09-22T11:05:46.165+0000] {logging_mixin.py:190} INFO - [2024-09-22T11:05:46.164+0000] {dag.py:4180} INFO - Setting next_dagrun for dataset_s3_bucket_producer to None, run_after=None
[2024-09-22T11:05:46.270+0000] {processor.py:208} INFO - Processing /home/airflow/.local/lib/python3.12/site-packages/airflow/example_dags/example_dataset_alias.py took 0.484 seconds
[2024-09-22T11:06:16.676+0000] {processor.py:186} INFO - Started process (PID=319) to work on /home/airflow/.local/lib/python3.12/site-packages/airflow/example_dags/example_dataset_alias.py
[2024-09-22T11:06:16.679+0000] {processor.py:914} INFO - Processing file /home/airflow/.local/lib/python3.12/site-packages/airflow/example_dags/example_dataset_alias.py for tasks to queue
[2024-09-22T11:06:16.687+0000] {logging_mixin.py:190} INFO - [2024-09-22T11:06:16.686+0000] {dagbag.py:588} INFO - Filling up the DagBag from /home/airflow/.local/lib/python3.12/site-packages/airflow/example_dags/example_dataset_alias.py
[2024-09-22T11:06:17.175+0000] {processor.py:925} INFO - DAG(s) 'dataset_s3_bucket_producer', 'dataset_alias_example_alias_consumer', 'dataset_alias_example_alias_producer', 'dataset_s3_bucket_consumer' retrieved from /home/airflow/.local/lib/python3.12/site-packages/airflow/example_dags/example_dataset_alias.py
[2024-09-22T11:06:17.273+0000] {logging_mixin.py:190} INFO - [2024-09-22T11:06:17.273+0000] {dag.py:3239} INFO - Sync 4 DAGs
[2024-09-22T11:06:17.344+0000] {logging_mixin.py:190} INFO - [2024-09-22T11:06:17.344+0000] {dag.py:4180} INFO - Setting next_dagrun for dataset_alias_example_alias_consumer to None, run_after=None
[2024-09-22T11:06:17.367+0000] {logging_mixin.py:190} INFO - [2024-09-22T11:06:17.367+0000] {dag.py:4180} INFO - Setting next_dagrun for dataset_alias_example_alias_producer to None, run_after=None
[2024-09-22T11:06:17.378+0000] {logging_mixin.py:190} INFO - [2024-09-22T11:06:17.378+0000] {dag.py:4180} INFO - Setting next_dagrun for dataset_s3_bucket_consumer to None, run_after=None
[2024-09-22T11:06:17.391+0000] {logging_mixin.py:190} INFO - [2024-09-22T11:06:17.390+0000] {dag.py:4180} INFO - Setting next_dagrun for dataset_s3_bucket_producer to None, run_after=None
[2024-09-22T11:06:17.479+0000] {processor.py:208} INFO - Processing /home/airflow/.local/lib/python3.12/site-packages/airflow/example_dags/example_dataset_alias.py took 0.815 seconds
[2024-09-22T11:06:47.787+0000] {processor.py:186} INFO - Started process (PID=381) to work on /home/airflow/.local/lib/python3.12/site-packages/airflow/example_dags/example_dataset_alias.py
[2024-09-22T11:06:47.788+0000] {processor.py:914} INFO - Processing file /home/airflow/.local/lib/python3.12/site-packages/airflow/example_dags/example_dataset_alias.py for tasks to queue
[2024-09-22T11:06:47.793+0000] {logging_mixin.py:190} INFO - [2024-09-22T11:06:47.791+0000] {dagbag.py:588} INFO - Filling up the DagBag from /home/airflow/.local/lib/python3.12/site-packages/airflow/example_dags/example_dataset_alias.py
[2024-09-22T11:06:48.610+0000] {processor.py:925} INFO - DAG(s) 'dataset_s3_bucket_producer', 'dataset_alias_example_alias_producer', 'dataset_s3_bucket_consumer', 'dataset_alias_example_alias_consumer' retrieved from /home/airflow/.local/lib/python3.12/site-packages/airflow/example_dags/example_dataset_alias.py
[2024-09-22T11:06:48.735+0000] {logging_mixin.py:190} INFO - [2024-09-22T11:06:48.733+0000] {dag.py:3239} INFO - Sync 4 DAGs
[2024-09-22T11:06:48.802+0000] {logging_mixin.py:190} INFO - [2024-09-22T11:06:48.801+0000] {dag.py:4180} INFO - Setting next_dagrun for dataset_alias_example_alias_consumer to None, run_after=None
[2024-09-22T11:06:48.808+0000] {logging_mixin.py:190} INFO - [2024-09-22T11:06:48.807+0000] {dag.py:4180} INFO - Setting next_dagrun for dataset_alias_example_alias_producer to None, run_after=None
[2024-09-22T11:06:48.810+0000] {logging_mixin.py:190} INFO - [2024-09-22T11:06:48.810+0000] {dag.py:4180} INFO - Setting next_dagrun for dataset_s3_bucket_consumer to None, run_after=None
[2024-09-22T11:06:48.812+0000] {logging_mixin.py:190} INFO - [2024-09-22T11:06:48.811+0000] {dag.py:4180} INFO - Setting next_dagrun for dataset_s3_bucket_producer to None, run_after=None
[2024-09-22T11:06:48.911+0000] {processor.py:208} INFO - Processing /home/airflow/.local/lib/python3.12/site-packages/airflow/example_dags/example_dataset_alias.py took 1.131 seconds
[2024-09-22T11:07:23.598+0000] {processor.py:186} INFO - Started process (PID=448) to work on /home/airflow/.local/lib/python3.12/site-packages/airflow/example_dags/example_dataset_alias.py
[2024-09-22T11:07:23.606+0000] {processor.py:914} INFO - Processing file /home/airflow/.local/lib/python3.12/site-packages/airflow/example_dags/example_dataset_alias.py for tasks to queue
[2024-09-22T11:07:23.639+0000] {logging_mixin.py:190} INFO - [2024-09-22T11:07:23.638+0000] {dagbag.py:588} INFO - Filling up the DagBag from /home/airflow/.local/lib/python3.12/site-packages/airflow/example_dags/example_dataset_alias.py
[2024-09-22T11:07:24.372+0000] {processor.py:925} INFO - DAG(s) 'dataset_s3_bucket_consumer', 'dataset_s3_bucket_producer', 'dataset_alias_example_alias_consumer', 'dataset_alias_example_alias_producer' retrieved from /home/airflow/.local/lib/python3.12/site-packages/airflow/example_dags/example_dataset_alias.py
[2024-09-22T11:07:24.527+0000] {logging_mixin.py:190} INFO - [2024-09-22T11:07:24.526+0000] {dag.py:3239} INFO - Sync 4 DAGs
[2024-09-22T11:07:24.712+0000] {logging_mixin.py:190} INFO - [2024-09-22T11:07:24.707+0000] {dag.py:4180} INFO - Setting next_dagrun for dataset_alias_example_alias_consumer to None, run_after=None
[2024-09-22T11:07:24.791+0000] {logging_mixin.py:190} INFO - [2024-09-22T11:07:24.789+0000] {dag.py:4180} INFO - Setting next_dagrun for dataset_alias_example_alias_producer to None, run_after=None
[2024-09-22T11:07:24.813+0000] {logging_mixin.py:190} INFO - [2024-09-22T11:07:24.813+0000] {dag.py:4180} INFO - Setting next_dagrun for dataset_s3_bucket_consumer to None, run_after=None
[2024-09-22T11:07:24.822+0000] {logging_mixin.py:190} INFO - [2024-09-22T11:07:24.821+0000] {dag.py:4180} INFO - Setting next_dagrun for dataset_s3_bucket_producer to None, run_after=None
[2024-09-22T11:07:24.988+0000] {processor.py:208} INFO - Processing /home/airflow/.local/lib/python3.12/site-packages/airflow/example_dags/example_dataset_alias.py took 1.478 seconds
