[2024-09-22T11:03:24.998+0000] {processor.py:186} INFO - Started process (PID=61) to work on /home/airflow/.local/lib/python3.12/site-packages/airflow/example_dags/example_latest_only.py
[2024-09-22T11:03:25.006+0000] {processor.py:914} INFO - Processing file /home/airflow/.local/lib/python3.12/site-packages/airflow/example_dags/example_latest_only.py for tasks to queue
[2024-09-22T11:03:25.012+0000] {logging_mixin.py:190} INFO - [2024-09-22T11:03:25.011+0000] {dagbag.py:588} INFO - Filling up the DagBag from /home/airflow/.local/lib/python3.12/site-packages/airflow/example_dags/example_latest_only.py
[2024-09-22T11:03:25.100+0000] {processor.py:925} INFO - DAG(s) 'latest_only' retrieved from /home/airflow/.local/lib/python3.12/site-packages/airflow/example_dags/example_latest_only.py
[2024-09-22T11:03:25.526+0000] {logging_mixin.py:190} INFO - [2024-09-22T11:03:25.518+0000] {override.py:1900} INFO - Created Permission View: can read on DAG:latest_only
[2024-09-22T11:03:25.574+0000] {logging_mixin.py:190} INFO - [2024-09-22T11:03:25.574+0000] {override.py:1900} INFO - Created Permission View: can edit on DAG:latest_only
[2024-09-22T11:03:25.600+0000] {logging_mixin.py:190} INFO - [2024-09-22T11:03:25.599+0000] {override.py:1900} INFO - Created Permission View: can delete on DAG:latest_only
[2024-09-22T11:03:25.639+0000] {logging_mixin.py:190} INFO - [2024-09-22T11:03:25.639+0000] {override.py:1900} INFO - Created Permission View: can read on DAG Run:latest_only
[2024-09-22T11:03:25.663+0000] {logging_mixin.py:190} INFO - [2024-09-22T11:03:25.662+0000] {override.py:1900} INFO - Created Permission View: menu access on DAG Run:latest_only
[2024-09-22T11:03:25.681+0000] {logging_mixin.py:190} INFO - [2024-09-22T11:03:25.681+0000] {override.py:1900} INFO - Created Permission View: can create on DAG Run:latest_only
[2024-09-22T11:03:25.697+0000] {logging_mixin.py:190} INFO - [2024-09-22T11:03:25.697+0000] {override.py:1900} INFO - Created Permission View: can delete on DAG Run:latest_only
[2024-09-22T11:03:25.698+0000] {logging_mixin.py:190} INFO - [2024-09-22T11:03:25.698+0000] {dag.py:3239} INFO - Sync 1 DAGs
[2024-09-22T11:03:25.762+0000] {logging_mixin.py:190} INFO - [2024-09-22T11:03:25.762+0000] {dag.py:3262} INFO - Creating ORM DAG for latest_only
[2024-09-22T11:03:25.797+0000] {logging_mixin.py:190} INFO - [2024-09-22T11:03:25.797+0000] {dag.py:4180} INFO - Setting next_dagrun for latest_only to 2024-09-22 04:00:00+00:00, run_after=2024-09-22 08:00:00+00:00
[2024-09-22T11:03:25.876+0000] {processor.py:208} INFO - Processing /home/airflow/.local/lib/python3.12/site-packages/airflow/example_dags/example_latest_only.py took 0.920 seconds
[2024-09-22T11:04:40.350+0000] {processor.py:186} INFO - Started process (PID=129) to work on /home/airflow/.local/lib/python3.12/site-packages/airflow/example_dags/example_latest_only.py
[2024-09-22T11:04:40.354+0000] {processor.py:914} INFO - Processing file /home/airflow/.local/lib/python3.12/site-packages/airflow/example_dags/example_latest_only.py for tasks to queue
[2024-09-22T11:04:40.367+0000] {logging_mixin.py:190} INFO - [2024-09-22T11:04:40.363+0000] {dagbag.py:588} INFO - Filling up the DagBag from /home/airflow/.local/lib/python3.12/site-packages/airflow/example_dags/example_latest_only.py
[2024-09-22T11:04:40.399+0000] {processor.py:925} INFO - DAG(s) 'latest_only' retrieved from /home/airflow/.local/lib/python3.12/site-packages/airflow/example_dags/example_latest_only.py
[2024-09-22T11:04:40.453+0000] {logging_mixin.py:190} INFO - [2024-09-22T11:04:40.452+0000] {dag.py:3239} INFO - Sync 1 DAGs
[2024-09-22T11:04:40.517+0000] {logging_mixin.py:190} INFO - [2024-09-22T11:04:40.517+0000] {dag.py:4180} INFO - Setting next_dagrun for latest_only to 2024-09-22 04:00:00+00:00, run_after=2024-09-22 08:00:00+00:00
[2024-09-22T11:04:40.591+0000] {processor.py:208} INFO - Processing /home/airflow/.local/lib/python3.12/site-packages/airflow/example_dags/example_latest_only.py took 0.253 seconds
[2024-09-22T11:05:11.796+0000] {processor.py:186} INFO - Started process (PID=190) to work on /home/airflow/.local/lib/python3.12/site-packages/airflow/example_dags/example_latest_only.py
[2024-09-22T11:05:11.802+0000] {processor.py:914} INFO - Processing file /home/airflow/.local/lib/python3.12/site-packages/airflow/example_dags/example_latest_only.py for tasks to queue
[2024-09-22T11:05:11.819+0000] {logging_mixin.py:190} INFO - [2024-09-22T11:05:11.817+0000] {dagbag.py:588} INFO - Filling up the DagBag from /home/airflow/.local/lib/python3.12/site-packages/airflow/example_dags/example_latest_only.py
[2024-09-22T11:05:11.860+0000] {processor.py:925} INFO - DAG(s) 'latest_only' retrieved from /home/airflow/.local/lib/python3.12/site-packages/airflow/example_dags/example_latest_only.py
[2024-09-22T11:05:11.945+0000] {logging_mixin.py:190} INFO - [2024-09-22T11:05:11.944+0000] {dag.py:3239} INFO - Sync 1 DAGs
[2024-09-22T11:05:11.999+0000] {logging_mixin.py:190} INFO - [2024-09-22T11:05:11.999+0000] {dag.py:4180} INFO - Setting next_dagrun for latest_only to 2024-09-22 04:00:00+00:00, run_after=2024-09-22 08:00:00+00:00
[2024-09-22T11:05:12.036+0000] {processor.py:208} INFO - Processing /home/airflow/.local/lib/python3.12/site-packages/airflow/example_dags/example_latest_only.py took 0.272 seconds
[2024-09-22T11:05:42.721+0000] {processor.py:186} INFO - Started process (PID=252) to work on /home/airflow/.local/lib/python3.12/site-packages/airflow/example_dags/example_latest_only.py
[2024-09-22T11:05:42.732+0000] {processor.py:914} INFO - Processing file /home/airflow/.local/lib/python3.12/site-packages/airflow/example_dags/example_latest_only.py for tasks to queue
[2024-09-22T11:05:42.754+0000] {logging_mixin.py:190} INFO - [2024-09-22T11:05:42.753+0000] {dagbag.py:588} INFO - Filling up the DagBag from /home/airflow/.local/lib/python3.12/site-packages/airflow/example_dags/example_latest_only.py
[2024-09-22T11:05:42.777+0000] {processor.py:925} INFO - DAG(s) 'latest_only' retrieved from /home/airflow/.local/lib/python3.12/site-packages/airflow/example_dags/example_latest_only.py
[2024-09-22T11:05:42.850+0000] {logging_mixin.py:190} INFO - [2024-09-22T11:05:42.850+0000] {dag.py:3239} INFO - Sync 1 DAGs
[2024-09-22T11:05:42.963+0000] {logging_mixin.py:190} INFO - [2024-09-22T11:05:42.963+0000] {dag.py:4180} INFO - Setting next_dagrun for latest_only to 2024-09-22 04:00:00+00:00, run_after=2024-09-22 08:00:00+00:00
[2024-09-22T11:05:43.124+0000] {processor.py:208} INFO - Processing /home/airflow/.local/lib/python3.12/site-packages/airflow/example_dags/example_latest_only.py took 0.414 seconds
[2024-09-22T11:06:13.438+0000] {processor.py:186} INFO - Started process (PID=314) to work on /home/airflow/.local/lib/python3.12/site-packages/airflow/example_dags/example_latest_only.py
[2024-09-22T11:06:13.439+0000] {processor.py:914} INFO - Processing file /home/airflow/.local/lib/python3.12/site-packages/airflow/example_dags/example_latest_only.py for tasks to queue
[2024-09-22T11:06:13.441+0000] {logging_mixin.py:190} INFO - [2024-09-22T11:06:13.441+0000] {dagbag.py:588} INFO - Filling up the DagBag from /home/airflow/.local/lib/python3.12/site-packages/airflow/example_dags/example_latest_only.py
[2024-09-22T11:06:13.447+0000] {processor.py:925} INFO - DAG(s) 'latest_only' retrieved from /home/airflow/.local/lib/python3.12/site-packages/airflow/example_dags/example_latest_only.py
[2024-09-22T11:06:13.479+0000] {logging_mixin.py:190} INFO - [2024-09-22T11:06:13.478+0000] {dag.py:3239} INFO - Sync 1 DAGs
[2024-09-22T11:06:13.500+0000] {logging_mixin.py:190} INFO - [2024-09-22T11:06:13.499+0000] {dag.py:4180} INFO - Setting next_dagrun for latest_only to 2024-09-22 04:00:00+00:00, run_after=2024-09-22 08:00:00+00:00
[2024-09-22T11:06:13.530+0000] {processor.py:208} INFO - Processing /home/airflow/.local/lib/python3.12/site-packages/airflow/example_dags/example_latest_only.py took 0.098 seconds
[2024-09-22T11:06:45.929+0000] {processor.py:186} INFO - Started process (PID=376) to work on /home/airflow/.local/lib/python3.12/site-packages/airflow/example_dags/example_latest_only.py
[2024-09-22T11:06:45.930+0000] {processor.py:914} INFO - Processing file /home/airflow/.local/lib/python3.12/site-packages/airflow/example_dags/example_latest_only.py for tasks to queue
[2024-09-22T11:06:45.932+0000] {logging_mixin.py:190} INFO - [2024-09-22T11:06:45.932+0000] {dagbag.py:588} INFO - Filling up the DagBag from /home/airflow/.local/lib/python3.12/site-packages/airflow/example_dags/example_latest_only.py
[2024-09-22T11:06:45.964+0000] {processor.py:925} INFO - DAG(s) 'latest_only' retrieved from /home/airflow/.local/lib/python3.12/site-packages/airflow/example_dags/example_latest_only.py
[2024-09-22T11:06:46.011+0000] {logging_mixin.py:190} INFO - [2024-09-22T11:06:46.011+0000] {dag.py:3239} INFO - Sync 1 DAGs
[2024-09-22T11:06:46.064+0000] {logging_mixin.py:190} INFO - [2024-09-22T11:06:46.064+0000] {dag.py:4180} INFO - Setting next_dagrun for latest_only to 2024-09-22 04:00:00+00:00, run_after=2024-09-22 08:00:00+00:00
[2024-09-22T11:06:46.133+0000] {processor.py:208} INFO - Processing /home/airflow/.local/lib/python3.12/site-packages/airflow/example_dags/example_latest_only.py took 0.211 seconds
[2024-09-22T11:07:19.963+0000] {processor.py:186} INFO - Started process (PID=438) to work on /home/airflow/.local/lib/python3.12/site-packages/airflow/example_dags/example_latest_only.py
[2024-09-22T11:07:19.974+0000] {processor.py:914} INFO - Processing file /home/airflow/.local/lib/python3.12/site-packages/airflow/example_dags/example_latest_only.py for tasks to queue
[2024-09-22T11:07:19.990+0000] {logging_mixin.py:190} INFO - [2024-09-22T11:07:19.984+0000] {dagbag.py:588} INFO - Filling up the DagBag from /home/airflow/.local/lib/python3.12/site-packages/airflow/example_dags/example_latest_only.py
[2024-09-22T11:07:20.051+0000] {processor.py:925} INFO - DAG(s) 'latest_only' retrieved from /home/airflow/.local/lib/python3.12/site-packages/airflow/example_dags/example_latest_only.py
[2024-09-22T11:07:20.281+0000] {logging_mixin.py:190} INFO - [2024-09-22T11:07:20.279+0000] {dag.py:3239} INFO - Sync 1 DAGs
[2024-09-22T11:07:20.393+0000] {logging_mixin.py:190} INFO - [2024-09-22T11:07:20.393+0000] {dag.py:4180} INFO - Setting next_dagrun for latest_only to 2024-09-22 04:00:00+00:00, run_after=2024-09-22 08:00:00+00:00
[2024-09-22T11:07:20.430+0000] {processor.py:208} INFO - Processing /home/airflow/.local/lib/python3.12/site-packages/airflow/example_dags/example_latest_only.py took 0.508 seconds
