[2024-09-22T11:04:05.048+0000] {processor.py:186} INFO - Started process (PID=87) to work on /home/airflow/.local/lib/python3.12/site-packages/airflow/example_dags/example_branch_python_dop_operator_3.py
[2024-09-22T11:04:05.050+0000] {processor.py:914} INFO - Processing file /home/airflow/.local/lib/python3.12/site-packages/airflow/example_dags/example_branch_python_dop_operator_3.py for tasks to queue
[2024-09-22T11:04:05.061+0000] {logging_mixin.py:190} INFO - [2024-09-22T11:04:05.060+0000] {dagbag.py:588} INFO - Filling up the DagBag from /home/airflow/.local/lib/python3.12/site-packages/airflow/example_dags/example_branch_python_dop_operator_3.py
[2024-09-22T11:04:05.114+0000] {processor.py:925} INFO - DAG(s) 'example_branch_dop_operator_v3' retrieved from /home/airflow/.local/lib/python3.12/site-packages/airflow/example_dags/example_branch_python_dop_operator_3.py
[2024-09-22T11:04:06.267+0000] {logging_mixin.py:190} INFO - [2024-09-22T11:04:06.257+0000] {override.py:1900} INFO - Created Permission View: can read on DAG:example_branch_dop_operator_v3
[2024-09-22T11:04:06.322+0000] {logging_mixin.py:190} INFO - [2024-09-22T11:04:06.320+0000] {override.py:1900} INFO - Created Permission View: can edit on DAG:example_branch_dop_operator_v3
[2024-09-22T11:04:06.342+0000] {logging_mixin.py:190} INFO - [2024-09-22T11:04:06.342+0000] {override.py:1900} INFO - Created Permission View: can delete on DAG:example_branch_dop_operator_v3
[2024-09-22T11:04:06.355+0000] {logging_mixin.py:190} INFO - [2024-09-22T11:04:06.354+0000] {override.py:1900} INFO - Created Permission View: can read on DAG Run:example_branch_dop_operator_v3
[2024-09-22T11:04:06.372+0000] {logging_mixin.py:190} INFO - [2024-09-22T11:04:06.370+0000] {override.py:1900} INFO - Created Permission View: menu access on DAG Run:example_branch_dop_operator_v3
[2024-09-22T11:04:06.392+0000] {logging_mixin.py:190} INFO - [2024-09-22T11:04:06.390+0000] {override.py:1900} INFO - Created Permission View: can create on DAG Run:example_branch_dop_operator_v3
[2024-09-22T11:04:06.427+0000] {logging_mixin.py:190} INFO - [2024-09-22T11:04:06.425+0000] {override.py:1900} INFO - Created Permission View: can delete on DAG Run:example_branch_dop_operator_v3
[2024-09-22T11:04:06.428+0000] {logging_mixin.py:190} INFO - [2024-09-22T11:04:06.428+0000] {dag.py:3239} INFO - Sync 1 DAGs
[2024-09-22T11:04:06.592+0000] {logging_mixin.py:190} INFO - [2024-09-22T11:04:06.592+0000] {dag.py:3262} INFO - Creating ORM DAG for example_branch_dop_operator_v3
[2024-09-22T11:04:06.745+0000] {logging_mixin.py:190} INFO - [2024-09-22T11:04:06.743+0000] {dag.py:4180} INFO - Setting next_dagrun for example_branch_dop_operator_v3 to 2024-09-22 11:03:00+00:00, run_after=2024-09-22 11:04:00+00:00
[2024-09-22T11:04:06.872+0000] {processor.py:208} INFO - Processing /home/airflow/.local/lib/python3.12/site-packages/airflow/example_dags/example_branch_python_dop_operator_3.py took 1.854 seconds
[2024-09-22T11:04:49.247+0000] {processor.py:186} INFO - Started process (PID=154) to work on /home/airflow/.local/lib/python3.12/site-packages/airflow/example_dags/example_branch_python_dop_operator_3.py
[2024-09-22T11:04:49.251+0000] {processor.py:914} INFO - Processing file /home/airflow/.local/lib/python3.12/site-packages/airflow/example_dags/example_branch_python_dop_operator_3.py for tasks to queue
[2024-09-22T11:04:49.260+0000] {logging_mixin.py:190} INFO - [2024-09-22T11:04:49.259+0000] {dagbag.py:588} INFO - Filling up the DagBag from /home/airflow/.local/lib/python3.12/site-packages/airflow/example_dags/example_branch_python_dop_operator_3.py
[2024-09-22T11:04:49.295+0000] {processor.py:925} INFO - DAG(s) 'example_branch_dop_operator_v3' retrieved from /home/airflow/.local/lib/python3.12/site-packages/airflow/example_dags/example_branch_python_dop_operator_3.py
[2024-09-22T11:04:49.414+0000] {logging_mixin.py:190} INFO - [2024-09-22T11:04:49.414+0000] {dag.py:3239} INFO - Sync 1 DAGs
[2024-09-22T11:04:49.489+0000] {logging_mixin.py:190} INFO - [2024-09-22T11:04:49.488+0000] {dag.py:4180} INFO - Setting next_dagrun for example_branch_dop_operator_v3 to 2024-09-22 11:03:00+00:00, run_after=2024-09-22 11:04:00+00:00
[2024-09-22T11:04:49.581+0000] {processor.py:208} INFO - Processing /home/airflow/.local/lib/python3.12/site-packages/airflow/example_dags/example_branch_python_dop_operator_3.py took 0.348 seconds
[2024-09-22T11:05:19.927+0000] {processor.py:186} INFO - Started process (PID=216) to work on /home/airflow/.local/lib/python3.12/site-packages/airflow/example_dags/example_branch_python_dop_operator_3.py
[2024-09-22T11:05:19.961+0000] {processor.py:914} INFO - Processing file /home/airflow/.local/lib/python3.12/site-packages/airflow/example_dags/example_branch_python_dop_operator_3.py for tasks to queue
[2024-09-22T11:05:19.986+0000] {logging_mixin.py:190} INFO - [2024-09-22T11:05:19.983+0000] {dagbag.py:588} INFO - Filling up the DagBag from /home/airflow/.local/lib/python3.12/site-packages/airflow/example_dags/example_branch_python_dop_operator_3.py
[2024-09-22T11:05:20.038+0000] {processor.py:925} INFO - DAG(s) 'example_branch_dop_operator_v3' retrieved from /home/airflow/.local/lib/python3.12/site-packages/airflow/example_dags/example_branch_python_dop_operator_3.py
[2024-09-22T11:05:20.111+0000] {logging_mixin.py:190} INFO - [2024-09-22T11:05:20.111+0000] {dag.py:3239} INFO - Sync 1 DAGs
[2024-09-22T11:05:20.220+0000] {logging_mixin.py:190} INFO - [2024-09-22T11:05:20.220+0000] {dag.py:4180} INFO - Setting next_dagrun for example_branch_dop_operator_v3 to 2024-09-22 11:04:00+00:00, run_after=2024-09-22 11:05:00+00:00
[2024-09-22T11:05:20.269+0000] {processor.py:208} INFO - Processing /home/airflow/.local/lib/python3.12/site-packages/airflow/example_dags/example_branch_python_dop_operator_3.py took 0.368 seconds
[2024-09-22T11:05:51.470+0000] {processor.py:186} INFO - Started process (PID=278) to work on /home/airflow/.local/lib/python3.12/site-packages/airflow/example_dags/example_branch_python_dop_operator_3.py
[2024-09-22T11:05:51.473+0000] {processor.py:914} INFO - Processing file /home/airflow/.local/lib/python3.12/site-packages/airflow/example_dags/example_branch_python_dop_operator_3.py for tasks to queue
[2024-09-22T11:05:51.479+0000] {logging_mixin.py:190} INFO - [2024-09-22T11:05:51.478+0000] {dagbag.py:588} INFO - Filling up the DagBag from /home/airflow/.local/lib/python3.12/site-packages/airflow/example_dags/example_branch_python_dop_operator_3.py
[2024-09-22T11:05:51.498+0000] {processor.py:925} INFO - DAG(s) 'example_branch_dop_operator_v3' retrieved from /home/airflow/.local/lib/python3.12/site-packages/airflow/example_dags/example_branch_python_dop_operator_3.py
[2024-09-22T11:05:51.549+0000] {logging_mixin.py:190} INFO - [2024-09-22T11:05:51.549+0000] {dag.py:3239} INFO - Sync 1 DAGs
[2024-09-22T11:05:51.606+0000] {logging_mixin.py:190} INFO - [2024-09-22T11:05:51.606+0000] {dag.py:4180} INFO - Setting next_dagrun for example_branch_dop_operator_v3 to 2024-09-22 11:04:00+00:00, run_after=2024-09-22 11:05:00+00:00
[2024-09-22T11:05:51.644+0000] {processor.py:208} INFO - Processing /home/airflow/.local/lib/python3.12/site-packages/airflow/example_dags/example_branch_python_dop_operator_3.py took 0.183 seconds
[2024-09-22T11:06:22.095+0000] {processor.py:186} INFO - Started process (PID=340) to work on /home/airflow/.local/lib/python3.12/site-packages/airflow/example_dags/example_branch_python_dop_operator_3.py
[2024-09-22T11:06:22.098+0000] {processor.py:914} INFO - Processing file /home/airflow/.local/lib/python3.12/site-packages/airflow/example_dags/example_branch_python_dop_operator_3.py for tasks to queue
[2024-09-22T11:06:22.104+0000] {logging_mixin.py:190} INFO - [2024-09-22T11:06:22.103+0000] {dagbag.py:588} INFO - Filling up the DagBag from /home/airflow/.local/lib/python3.12/site-packages/airflow/example_dags/example_branch_python_dop_operator_3.py
[2024-09-22T11:06:22.142+0000] {processor.py:925} INFO - DAG(s) 'example_branch_dop_operator_v3' retrieved from /home/airflow/.local/lib/python3.12/site-packages/airflow/example_dags/example_branch_python_dop_operator_3.py
[2024-09-22T11:06:22.254+0000] {logging_mixin.py:190} INFO - [2024-09-22T11:06:22.253+0000] {dag.py:3239} INFO - Sync 1 DAGs
[2024-09-22T11:06:22.360+0000] {logging_mixin.py:190} INFO - [2024-09-22T11:06:22.360+0000] {dag.py:4180} INFO - Setting next_dagrun for example_branch_dop_operator_v3 to 2024-09-22 11:05:00+00:00, run_after=2024-09-22 11:06:00+00:00
[2024-09-22T11:06:22.515+0000] {processor.py:208} INFO - Processing /home/airflow/.local/lib/python3.12/site-packages/airflow/example_dags/example_branch_python_dop_operator_3.py took 0.434 seconds
[2024-09-22T11:07:06.026+0000] {processor.py:186} INFO - Started process (PID=402) to work on /home/airflow/.local/lib/python3.12/site-packages/airflow/example_dags/example_branch_python_dop_operator_3.py
[2024-09-22T11:07:06.034+0000] {processor.py:914} INFO - Processing file /home/airflow/.local/lib/python3.12/site-packages/airflow/example_dags/example_branch_python_dop_operator_3.py for tasks to queue
[2024-09-22T11:07:06.040+0000] {logging_mixin.py:190} INFO - [2024-09-22T11:07:06.039+0000] {dagbag.py:588} INFO - Filling up the DagBag from /home/airflow/.local/lib/python3.12/site-packages/airflow/example_dags/example_branch_python_dop_operator_3.py
[2024-09-22T11:07:06.062+0000] {processor.py:925} INFO - DAG(s) 'example_branch_dop_operator_v3' retrieved from /home/airflow/.local/lib/python3.12/site-packages/airflow/example_dags/example_branch_python_dop_operator_3.py
[2024-09-22T11:07:06.224+0000] {logging_mixin.py:190} INFO - [2024-09-22T11:07:06.221+0000] {dag.py:3239} INFO - Sync 1 DAGs
[2024-09-22T11:07:06.393+0000] {logging_mixin.py:190} INFO - [2024-09-22T11:07:06.393+0000] {dag.py:4180} INFO - Setting next_dagrun for example_branch_dop_operator_v3 to 2024-09-22 11:06:00+00:00, run_after=2024-09-22 11:07:00+00:00
[2024-09-22T11:07:06.496+0000] {processor.py:208} INFO - Processing /home/airflow/.local/lib/python3.12/site-packages/airflow/example_dags/example_branch_python_dop_operator_3.py took 0.492 seconds
