[2024-09-22T11:03:23.917+0000] {processor.py:186} INFO - Started process (PID=59) to work on /home/airflow/.local/lib/python3.12/site-packages/airflow/example_dags/tutorial.py
[2024-09-22T11:03:23.924+0000] {processor.py:914} INFO - Processing file /home/airflow/.local/lib/python3.12/site-packages/airflow/example_dags/tutorial.py for tasks to queue
[2024-09-22T11:03:23.942+0000] {logging_mixin.py:190} INFO - [2024-09-22T11:03:23.938+0000] {dagbag.py:588} INFO - Filling up the DagBag from /home/airflow/.local/lib/python3.12/site-packages/airflow/example_dags/tutorial.py
[2024-09-22T11:03:24.047+0000] {processor.py:925} INFO - DAG(s) 'tutorial' retrieved from /home/airflow/.local/lib/python3.12/site-packages/airflow/example_dags/tutorial.py
[2024-09-22T11:03:24.500+0000] {logging_mixin.py:190} INFO - [2024-09-22T11:03:24.498+0000] {override.py:1900} INFO - Created Permission View: can read on DAG:tutorial
[2024-09-22T11:03:24.531+0000] {logging_mixin.py:190} INFO - [2024-09-22T11:03:24.530+0000] {override.py:1900} INFO - Created Permission View: can edit on DAG:tutorial
[2024-09-22T11:03:24.553+0000] {logging_mixin.py:190} INFO - [2024-09-22T11:03:24.552+0000] {override.py:1900} INFO - Created Permission View: can delete on DAG:tutorial
[2024-09-22T11:03:24.572+0000] {logging_mixin.py:190} INFO - [2024-09-22T11:03:24.572+0000] {override.py:1900} INFO - Created Permission View: can read on DAG Run:tutorial
[2024-09-22T11:03:24.600+0000] {logging_mixin.py:190} INFO - [2024-09-22T11:03:24.599+0000] {override.py:1900} INFO - Created Permission View: menu access on DAG Run:tutorial
[2024-09-22T11:03:24.636+0000] {logging_mixin.py:190} INFO - [2024-09-22T11:03:24.636+0000] {override.py:1900} INFO - Created Permission View: can create on DAG Run:tutorial
[2024-09-22T11:03:24.655+0000] {logging_mixin.py:190} INFO - [2024-09-22T11:03:24.655+0000] {override.py:1900} INFO - Created Permission View: can delete on DAG Run:tutorial
[2024-09-22T11:03:24.660+0000] {logging_mixin.py:190} INFO - [2024-09-22T11:03:24.659+0000] {dag.py:3239} INFO - Sync 1 DAGs
[2024-09-22T11:03:24.712+0000] {logging_mixin.py:190} INFO - [2024-09-22T11:03:24.710+0000] {dag.py:3262} INFO - Creating ORM DAG for tutorial
[2024-09-22T11:03:24.763+0000] {logging_mixin.py:190} INFO - [2024-09-22T11:03:24.762+0000] {dag.py:4180} INFO - Setting next_dagrun for tutorial to 2024-09-21 00:00:00+00:00, run_after=2024-09-22 00:00:00+00:00
[2024-09-22T11:03:24.826+0000] {processor.py:208} INFO - Processing /home/airflow/.local/lib/python3.12/site-packages/airflow/example_dags/tutorial.py took 0.949 seconds
[2024-09-22T11:04:40.000+0000] {processor.py:186} INFO - Started process (PID=127) to work on /home/airflow/.local/lib/python3.12/site-packages/airflow/example_dags/tutorial.py
[2024-09-22T11:04:40.002+0000] {processor.py:914} INFO - Processing file /home/airflow/.local/lib/python3.12/site-packages/airflow/example_dags/tutorial.py for tasks to queue
[2024-09-22T11:04:40.018+0000] {logging_mixin.py:190} INFO - [2024-09-22T11:04:40.013+0000] {dagbag.py:588} INFO - Filling up the DagBag from /home/airflow/.local/lib/python3.12/site-packages/airflow/example_dags/tutorial.py
[2024-09-22T11:04:40.053+0000] {processor.py:925} INFO - DAG(s) 'tutorial' retrieved from /home/airflow/.local/lib/python3.12/site-packages/airflow/example_dags/tutorial.py
[2024-09-22T11:04:40.147+0000] {logging_mixin.py:190} INFO - [2024-09-22T11:04:40.147+0000] {dag.py:3239} INFO - Sync 1 DAGs
[2024-09-22T11:04:40.208+0000] {logging_mixin.py:190} INFO - [2024-09-22T11:04:40.208+0000] {dag.py:4180} INFO - Setting next_dagrun for tutorial to 2024-09-21 00:00:00+00:00, run_after=2024-09-22 00:00:00+00:00
[2024-09-22T11:04:40.283+0000] {processor.py:208} INFO - Processing /home/airflow/.local/lib/python3.12/site-packages/airflow/example_dags/tutorial.py took 0.296 seconds
[2024-09-22T11:05:11.274+0000] {processor.py:186} INFO - Started process (PID=188) to work on /home/airflow/.local/lib/python3.12/site-packages/airflow/example_dags/tutorial.py
[2024-09-22T11:05:11.290+0000] {processor.py:914} INFO - Processing file /home/airflow/.local/lib/python3.12/site-packages/airflow/example_dags/tutorial.py for tasks to queue
[2024-09-22T11:05:11.299+0000] {logging_mixin.py:190} INFO - [2024-09-22T11:05:11.297+0000] {dagbag.py:588} INFO - Filling up the DagBag from /home/airflow/.local/lib/python3.12/site-packages/airflow/example_dags/tutorial.py
[2024-09-22T11:05:11.321+0000] {processor.py:925} INFO - DAG(s) 'tutorial' retrieved from /home/airflow/.local/lib/python3.12/site-packages/airflow/example_dags/tutorial.py
[2024-09-22T11:05:11.447+0000] {logging_mixin.py:190} INFO - [2024-09-22T11:05:11.447+0000] {dag.py:3239} INFO - Sync 1 DAGs
[2024-09-22T11:05:11.535+0000] {logging_mixin.py:190} INFO - [2024-09-22T11:05:11.534+0000] {dag.py:4180} INFO - Setting next_dagrun for tutorial to 2024-09-21 00:00:00+00:00, run_after=2024-09-22 00:00:00+00:00
[2024-09-22T11:05:11.636+0000] {processor.py:208} INFO - Processing /home/airflow/.local/lib/python3.12/site-packages/airflow/example_dags/tutorial.py took 0.381 seconds
[2024-09-22T11:05:41.896+0000] {processor.py:186} INFO - Started process (PID=250) to work on /home/airflow/.local/lib/python3.12/site-packages/airflow/example_dags/tutorial.py
[2024-09-22T11:05:41.907+0000] {processor.py:914} INFO - Processing file /home/airflow/.local/lib/python3.12/site-packages/airflow/example_dags/tutorial.py for tasks to queue
[2024-09-22T11:05:41.914+0000] {logging_mixin.py:190} INFO - [2024-09-22T11:05:41.913+0000] {dagbag.py:588} INFO - Filling up the DagBag from /home/airflow/.local/lib/python3.12/site-packages/airflow/example_dags/tutorial.py
[2024-09-22T11:05:41.962+0000] {processor.py:925} INFO - DAG(s) 'tutorial' retrieved from /home/airflow/.local/lib/python3.12/site-packages/airflow/example_dags/tutorial.py
[2024-09-22T11:05:42.116+0000] {logging_mixin.py:190} INFO - [2024-09-22T11:05:42.115+0000] {dag.py:3239} INFO - Sync 1 DAGs
[2024-09-22T11:05:42.202+0000] {logging_mixin.py:190} INFO - [2024-09-22T11:05:42.202+0000] {dag.py:4180} INFO - Setting next_dagrun for tutorial to 2024-09-21 00:00:00+00:00, run_after=2024-09-22 00:00:00+00:00
[2024-09-22T11:05:42.240+0000] {processor.py:208} INFO - Processing /home/airflow/.local/lib/python3.12/site-packages/airflow/example_dags/tutorial.py took 0.364 seconds
[2024-09-22T11:06:12.416+0000] {processor.py:186} INFO - Started process (PID=312) to work on /home/airflow/.local/lib/python3.12/site-packages/airflow/example_dags/tutorial.py
[2024-09-22T11:06:12.420+0000] {processor.py:914} INFO - Processing file /home/airflow/.local/lib/python3.12/site-packages/airflow/example_dags/tutorial.py for tasks to queue
[2024-09-22T11:06:12.425+0000] {logging_mixin.py:190} INFO - [2024-09-22T11:06:12.424+0000] {dagbag.py:588} INFO - Filling up the DagBag from /home/airflow/.local/lib/python3.12/site-packages/airflow/example_dags/tutorial.py
[2024-09-22T11:06:12.433+0000] {processor.py:925} INFO - DAG(s) 'tutorial' retrieved from /home/airflow/.local/lib/python3.12/site-packages/airflow/example_dags/tutorial.py
[2024-09-22T11:06:12.460+0000] {logging_mixin.py:190} INFO - [2024-09-22T11:06:12.459+0000] {dag.py:3239} INFO - Sync 1 DAGs
[2024-09-22T11:06:12.501+0000] {logging_mixin.py:190} INFO - [2024-09-22T11:06:12.501+0000] {dag.py:4180} INFO - Setting next_dagrun for tutorial to 2024-09-21 00:00:00+00:00, run_after=2024-09-22 00:00:00+00:00
[2024-09-22T11:06:12.516+0000] {processor.py:208} INFO - Processing /home/airflow/.local/lib/python3.12/site-packages/airflow/example_dags/tutorial.py took 0.126 seconds
[2024-09-22T11:06:45.377+0000] {processor.py:186} INFO - Started process (PID=372) to work on /home/airflow/.local/lib/python3.12/site-packages/airflow/example_dags/tutorial.py
[2024-09-22T11:06:45.381+0000] {processor.py:914} INFO - Processing file /home/airflow/.local/lib/python3.12/site-packages/airflow/example_dags/tutorial.py for tasks to queue
[2024-09-22T11:06:45.396+0000] {logging_mixin.py:190} INFO - [2024-09-22T11:06:45.395+0000] {dagbag.py:588} INFO - Filling up the DagBag from /home/airflow/.local/lib/python3.12/site-packages/airflow/example_dags/tutorial.py
[2024-09-22T11:06:45.436+0000] {processor.py:925} INFO - DAG(s) 'tutorial' retrieved from /home/airflow/.local/lib/python3.12/site-packages/airflow/example_dags/tutorial.py
[2024-09-22T11:06:45.496+0000] {logging_mixin.py:190} INFO - [2024-09-22T11:06:45.495+0000] {dag.py:3239} INFO - Sync 1 DAGs
[2024-09-22T11:06:45.555+0000] {logging_mixin.py:190} INFO - [2024-09-22T11:06:45.555+0000] {dag.py:4180} INFO - Setting next_dagrun for tutorial to 2024-09-21 00:00:00+00:00, run_after=2024-09-22 00:00:00+00:00
[2024-09-22T11:06:45.601+0000] {processor.py:208} INFO - Processing /home/airflow/.local/lib/python3.12/site-packages/airflow/example_dags/tutorial.py took 0.248 seconds
[2024-09-22T11:07:17.172+0000] {processor.py:186} INFO - Started process (PID=426) to work on /home/airflow/.local/lib/python3.12/site-packages/airflow/example_dags/tutorial.py
[2024-09-22T11:07:17.173+0000] {processor.py:914} INFO - Processing file /home/airflow/.local/lib/python3.12/site-packages/airflow/example_dags/tutorial.py for tasks to queue
[2024-09-22T11:07:17.175+0000] {logging_mixin.py:190} INFO - [2024-09-22T11:07:17.175+0000] {dagbag.py:588} INFO - Filling up the DagBag from /home/airflow/.local/lib/python3.12/site-packages/airflow/example_dags/tutorial.py
[2024-09-22T11:07:17.183+0000] {processor.py:925} INFO - DAG(s) 'tutorial' retrieved from /home/airflow/.local/lib/python3.12/site-packages/airflow/example_dags/tutorial.py
[2024-09-22T11:07:17.264+0000] {logging_mixin.py:190} INFO - [2024-09-22T11:07:17.263+0000] {dag.py:3239} INFO - Sync 1 DAGs
[2024-09-22T11:07:17.281+0000] {logging_mixin.py:190} INFO - [2024-09-22T11:07:17.281+0000] {dag.py:4180} INFO - Setting next_dagrun for tutorial to 2024-09-21 00:00:00+00:00, run_after=2024-09-22 00:00:00+00:00
[2024-09-22T11:07:17.373+0000] {processor.py:208} INFO - Processing /home/airflow/.local/lib/python3.12/site-packages/airflow/example_dags/tutorial.py took 0.206 seconds
