[2024-09-22T11:04:27.657+0000] {processor.py:186} INFO - Started process (PID=110) to work on /home/airflow/.local/lib/python3.12/site-packages/airflow/example_dags/tutorial_taskflow_api.py
[2024-09-22T11:04:27.663+0000] {processor.py:914} INFO - Processing file /home/airflow/.local/lib/python3.12/site-packages/airflow/example_dags/tutorial_taskflow_api.py for tasks to queue
[2024-09-22T11:04:27.677+0000] {logging_mixin.py:190} INFO - [2024-09-22T11:04:27.676+0000] {dagbag.py:588} INFO - Filling up the DagBag from /home/airflow/.local/lib/python3.12/site-packages/airflow/example_dags/tutorial_taskflow_api.py
[2024-09-22T11:04:27.712+0000] {processor.py:925} INFO - DAG(s) 'tutorial_taskflow_api' retrieved from /home/airflow/.local/lib/python3.12/site-packages/airflow/example_dags/tutorial_taskflow_api.py
[2024-09-22T11:04:28.596+0000] {logging_mixin.py:190} INFO - [2024-09-22T11:04:28.531+0000] {override.py:1900} INFO - Created Permission View: can read on DAG:tutorial_taskflow_api
[2024-09-22T11:04:28.721+0000] {logging_mixin.py:190} INFO - [2024-09-22T11:04:28.718+0000] {override.py:1900} INFO - Created Permission View: can edit on DAG:tutorial_taskflow_api
[2024-09-22T11:04:28.747+0000] {logging_mixin.py:190} INFO - [2024-09-22T11:04:28.747+0000] {override.py:1900} INFO - Created Permission View: can delete on DAG:tutorial_taskflow_api
[2024-09-22T11:04:28.758+0000] {logging_mixin.py:190} INFO - [2024-09-22T11:04:28.758+0000] {override.py:1900} INFO - Created Permission View: can read on DAG Run:tutorial_taskflow_api
[2024-09-22T11:04:28.833+0000] {logging_mixin.py:190} INFO - [2024-09-22T11:04:28.832+0000] {override.py:1900} INFO - Created Permission View: menu access on DAG Run:tutorial_taskflow_api
[2024-09-22T11:04:28.893+0000] {logging_mixin.py:190} INFO - [2024-09-22T11:04:28.892+0000] {override.py:1900} INFO - Created Permission View: can create on DAG Run:tutorial_taskflow_api
[2024-09-22T11:04:28.967+0000] {logging_mixin.py:190} INFO - [2024-09-22T11:04:28.960+0000] {override.py:1900} INFO - Created Permission View: can delete on DAG Run:tutorial_taskflow_api
[2024-09-22T11:04:28.986+0000] {logging_mixin.py:190} INFO - [2024-09-22T11:04:28.986+0000] {dag.py:3239} INFO - Sync 1 DAGs
[2024-09-22T11:04:29.411+0000] {logging_mixin.py:190} INFO - [2024-09-22T11:04:29.397+0000] {dag.py:3262} INFO - Creating ORM DAG for tutorial_taskflow_api
[2024-09-22T11:04:29.427+0000] {logging_mixin.py:190} INFO - [2024-09-22T11:04:29.426+0000] {dag.py:4180} INFO - Setting next_dagrun for tutorial_taskflow_api to None, run_after=None
[2024-09-22T11:04:29.725+0000] {processor.py:208} INFO - Processing /home/airflow/.local/lib/python3.12/site-packages/airflow/example_dags/tutorial_taskflow_api.py took 2.112 seconds
[2024-09-22T11:05:00.684+0000] {processor.py:186} INFO - Started process (PID=170) to work on /home/airflow/.local/lib/python3.12/site-packages/airflow/example_dags/tutorial_taskflow_api.py
[2024-09-22T11:05:00.688+0000] {processor.py:914} INFO - Processing file /home/airflow/.local/lib/python3.12/site-packages/airflow/example_dags/tutorial_taskflow_api.py for tasks to queue
[2024-09-22T11:05:00.724+0000] {logging_mixin.py:190} INFO - [2024-09-22T11:05:00.722+0000] {dagbag.py:588} INFO - Filling up the DagBag from /home/airflow/.local/lib/python3.12/site-packages/airflow/example_dags/tutorial_taskflow_api.py
[2024-09-22T11:05:00.843+0000] {processor.py:925} INFO - DAG(s) 'tutorial_taskflow_api' retrieved from /home/airflow/.local/lib/python3.12/site-packages/airflow/example_dags/tutorial_taskflow_api.py
[2024-09-22T11:05:00.993+0000] {logging_mixin.py:190} INFO - [2024-09-22T11:05:00.992+0000] {dag.py:3239} INFO - Sync 1 DAGs
[2024-09-22T11:05:01.054+0000] {logging_mixin.py:190} INFO - [2024-09-22T11:05:01.053+0000] {dag.py:4180} INFO - Setting next_dagrun for tutorial_taskflow_api to None, run_after=None
[2024-09-22T11:05:01.108+0000] {processor.py:208} INFO - Processing /home/airflow/.local/lib/python3.12/site-packages/airflow/example_dags/tutorial_taskflow_api.py took 0.440 seconds
[2024-09-22T11:05:31.918+0000] {processor.py:186} INFO - Started process (PID=232) to work on /home/airflow/.local/lib/python3.12/site-packages/airflow/example_dags/tutorial_taskflow_api.py
[2024-09-22T11:05:31.920+0000] {processor.py:914} INFO - Processing file /home/airflow/.local/lib/python3.12/site-packages/airflow/example_dags/tutorial_taskflow_api.py for tasks to queue
[2024-09-22T11:05:31.930+0000] {logging_mixin.py:190} INFO - [2024-09-22T11:05:31.928+0000] {dagbag.py:588} INFO - Filling up the DagBag from /home/airflow/.local/lib/python3.12/site-packages/airflow/example_dags/tutorial_taskflow_api.py
[2024-09-22T11:05:31.966+0000] {processor.py:925} INFO - DAG(s) 'tutorial_taskflow_api' retrieved from /home/airflow/.local/lib/python3.12/site-packages/airflow/example_dags/tutorial_taskflow_api.py
[2024-09-22T11:05:32.029+0000] {logging_mixin.py:190} INFO - [2024-09-22T11:05:32.029+0000] {dag.py:3239} INFO - Sync 1 DAGs
[2024-09-22T11:05:32.054+0000] {logging_mixin.py:190} INFO - [2024-09-22T11:05:32.054+0000] {dag.py:4180} INFO - Setting next_dagrun for tutorial_taskflow_api to None, run_after=None
[2024-09-22T11:05:32.080+0000] {processor.py:208} INFO - Processing /home/airflow/.local/lib/python3.12/site-packages/airflow/example_dags/tutorial_taskflow_api.py took 0.172 seconds
[2024-09-22T11:06:02.677+0000] {processor.py:186} INFO - Started process (PID=294) to work on /home/airflow/.local/lib/python3.12/site-packages/airflow/example_dags/tutorial_taskflow_api.py
[2024-09-22T11:06:02.679+0000] {processor.py:914} INFO - Processing file /home/airflow/.local/lib/python3.12/site-packages/airflow/example_dags/tutorial_taskflow_api.py for tasks to queue
[2024-09-22T11:06:02.687+0000] {logging_mixin.py:190} INFO - [2024-09-22T11:06:02.686+0000] {dagbag.py:588} INFO - Filling up the DagBag from /home/airflow/.local/lib/python3.12/site-packages/airflow/example_dags/tutorial_taskflow_api.py
[2024-09-22T11:06:02.730+0000] {processor.py:925} INFO - DAG(s) 'tutorial_taskflow_api' retrieved from /home/airflow/.local/lib/python3.12/site-packages/airflow/example_dags/tutorial_taskflow_api.py
[2024-09-22T11:06:02.774+0000] {logging_mixin.py:190} INFO - [2024-09-22T11:06:02.774+0000] {dag.py:3239} INFO - Sync 1 DAGs
[2024-09-22T11:06:02.792+0000] {logging_mixin.py:190} INFO - [2024-09-22T11:06:02.791+0000] {dag.py:4180} INFO - Setting next_dagrun for tutorial_taskflow_api to None, run_after=None
[2024-09-22T11:06:02.836+0000] {processor.py:208} INFO - Processing /home/airflow/.local/lib/python3.12/site-packages/airflow/example_dags/tutorial_taskflow_api.py took 0.169 seconds
[2024-09-22T11:06:33.124+0000] {processor.py:186} INFO - Started process (PID=356) to work on /home/airflow/.local/lib/python3.12/site-packages/airflow/example_dags/tutorial_taskflow_api.py
[2024-09-22T11:06:33.126+0000] {processor.py:914} INFO - Processing file /home/airflow/.local/lib/python3.12/site-packages/airflow/example_dags/tutorial_taskflow_api.py for tasks to queue
[2024-09-22T11:06:33.131+0000] {logging_mixin.py:190} INFO - [2024-09-22T11:06:33.131+0000] {dagbag.py:588} INFO - Filling up the DagBag from /home/airflow/.local/lib/python3.12/site-packages/airflow/example_dags/tutorial_taskflow_api.py
[2024-09-22T11:06:33.147+0000] {processor.py:925} INFO - DAG(s) 'tutorial_taskflow_api' retrieved from /home/airflow/.local/lib/python3.12/site-packages/airflow/example_dags/tutorial_taskflow_api.py
[2024-09-22T11:06:33.223+0000] {logging_mixin.py:190} INFO - [2024-09-22T11:06:33.223+0000] {dag.py:3239} INFO - Sync 1 DAGs
[2024-09-22T11:06:33.272+0000] {logging_mixin.py:190} INFO - [2024-09-22T11:06:33.271+0000] {dag.py:4180} INFO - Setting next_dagrun for tutorial_taskflow_api to None, run_after=None
[2024-09-22T11:06:33.304+0000] {processor.py:208} INFO - Processing /home/airflow/.local/lib/python3.12/site-packages/airflow/example_dags/tutorial_taskflow_api.py took 0.202 seconds
[2024-09-22T11:07:15.827+0000] {processor.py:186} INFO - Started process (PID=418) to work on /home/airflow/.local/lib/python3.12/site-packages/airflow/example_dags/tutorial_taskflow_api.py
[2024-09-22T11:07:15.833+0000] {processor.py:914} INFO - Processing file /home/airflow/.local/lib/python3.12/site-packages/airflow/example_dags/tutorial_taskflow_api.py for tasks to queue
[2024-09-22T11:07:15.840+0000] {logging_mixin.py:190} INFO - [2024-09-22T11:07:15.839+0000] {dagbag.py:588} INFO - Filling up the DagBag from /home/airflow/.local/lib/python3.12/site-packages/airflow/example_dags/tutorial_taskflow_api.py
[2024-09-22T11:07:15.857+0000] {processor.py:925} INFO - DAG(s) 'tutorial_taskflow_api' retrieved from /home/airflow/.local/lib/python3.12/site-packages/airflow/example_dags/tutorial_taskflow_api.py
[2024-09-22T11:07:15.917+0000] {logging_mixin.py:190} INFO - [2024-09-22T11:07:15.917+0000] {dag.py:3239} INFO - Sync 1 DAGs
[2024-09-22T11:07:15.949+0000] {logging_mixin.py:190} INFO - [2024-09-22T11:07:15.948+0000] {dag.py:4180} INFO - Setting next_dagrun for tutorial_taskflow_api to None, run_after=None
[2024-09-22T11:07:15.995+0000] {processor.py:208} INFO - Processing /home/airflow/.local/lib/python3.12/site-packages/airflow/example_dags/tutorial_taskflow_api.py took 0.179 seconds
