[2024-09-22T11:03:26.085+0000] {processor.py:186} INFO - Started process (PID=63) to work on /home/airflow/.local/lib/python3.12/site-packages/airflow/example_dags/tutorial_dag.py
[2024-09-22T11:03:26.098+0000] {processor.py:914} INFO - Processing file /home/airflow/.local/lib/python3.12/site-packages/airflow/example_dags/tutorial_dag.py for tasks to queue
[2024-09-22T11:03:26.178+0000] {logging_mixin.py:190} INFO - [2024-09-22T11:03:26.175+0000] {dagbag.py:588} INFO - Filling up the DagBag from /home/airflow/.local/lib/python3.12/site-packages/airflow/example_dags/tutorial_dag.py
[2024-09-22T11:03:26.305+0000] {processor.py:925} INFO - DAG(s) 'tutorial_dag' retrieved from /home/airflow/.local/lib/python3.12/site-packages/airflow/example_dags/tutorial_dag.py
[2024-09-22T11:03:27.532+0000] {logging_mixin.py:190} INFO - [2024-09-22T11:03:27.527+0000] {override.py:1900} INFO - Created Permission View: can read on DAG:tutorial_dag
[2024-09-22T11:03:27.557+0000] {logging_mixin.py:190} INFO - [2024-09-22T11:03:27.557+0000] {override.py:1900} INFO - Created Permission View: can edit on DAG:tutorial_dag
[2024-09-22T11:03:27.580+0000] {logging_mixin.py:190} INFO - [2024-09-22T11:03:27.579+0000] {override.py:1900} INFO - Created Permission View: can delete on DAG:tutorial_dag
[2024-09-22T11:03:27.634+0000] {logging_mixin.py:190} INFO - [2024-09-22T11:03:27.633+0000] {override.py:1900} INFO - Created Permission View: can read on DAG Run:tutorial_dag
[2024-09-22T11:03:27.651+0000] {logging_mixin.py:190} INFO - [2024-09-22T11:03:27.650+0000] {override.py:1900} INFO - Created Permission View: menu access on DAG Run:tutorial_dag
[2024-09-22T11:03:27.665+0000] {logging_mixin.py:190} INFO - [2024-09-22T11:03:27.664+0000] {override.py:1900} INFO - Created Permission View: can create on DAG Run:tutorial_dag
[2024-09-22T11:03:27.685+0000] {logging_mixin.py:190} INFO - [2024-09-22T11:03:27.684+0000] {override.py:1900} INFO - Created Permission View: can delete on DAG Run:tutorial_dag
[2024-09-22T11:03:27.686+0000] {logging_mixin.py:190} INFO - [2024-09-22T11:03:27.686+0000] {dag.py:3239} INFO - Sync 1 DAGs
[2024-09-22T11:03:27.778+0000] {logging_mixin.py:190} INFO - [2024-09-22T11:03:27.778+0000] {dag.py:3262} INFO - Creating ORM DAG for tutorial_dag
[2024-09-22T11:03:27.803+0000] {logging_mixin.py:190} INFO - [2024-09-22T11:03:27.803+0000] {dag.py:4180} INFO - Setting next_dagrun for tutorial_dag to None, run_after=None
[2024-09-22T11:03:27.891+0000] {processor.py:208} INFO - Processing /home/airflow/.local/lib/python3.12/site-packages/airflow/example_dags/tutorial_dag.py took 1.841 seconds
[2024-09-22T11:04:40.734+0000] {processor.py:186} INFO - Started process (PID=131) to work on /home/airflow/.local/lib/python3.12/site-packages/airflow/example_dags/tutorial_dag.py
[2024-09-22T11:04:40.742+0000] {processor.py:914} INFO - Processing file /home/airflow/.local/lib/python3.12/site-packages/airflow/example_dags/tutorial_dag.py for tasks to queue
[2024-09-22T11:04:40.756+0000] {logging_mixin.py:190} INFO - [2024-09-22T11:04:40.753+0000] {dagbag.py:588} INFO - Filling up the DagBag from /home/airflow/.local/lib/python3.12/site-packages/airflow/example_dags/tutorial_dag.py
[2024-09-22T11:04:40.804+0000] {processor.py:925} INFO - DAG(s) 'tutorial_dag' retrieved from /home/airflow/.local/lib/python3.12/site-packages/airflow/example_dags/tutorial_dag.py
[2024-09-22T11:04:40.937+0000] {logging_mixin.py:190} INFO - [2024-09-22T11:04:40.936+0000] {dag.py:3239} INFO - Sync 1 DAGs
[2024-09-22T11:04:40.998+0000] {logging_mixin.py:190} INFO - [2024-09-22T11:04:40.997+0000] {dag.py:4180} INFO - Setting next_dagrun for tutorial_dag to None, run_after=None
[2024-09-22T11:04:41.083+0000] {processor.py:208} INFO - Processing /home/airflow/.local/lib/python3.12/site-packages/airflow/example_dags/tutorial_dag.py took 0.360 seconds
[2024-09-22T11:05:12.089+0000] {processor.py:186} INFO - Started process (PID=191) to work on /home/airflow/.local/lib/python3.12/site-packages/airflow/example_dags/tutorial_dag.py
[2024-09-22T11:05:12.092+0000] {processor.py:914} INFO - Processing file /home/airflow/.local/lib/python3.12/site-packages/airflow/example_dags/tutorial_dag.py for tasks to queue
[2024-09-22T11:05:12.103+0000] {logging_mixin.py:190} INFO - [2024-09-22T11:05:12.102+0000] {dagbag.py:588} INFO - Filling up the DagBag from /home/airflow/.local/lib/python3.12/site-packages/airflow/example_dags/tutorial_dag.py
[2024-09-22T11:05:12.118+0000] {processor.py:925} INFO - DAG(s) 'tutorial_dag' retrieved from /home/airflow/.local/lib/python3.12/site-packages/airflow/example_dags/tutorial_dag.py
[2024-09-22T11:05:12.202+0000] {logging_mixin.py:190} INFO - [2024-09-22T11:05:12.201+0000] {dag.py:3239} INFO - Sync 1 DAGs
[2024-09-22T11:05:12.247+0000] {logging_mixin.py:190} INFO - [2024-09-22T11:05:12.247+0000] {dag.py:4180} INFO - Setting next_dagrun for tutorial_dag to None, run_after=None
[2024-09-22T11:05:12.368+0000] {processor.py:208} INFO - Processing /home/airflow/.local/lib/python3.12/site-packages/airflow/example_dags/tutorial_dag.py took 0.295 seconds
[2024-09-22T11:05:42.739+0000] {processor.py:186} INFO - Started process (PID=253) to work on /home/airflow/.local/lib/python3.12/site-packages/airflow/example_dags/tutorial_dag.py
[2024-09-22T11:05:42.758+0000] {processor.py:914} INFO - Processing file /home/airflow/.local/lib/python3.12/site-packages/airflow/example_dags/tutorial_dag.py for tasks to queue
[2024-09-22T11:05:42.780+0000] {logging_mixin.py:190} INFO - [2024-09-22T11:05:42.779+0000] {dagbag.py:588} INFO - Filling up the DagBag from /home/airflow/.local/lib/python3.12/site-packages/airflow/example_dags/tutorial_dag.py
[2024-09-22T11:05:42.821+0000] {processor.py:925} INFO - DAG(s) 'tutorial_dag' retrieved from /home/airflow/.local/lib/python3.12/site-packages/airflow/example_dags/tutorial_dag.py
[2024-09-22T11:05:42.898+0000] {logging_mixin.py:190} INFO - [2024-09-22T11:05:42.897+0000] {dag.py:3239} INFO - Sync 1 DAGs
[2024-09-22T11:05:42.956+0000] {logging_mixin.py:190} INFO - [2024-09-22T11:05:42.954+0000] {dag.py:4180} INFO - Setting next_dagrun for tutorial_dag to None, run_after=None
[2024-09-22T11:05:43.106+0000] {processor.py:208} INFO - Processing /home/airflow/.local/lib/python3.12/site-packages/airflow/example_dags/tutorial_dag.py took 0.372 seconds
[2024-09-22T11:06:13.547+0000] {processor.py:186} INFO - Started process (PID=315) to work on /home/airflow/.local/lib/python3.12/site-packages/airflow/example_dags/tutorial_dag.py
[2024-09-22T11:06:13.549+0000] {processor.py:914} INFO - Processing file /home/airflow/.local/lib/python3.12/site-packages/airflow/example_dags/tutorial_dag.py for tasks to queue
[2024-09-22T11:06:13.559+0000] {logging_mixin.py:190} INFO - [2024-09-22T11:06:13.558+0000] {dagbag.py:588} INFO - Filling up the DagBag from /home/airflow/.local/lib/python3.12/site-packages/airflow/example_dags/tutorial_dag.py
[2024-09-22T11:06:13.578+0000] {processor.py:925} INFO - DAG(s) 'tutorial_dag' retrieved from /home/airflow/.local/lib/python3.12/site-packages/airflow/example_dags/tutorial_dag.py
[2024-09-22T11:06:13.624+0000] {logging_mixin.py:190} INFO - [2024-09-22T11:06:13.623+0000] {dag.py:3239} INFO - Sync 1 DAGs
[2024-09-22T11:06:13.655+0000] {logging_mixin.py:190} INFO - [2024-09-22T11:06:13.655+0000] {dag.py:4180} INFO - Setting next_dagrun for tutorial_dag to None, run_after=None
[2024-09-22T11:06:13.672+0000] {processor.py:208} INFO - Processing /home/airflow/.local/lib/python3.12/site-packages/airflow/example_dags/tutorial_dag.py took 0.134 seconds
[2024-09-22T11:06:46.668+0000] {processor.py:186} INFO - Started process (PID=378) to work on /home/airflow/.local/lib/python3.12/site-packages/airflow/example_dags/tutorial_dag.py
[2024-09-22T11:06:46.677+0000] {processor.py:914} INFO - Processing file /home/airflow/.local/lib/python3.12/site-packages/airflow/example_dags/tutorial_dag.py for tasks to queue
[2024-09-22T11:06:46.706+0000] {logging_mixin.py:190} INFO - [2024-09-22T11:06:46.700+0000] {dagbag.py:588} INFO - Filling up the DagBag from /home/airflow/.local/lib/python3.12/site-packages/airflow/example_dags/tutorial_dag.py
[2024-09-22T11:06:46.863+0000] {processor.py:925} INFO - DAG(s) 'tutorial_dag' retrieved from /home/airflow/.local/lib/python3.12/site-packages/airflow/example_dags/tutorial_dag.py
[2024-09-22T11:06:47.129+0000] {logging_mixin.py:190} INFO - [2024-09-22T11:06:47.125+0000] {dag.py:3239} INFO - Sync 1 DAGs
[2024-09-22T11:06:47.197+0000] {logging_mixin.py:190} INFO - [2024-09-22T11:06:47.197+0000] {dag.py:4180} INFO - Setting next_dagrun for tutorial_dag to None, run_after=None
[2024-09-22T11:06:47.315+0000] {processor.py:208} INFO - Processing /home/airflow/.local/lib/python3.12/site-packages/airflow/example_dags/tutorial_dag.py took 0.733 seconds
[2024-09-22T11:07:20.813+0000] {processor.py:186} INFO - Started process (PID=440) to work on /home/airflow/.local/lib/python3.12/site-packages/airflow/example_dags/tutorial_dag.py
[2024-09-22T11:07:20.825+0000] {processor.py:914} INFO - Processing file /home/airflow/.local/lib/python3.12/site-packages/airflow/example_dags/tutorial_dag.py for tasks to queue
[2024-09-22T11:07:20.852+0000] {logging_mixin.py:190} INFO - [2024-09-22T11:07:20.851+0000] {dagbag.py:588} INFO - Filling up the DagBag from /home/airflow/.local/lib/python3.12/site-packages/airflow/example_dags/tutorial_dag.py
[2024-09-22T11:07:20.904+0000] {processor.py:925} INFO - DAG(s) 'tutorial_dag' retrieved from /home/airflow/.local/lib/python3.12/site-packages/airflow/example_dags/tutorial_dag.py
[2024-09-22T11:07:21.118+0000] {logging_mixin.py:190} INFO - [2024-09-22T11:07:21.118+0000] {dag.py:3239} INFO - Sync 1 DAGs
[2024-09-22T11:07:21.194+0000] {logging_mixin.py:190} INFO - [2024-09-22T11:07:21.193+0000] {dag.py:4180} INFO - Setting next_dagrun for tutorial_dag to None, run_after=None
[2024-09-22T11:07:21.247+0000] {processor.py:208} INFO - Processing /home/airflow/.local/lib/python3.12/site-packages/airflow/example_dags/tutorial_dag.py took 0.482 seconds
